{"C:\\workspace\\sampleapp\\App.js": {"path":"C:\\workspace\\sampleapp\\App.js","statementMap":{"0":{"start":{"line":1,"column":13},"end":{"line":1,"column":75}},"1":{"start":{"line":1,"column":75},"end":{"line":1,"column":97}},"2":{"start":{"line":1,"column":109},"end":{"line":1,"column":150}},"3":{"start":{"line":2,"column":14},"end":{"line":2,"column":49}},"4":{"start":{"line":3,"column":13},"end":{"line":3,"column":62}},"5":{"start":{"line":4,"column":13},"end":{"line":4,"column":47}},"6":{"start":{"line":5,"column":14},"end":{"line":5,"column":66}},"7":{"start":{"line":6,"column":14},"end":{"line":6,"column":64}},"8":{"start":{"line":7,"column":22},"end":{"line":7,"column":80}},"9":{"start":{"line":7,"column":100},"end":{"line":7,"column":134}},"10":{"start":{"line":7,"column":173},"end":{"line":7,"column":227}},"11":{"start":{"line":7,"column":276},"end":{"line":7,"column":323}},"12":{"start":{"line":7,"column":311},"end":{"line":7,"column":323}},"13":{"start":{"line":7,"column":347},"end":{"line":7,"column":360}},"14":{"start":{"line":7,"column":384},"end":{"line":7,"column":397}},"15":{"start":{"line":7,"column":398},"end":{"line":7,"column":555}},"16":{"start":{"line":7,"column":481},"end":{"line":7,"column":539}},"17":{"start":{"line":7,"column":608},"end":{"line":7,"column":664}},"18":{"start":{"line":7,"column":652},"end":{"line":7,"column":663}},"19":{"start":{"line":7,"column":664},"end":{"line":7,"column":764}},"20":{"start":{"line":7,"column":739},"end":{"line":7,"column":763}},"21":{"start":{"line":7,"column":776},"end":{"line":7,"column":813}},"22":{"start":{"line":7,"column":814},"end":{"line":7,"column":867}},"23":{"start":{"line":7,"column":844},"end":{"line":7,"column":866}},"24":{"start":{"line":7,"column":880},"end":{"line":7,"column":882}},"25":{"start":{"line":7,"column":911},"end":{"line":7,"column":967}},"26":{"start":{"line":7,"column":968},"end":{"line":7,"column":1260}},"27":{"start":{"line":7,"column":990},"end":{"line":7,"column":1259}},"28":{"start":{"line":7,"column":1075},"end":{"line":7,"column":1147}},"29":{"start":{"line":7,"column":1148},"end":{"line":7,"column":1258}},"30":{"start":{"line":7,"column":1185},"end":{"line":7,"column":1226}},"31":{"start":{"line":7,"column":1234},"end":{"line":7,"column":1257}},"32":{"start":{"line":7,"column":1260},"end":{"line":7,"column":1281}},"33":{"start":{"line":7,"column":1281},"end":{"line":7,"column":1317}},"34":{"start":{"line":7,"column":1293},"end":{"line":7,"column":1316}},"35":{"start":{"line":7,"column":1317},"end":{"line":7,"column":1331}},"36":{"start":{"line":9,"column":12},"end":{"line":9,"column":46}},"37":{"start":{"line":11,"column":2},"end":{"line":22,"column":144}},"38":{"start":{"line":13,"column":87},"end":{"line":13,"column":99}}},"fnMap":{"0":{"name":"_interopRequireDefault","decl":{"start":{"line":7,"column":144},"end":{"line":7,"column":166}},"loc":{"start":{"line":7,"column":172},"end":{"line":7,"column":228}},"line":7},"1":{"name":"_getRequireWildcardCache","decl":{"start":{"line":7,"column":237},"end":{"line":7,"column":261}},"loc":{"start":{"line":7,"column":275},"end":{"line":7,"column":556}},"line":7},"2":{"name":"_getRequireWildcardCache","decl":{"start":{"line":7,"column":442},"end":{"line":7,"column":466}},"loc":{"start":{"line":7,"column":480},"end":{"line":7,"column":540}},"line":7},"3":{"name":"_interopRequireWildcard","decl":{"start":{"line":7,"column":565},"end":{"line":7,"column":588}},"loc":{"start":{"line":7,"column":607},"end":{"line":7,"column":1332}},"line":7},"4":{"name":"App","decl":{"start":{"line":10,"column":9},"end":{"line":10,"column":12}},"loc":{"start":{"line":10,"column":15},"end":{"line":29,"column":1}},"line":10},"5":{"name":"header","decl":{"start":{"line":13,"column":77},"end":{"line":13,"column":83}},"loc":{"start":{"line":13,"column":86},"end":{"line":13,"column":100}},"line":13}},"branchMap":{"0":{"loc":{"start":{"line":7,"column":180},"end":{"line":7,"column":226}},"type":"cond-expr","locations":[{"start":{"line":7,"column":204},"end":{"line":7,"column":207}},{"start":{"line":7,"column":210},"end":{"line":7,"column":226}}],"line":7},"1":{"loc":{"start":{"line":7,"column":180},"end":{"line":7,"column":201}},"type":"binary-expr","locations":[{"start":{"line":7,"column":180},"end":{"line":7,"column":183}},{"start":{"line":7,"column":187},"end":{"line":7,"column":201}}],"line":7},"2":{"loc":{"start":{"line":7,"column":276},"end":{"line":7,"column":323}},"type":"if","locations":[{"start":{"line":7,"column":276},"end":{"line":7,"column":323}},{"start":{},"end":{}}],"line":7},"3":{"loc":{"start":{"line":7,"column":488},"end":{"line":7,"column":538}},"type":"cond-expr","locations":[{"start":{"line":7,"column":502},"end":{"line":7,"column":518}},{"start":{"line":7,"column":521},"end":{"line":7,"column":538}}],"line":7},"4":{"loc":{"start":{"line":7,"column":608},"end":{"line":7,"column":664}},"type":"if","locations":[{"start":{"line":7,"column":608},"end":{"line":7,"column":664}},{"start":{},"end":{}}],"line":7},"5":{"loc":{"start":{"line":7,"column":612},"end":{"line":7,"column":649}},"type":"binary-expr","locations":[{"start":{"line":7,"column":612},"end":{"line":7,"column":624}},{"start":{"line":7,"column":628},"end":{"line":7,"column":631}},{"start":{"line":7,"column":635},"end":{"line":7,"column":649}}],"line":7},"6":{"loc":{"start":{"line":7,"column":664},"end":{"line":7,"column":764}},"type":"if","locations":[{"start":{"line":7,"column":664},"end":{"line":7,"column":764}},{"start":{},"end":{}}],"line":7},"7":{"loc":{"start":{"line":7,"column":668},"end":{"line":7,"column":736}},"type":"binary-expr","locations":[{"start":{"line":7,"column":668},"end":{"line":7,"column":680}},{"start":{"line":7,"column":684},"end":{"line":7,"column":707}},{"start":{"line":7,"column":711},"end":{"line":7,"column":736}}],"line":7},"8":{"loc":{"start":{"line":7,"column":814},"end":{"line":7,"column":867}},"type":"if","locations":[{"start":{"line":7,"column":814},"end":{"line":7,"column":867}},{"start":{},"end":{}}],"line":7},"9":{"loc":{"start":{"line":7,"column":818},"end":{"line":7,"column":841}},"type":"binary-expr","locations":[{"start":{"line":7,"column":818},"end":{"line":7,"column":823}},{"start":{"line":7,"column":827},"end":{"line":7,"column":841}}],"line":7},"10":{"loc":{"start":{"line":7,"column":911},"end":{"line":7,"column":967}},"type":"binary-expr","locations":[{"start":{"line":7,"column":911},"end":{"line":7,"column":932}},{"start":{"line":7,"column":936},"end":{"line":7,"column":967}}],"line":7},"11":{"loc":{"start":{"line":7,"column":990},"end":{"line":7,"column":1259}},"type":"if","locations":[{"start":{"line":7,"column":990},"end":{"line":7,"column":1259}},{"start":{},"end":{}}],"line":7},"12":{"loc":{"start":{"line":7,"column":994},"end":{"line":7,"column":1061}},"type":"binary-expr","locations":[{"start":{"line":7,"column":994},"end":{"line":7,"column":1011}},{"start":{"line":7,"column":1015},"end":{"line":7,"column":1061}}],"line":7},"13":{"loc":{"start":{"line":7,"column":1075},"end":{"line":7,"column":1147}},"type":"cond-expr","locations":[{"start":{"line":7,"column":1099},"end":{"line":7,"column":1140}},{"start":{"line":7,"column":1143},"end":{"line":7,"column":1147}}],"line":7},"14":{"loc":{"start":{"line":7,"column":1148},"end":{"line":7,"column":1258}},"type":"if","locations":[{"start":{"line":7,"column":1148},"end":{"line":7,"column":1258}},{"start":{"line":7,"column":1233},"end":{"line":7,"column":1258}}],"line":7},"15":{"loc":{"start":{"line":7,"column":1152},"end":{"line":7,"column":1182}},"type":"binary-expr","locations":[{"start":{"line":7,"column":1152},"end":{"line":7,"column":1156}},{"start":{"line":7,"column":1161},"end":{"line":7,"column":1169}},{"start":{"line":7,"column":1173},"end":{"line":7,"column":1181}}],"line":7},"16":{"loc":{"start":{"line":7,"column":1281},"end":{"line":7,"column":1317}},"type":"if","locations":[{"start":{"line":7,"column":1281},"end":{"line":7,"column":1317}},{"start":{},"end":{}}],"line":7}},"s":{"0":1,"1":1,"2":1,"3":1,"4":1,"5":1,"6":1,"7":1,"8":1,"9":1,"10":4,"11":1,"12":0,"13":1,"14":1,"15":1,"16":1,"17":1,"18":0,"19":1,"20":0,"21":1,"22":1,"23":0,"24":1,"25":1,"26":1,"27":28,"28":28,"29":28,"30":0,"31":28,"32":1,"33":1,"34":1,"35":1,"36":1,"37":2,"38":0},"f":{"0":4,"1":1,"2":1,"3":1,"4":2,"5":0},"b":{"0":[4,0],"1":[4,4],"2":[0,1],"3":[0,1],"4":[0,1],"5":[1,1,1],"6":[0,1],"7":[1,1,0],"8":[0,1],"9":[1,1],"10":[1,1],"11":[28,0],"12":[28,28],"13":[28,0],"14":[0,28],"15":[28,28,28],"16":[1,0]},"inputSourceMap":null,"_coverageSchema":"1a1c01bbd47fc00a2c39e90264f33305004495a9","hash":"7f9e57760c9713a9da1a7acc87f9ae38b40fae69"}
,"C:\\workspace\\sampleapp\\constant\\Colors.js": {"path":"C:\\workspace\\sampleapp\\constant\\Colors.js","statementMap":{"0":{"start":{"line":1,"column":13},"end":{"line":1,"column":75}},"1":{"start":{"line":1,"column":75},"end":{"line":1,"column":100}},"2":{"start":{"line":1,"column":115},"end":{"line":9,"column":14}},"3":{"start":{"line":9,"column":15},"end":{"line":9,"column":42}}},"fnMap":{},"branchMap":{},"s":{"0":4,"1":4,"2":4,"3":4},"f":{},"b":{},"inputSourceMap":null,"_coverageSchema":"1a1c01bbd47fc00a2c39e90264f33305004495a9","hash":"fb87fe21a2b1a7915e0ae5c86b3854980925abe5"}
,"C:\\workspace\\sampleapp\\screen\\Forgotpassword.js": {"path":"C:\\workspace\\sampleapp\\screen\\Forgotpassword.js","statementMap":{"0":{"start":{"line":1,"column":13},"end":{"line":1,"column":75}},"1":{"start":{"line":1,"column":75},"end":{"line":1,"column":100}},"2":{"start":{"line":1,"column":119},"end":{"line":1,"column":142}},"3":{"start":{"line":2,"column":13},"end":{"line":2,"column":54}},"4":{"start":{"line":3,"column":16},"end":{"line":3,"column":85}},"5":{"start":{"line":4,"column":14},"end":{"line":4,"column":67}},"6":{"start":{"line":4,"column":80},"end":{"line":4,"column":84}},"7":{"start":{"line":4,"column":100},"end":{"line":4,"column":153}},"8":{"start":{"line":4,"column":192},"end":{"line":4,"column":246}},"9":{"start":{"line":4,"column":295},"end":{"line":4,"column":342}},"10":{"start":{"line":4,"column":330},"end":{"line":4,"column":342}},"11":{"start":{"line":4,"column":366},"end":{"line":4,"column":379}},"12":{"start":{"line":4,"column":403},"end":{"line":4,"column":416}},"13":{"start":{"line":4,"column":417},"end":{"line":4,"column":574}},"14":{"start":{"line":4,"column":500},"end":{"line":4,"column":558}},"15":{"start":{"line":4,"column":627},"end":{"line":4,"column":683}},"16":{"start":{"line":4,"column":671},"end":{"line":4,"column":682}},"17":{"start":{"line":4,"column":683},"end":{"line":4,"column":783}},"18":{"start":{"line":4,"column":758},"end":{"line":4,"column":782}},"19":{"start":{"line":4,"column":795},"end":{"line":4,"column":832}},"20":{"start":{"line":4,"column":833},"end":{"line":4,"column":886}},"21":{"start":{"line":4,"column":863},"end":{"line":4,"column":885}},"22":{"start":{"line":4,"column":899},"end":{"line":4,"column":901}},"23":{"start":{"line":4,"column":930},"end":{"line":4,"column":986}},"24":{"start":{"line":4,"column":987},"end":{"line":4,"column":1279}},"25":{"start":{"line":4,"column":1009},"end":{"line":4,"column":1278}},"26":{"start":{"line":4,"column":1094},"end":{"line":4,"column":1166}},"27":{"start":{"line":4,"column":1167},"end":{"line":4,"column":1277}},"28":{"start":{"line":4,"column":1204},"end":{"line":4,"column":1245}},"29":{"start":{"line":4,"column":1253},"end":{"line":4,"column":1276}},"30":{"start":{"line":4,"column":1279},"end":{"line":4,"column":1300}},"31":{"start":{"line":4,"column":1300},"end":{"line":4,"column":1336}},"32":{"start":{"line":4,"column":1312},"end":{"line":4,"column":1335}},"33":{"start":{"line":4,"column":1336},"end":{"line":4,"column":1350}},"34":{"start":{"line":4,"column":1384},"end":{"line":4,"column":1506}},"35":{"start":{"line":4,"column":1536},"end":{"line":4,"column":1697}},"36":{"start":{"line":4,"column":1747},"end":{"line":4,"column":1762}},"37":{"start":{"line":4,"column":1755},"end":{"line":4,"column":1762}},"38":{"start":{"line":4,"column":1762},"end":{"line":4,"column":1825}},"39":{"start":{"line":4,"column":1789},"end":{"line":4,"column":1825}},"40":{"start":{"line":4,"column":1833},"end":{"line":4,"column":1879}},"41":{"start":{"line":4,"column":1880},"end":{"line":4,"column":1940}},"42":{"start":{"line":4,"column":1917},"end":{"line":4,"column":1940}},"43":{"start":{"line":4,"column":1940},"end":{"line":4,"column":1993}},"44":{"start":{"line":4,"column":1972},"end":{"line":4,"column":1993}},"45":{"start":{"line":4,"column":1993},"end":{"line":4,"column":2106}},"46":{"start":{"line":4,"column":2070},"end":{"line":4,"column":2106}},"47":{"start":{"line":4,"column":2145},"end":{"line":4,"column":2199}},"48":{"start":{"line":4,"column":2182},"end":{"line":4,"column":2199}},"49":{"start":{"line":4,"column":2199},"end":{"line":4,"column":2271}},"50":{"start":{"line":4,"column":2212},"end":{"line":4,"column":2213}},"51":{"start":{"line":4,"column":2222},"end":{"line":4,"column":2236}},"52":{"start":{"line":4,"column":2253},"end":{"line":4,"column":2270}},"53":{"start":{"line":4,"column":2271},"end":{"line":4,"column":2283}},"54":{"start":{"line":4,"column":2333},"end":{"line":4,"column":2428}},"55":{"start":{"line":4,"column":2429},"end":{"line":4,"column":2452}},"56":{"start":{"line":4,"column":2445},"end":{"line":4,"column":2452}},"57":{"start":{"line":4,"column":2463},"end":{"line":4,"column":2465}},"58":{"start":{"line":4,"column":2475},"end":{"line":4,"column":2479}},"59":{"start":{"line":4,"column":2489},"end":{"line":4,"column":2494}},"60":{"start":{"line":4,"column":2506},"end":{"line":4,"column":2761}},"61":{"start":{"line":4,"column":2511},"end":{"line":4,"column":2633}},"62":{"start":{"line":4,"column":2578},"end":{"line":4,"column":2598}},"63":{"start":{"line":4,"column":2598},"end":{"line":4,"column":2632}},"64":{"start":{"line":4,"column":2626},"end":{"line":4,"column":2632}},"65":{"start":{"line":4,"column":2648},"end":{"line":4,"column":2658}},"66":{"start":{"line":4,"column":2658},"end":{"line":4,"column":2667}},"67":{"start":{"line":4,"column":2678},"end":{"line":4,"column":2760}},"68":{"start":{"line":4,"column":2683},"end":{"line":4,"column":2731}},"69":{"start":{"line":4,"column":2716},"end":{"line":4,"column":2731}},"70":{"start":{"line":4,"column":2742},"end":{"line":4,"column":2759}},"71":{"start":{"line":4,"column":2750},"end":{"line":4,"column":2759}},"72":{"start":{"line":4,"column":2761},"end":{"line":4,"column":2773}},"73":{"start":{"line":4,"column":2805},"end":{"line":4,"column":2840}},"74":{"start":{"line":4,"column":2829},"end":{"line":4,"column":2840}},"75":{"start":{"line":5,"column":21},"end":{"line":63,"column":1}},"76":{"start":{"line":5,"column":69},"end":{"line":5,"column":84}},"77":{"start":{"line":7,"column":18},"end":{"line":7,"column":42}},"78":{"start":{"line":7,"column":56},"end":{"line":7,"column":84}},"79":{"start":{"line":7,"column":102},"end":{"line":7,"column":115}},"80":{"start":{"line":7,"column":136},"end":{"line":7,"column":149}},"81":{"start":{"line":8,"column":19},"end":{"line":8,"column":45}},"82":{"start":{"line":8,"column":59},"end":{"line":8,"column":88}},"83":{"start":{"line":8,"column":108},"end":{"line":8,"column":121}},"84":{"start":{"line":8,"column":144},"end":{"line":8,"column":157}},"85":{"start":{"line":9,"column":19},"end":{"line":9,"column":43}},"86":{"start":{"line":9,"column":57},"end":{"line":9,"column":86}},"87":{"start":{"line":9,"column":114},"end":{"line":9,"column":127}},"88":{"start":{"line":9,"column":158},"end":{"line":9,"column":171}},"89":{"start":{"line":11,"column":29},"end":{"line":27,"column":3}},"90":{"start":{"line":12,"column":14},"end":{"line":12,"column":59}},"91":{"start":{"line":13,"column":4},"end":{"line":25,"column":5}},"92":{"start":{"line":14,"column":6},"end":{"line":14,"column":65}},"93":{"start":{"line":15,"column":6},"end":{"line":15,"column":33}},"94":{"start":{"line":16,"column":6},"end":{"line":16,"column":19}},"95":{"start":{"line":17,"column":11},"end":{"line":25,"column":5}},"96":{"start":{"line":18,"column":6},"end":{"line":18,"column":63}},"97":{"start":{"line":19,"column":6},"end":{"line":19,"column":33}},"98":{"start":{"line":20,"column":6},"end":{"line":20,"column":19}},"99":{"start":{"line":22,"column":6},"end":{"line":22,"column":38}},"100":{"start":{"line":23,"column":6},"end":{"line":23,"column":32}},"101":{"start":{"line":24,"column":6},"end":{"line":24,"column":18}},"102":{"start":{"line":28,"column":2},"end":{"line":58,"column":204}},"103":{"start":{"line":51,"column":119},"end":{"line":51,"column":178}},"104":{"start":{"line":51,"column":148},"end":{"line":51,"column":177}},"105":{"start":{"line":57,"column":95},"end":{"line":57,"column":124}},"106":{"start":{"line":65,"column":13},"end":{"line":121,"column":44}},"107":{"start":{"line":125,"column":0},"end":{"line":125,"column":14}},"108":{"start":{"line":125,"column":15},"end":{"line":125,"column":42}}},"fnMap":{"0":{"name":"_interopRequireDefault","decl":{"start":{"line":4,"column":163},"end":{"line":4,"column":185}},"loc":{"start":{"line":4,"column":191},"end":{"line":4,"column":247}},"line":4},"1":{"name":"_getRequireWildcardCache","decl":{"start":{"line":4,"column":256},"end":{"line":4,"column":280}},"loc":{"start":{"line":4,"column":294},"end":{"line":4,"column":575}},"line":4},"2":{"name":"_getRequireWildcardCache","decl":{"start":{"line":4,"column":461},"end":{"line":4,"column":485}},"loc":{"start":{"line":4,"column":499},"end":{"line":4,"column":559}},"line":4},"3":{"name":"_interopRequireWildcard","decl":{"start":{"line":4,"column":584},"end":{"line":4,"column":607}},"loc":{"start":{"line":4,"column":626},"end":{"line":4,"column":1351}},"line":4},"4":{"name":"_slicedToArray","decl":{"start":{"line":4,"column":1360},"end":{"line":4,"column":1374}},"loc":{"start":{"line":4,"column":1383},"end":{"line":4,"column":1507}},"line":4},"5":{"name":"_nonIterableRest","decl":{"start":{"line":4,"column":1516},"end":{"line":4,"column":1532}},"loc":{"start":{"line":4,"column":1535},"end":{"line":4,"column":1698}},"line":4},"6":{"name":"_unsupportedIterableToArray","decl":{"start":{"line":4,"column":1707},"end":{"line":4,"column":1734}},"loc":{"start":{"line":4,"column":1746},"end":{"line":4,"column":2107}},"line":4},"7":{"name":"_arrayLikeToArray","decl":{"start":{"line":4,"column":2116},"end":{"line":4,"column":2133}},"loc":{"start":{"line":4,"column":2144},"end":{"line":4,"column":2284}},"line":4},"8":{"name":"_iterableToArrayLimit","decl":{"start":{"line":4,"column":2293},"end":{"line":4,"column":2314}},"loc":{"start":{"line":4,"column":2323},"end":{"line":4,"column":2774}},"line":4},"9":{"name":"_arrayWithHoles","decl":{"start":{"line":4,"column":2783},"end":{"line":4,"column":2798}},"loc":{"start":{"line":4,"column":2804},"end":{"line":4,"column":2841}},"line":4},"10":{"name":"Forgotpassword","decl":{"start":{"line":5,"column":30},"end":{"line":5,"column":44}},"loc":{"start":{"line":5,"column":51},"end":{"line":63,"column":1}},"line":5},"11":{"name":"handleForgotPassword","decl":{"start":{"line":11,"column":38},"end":{"line":11,"column":58}},"loc":{"start":{"line":11,"column":61},"end":{"line":27,"column":3}},"line":11},"12":{"name":"onPress","decl":{"start":{"line":51,"column":108},"end":{"line":51,"column":115}},"loc":{"start":{"line":51,"column":118},"end":{"line":51,"column":179}},"line":51},"13":{"name":"onPress","decl":{"start":{"line":57,"column":84},"end":{"line":57,"column":91}},"loc":{"start":{"line":57,"column":94},"end":{"line":57,"column":125}},"line":57}},"branchMap":{"0":{"loc":{"start":{"line":4,"column":199},"end":{"line":4,"column":245}},"type":"cond-expr","locations":[{"start":{"line":4,"column":223},"end":{"line":4,"column":226}},{"start":{"line":4,"column":229},"end":{"line":4,"column":245}}],"line":4},"1":{"loc":{"start":{"line":4,"column":199},"end":{"line":4,"column":220}},"type":"binary-expr","locations":[{"start":{"line":4,"column":199},"end":{"line":4,"column":202}},{"start":{"line":4,"column":206},"end":{"line":4,"column":220}}],"line":4},"2":{"loc":{"start":{"line":4,"column":295},"end":{"line":4,"column":342}},"type":"if","locations":[{"start":{"line":4,"column":295},"end":{"line":4,"column":342}},{"start":{},"end":{}}],"line":4},"3":{"loc":{"start":{"line":4,"column":507},"end":{"line":4,"column":557}},"type":"cond-expr","locations":[{"start":{"line":4,"column":521},"end":{"line":4,"column":537}},{"start":{"line":4,"column":540},"end":{"line":4,"column":557}}],"line":4},"4":{"loc":{"start":{"line":4,"column":627},"end":{"line":4,"column":683}},"type":"if","locations":[{"start":{"line":4,"column":627},"end":{"line":4,"column":683}},{"start":{},"end":{}}],"line":4},"5":{"loc":{"start":{"line":4,"column":631},"end":{"line":4,"column":668}},"type":"binary-expr","locations":[{"start":{"line":4,"column":631},"end":{"line":4,"column":643}},{"start":{"line":4,"column":647},"end":{"line":4,"column":650}},{"start":{"line":4,"column":654},"end":{"line":4,"column":668}}],"line":4},"6":{"loc":{"start":{"line":4,"column":683},"end":{"line":4,"column":783}},"type":"if","locations":[{"start":{"line":4,"column":683},"end":{"line":4,"column":783}},{"start":{},"end":{}}],"line":4},"7":{"loc":{"start":{"line":4,"column":687},"end":{"line":4,"column":755}},"type":"binary-expr","locations":[{"start":{"line":4,"column":687},"end":{"line":4,"column":699}},{"start":{"line":4,"column":703},"end":{"line":4,"column":726}},{"start":{"line":4,"column":730},"end":{"line":4,"column":755}}],"line":4},"8":{"loc":{"start":{"line":4,"column":833},"end":{"line":4,"column":886}},"type":"if","locations":[{"start":{"line":4,"column":833},"end":{"line":4,"column":886}},{"start":{},"end":{}}],"line":4},"9":{"loc":{"start":{"line":4,"column":837},"end":{"line":4,"column":860}},"type":"binary-expr","locations":[{"start":{"line":4,"column":837},"end":{"line":4,"column":842}},{"start":{"line":4,"column":846},"end":{"line":4,"column":860}}],"line":4},"10":{"loc":{"start":{"line":4,"column":930},"end":{"line":4,"column":986}},"type":"binary-expr","locations":[{"start":{"line":4,"column":930},"end":{"line":4,"column":951}},{"start":{"line":4,"column":955},"end":{"line":4,"column":986}}],"line":4},"11":{"loc":{"start":{"line":4,"column":1009},"end":{"line":4,"column":1278}},"type":"if","locations":[{"start":{"line":4,"column":1009},"end":{"line":4,"column":1278}},{"start":{},"end":{}}],"line":4},"12":{"loc":{"start":{"line":4,"column":1013},"end":{"line":4,"column":1080}},"type":"binary-expr","locations":[{"start":{"line":4,"column":1013},"end":{"line":4,"column":1030}},{"start":{"line":4,"column":1034},"end":{"line":4,"column":1080}}],"line":4},"13":{"loc":{"start":{"line":4,"column":1094},"end":{"line":4,"column":1166}},"type":"cond-expr","locations":[{"start":{"line":4,"column":1118},"end":{"line":4,"column":1159}},{"start":{"line":4,"column":1162},"end":{"line":4,"column":1166}}],"line":4},"14":{"loc":{"start":{"line":4,"column":1167},"end":{"line":4,"column":1277}},"type":"if","locations":[{"start":{"line":4,"column":1167},"end":{"line":4,"column":1277}},{"start":{"line":4,"column":1252},"end":{"line":4,"column":1277}}],"line":4},"15":{"loc":{"start":{"line":4,"column":1171},"end":{"line":4,"column":1201}},"type":"binary-expr","locations":[{"start":{"line":4,"column":1171},"end":{"line":4,"column":1175}},{"start":{"line":4,"column":1180},"end":{"line":4,"column":1188}},{"start":{"line":4,"column":1192},"end":{"line":4,"column":1200}}],"line":4},"16":{"loc":{"start":{"line":4,"column":1300},"end":{"line":4,"column":1336}},"type":"if","locations":[{"start":{"line":4,"column":1300},"end":{"line":4,"column":1336}},{"start":{},"end":{}}],"line":4},"17":{"loc":{"start":{"line":4,"column":1391},"end":{"line":4,"column":1505}},"type":"binary-expr","locations":[{"start":{"line":4,"column":1391},"end":{"line":4,"column":1411}},{"start":{"line":4,"column":1415},"end":{"line":4,"column":1444}},{"start":{"line":4,"column":1448},"end":{"line":4,"column":1483}},{"start":{"line":4,"column":1487},"end":{"line":4,"column":1505}}],"line":4},"18":{"loc":{"start":{"line":4,"column":1747},"end":{"line":4,"column":1762}},"type":"if","locations":[{"start":{"line":4,"column":1747},"end":{"line":4,"column":1762}},{"start":{},"end":{}}],"line":4},"19":{"loc":{"start":{"line":4,"column":1762},"end":{"line":4,"column":1825}},"type":"if","locations":[{"start":{"line":4,"column":1762},"end":{"line":4,"column":1825}},{"start":{},"end":{}}],"line":4},"20":{"loc":{"start":{"line":4,"column":1880},"end":{"line":4,"column":1940}},"type":"if","locations":[{"start":{"line":4,"column":1880},"end":{"line":4,"column":1940}},{"start":{},"end":{}}],"line":4},"21":{"loc":{"start":{"line":4,"column":1884},"end":{"line":4,"column":1915}},"type":"binary-expr","locations":[{"start":{"line":4,"column":1884},"end":{"line":4,"column":1898}},{"start":{"line":4,"column":1902},"end":{"line":4,"column":1915}}],"line":4},"22":{"loc":{"start":{"line":4,"column":1940},"end":{"line":4,"column":1993}},"type":"if","locations":[{"start":{"line":4,"column":1940},"end":{"line":4,"column":1993}},{"start":{},"end":{}}],"line":4},"23":{"loc":{"start":{"line":4,"column":1944},"end":{"line":4,"column":1970}},"type":"binary-expr","locations":[{"start":{"line":4,"column":1944},"end":{"line":4,"column":1955}},{"start":{"line":4,"column":1959},"end":{"line":4,"column":1970}}],"line":4},"24":{"loc":{"start":{"line":4,"column":1993},"end":{"line":4,"column":2106}},"type":"if","locations":[{"start":{"line":4,"column":1993},"end":{"line":4,"column":2106}},{"start":{},"end":{}}],"line":4},"25":{"loc":{"start":{"line":4,"column":1997},"end":{"line":4,"column":2068}},"type":"binary-expr","locations":[{"start":{"line":4,"column":1997},"end":{"line":4,"column":2014}},{"start":{"line":4,"column":2018},"end":{"line":4,"column":2068}}],"line":4},"26":{"loc":{"start":{"line":4,"column":2145},"end":{"line":4,"column":2199}},"type":"if","locations":[{"start":{"line":4,"column":2145},"end":{"line":4,"column":2199}},{"start":{},"end":{}}],"line":4},"27":{"loc":{"start":{"line":4,"column":2149},"end":{"line":4,"column":2180}},"type":"binary-expr","locations":[{"start":{"line":4,"column":2149},"end":{"line":4,"column":2160}},{"start":{"line":4,"column":2164},"end":{"line":4,"column":2180}}],"line":4},"28":{"loc":{"start":{"line":4,"column":2333},"end":{"line":4,"column":2428}},"type":"cond-expr","locations":[{"start":{"line":4,"column":2347},"end":{"line":4,"column":2351}},{"start":{"line":4,"column":2354},"end":{"line":4,"column":2428}}],"line":4},"29":{"loc":{"start":{"line":4,"column":2354},"end":{"line":4,"column":2428}},"type":"binary-expr","locations":[{"start":{"line":4,"column":2354},"end":{"line":4,"column":2383}},{"start":{"line":4,"column":2387},"end":{"line":4,"column":2407}},{"start":{"line":4,"column":2411},"end":{"line":4,"column":2428}}],"line":4},"30":{"loc":{"start":{"line":4,"column":2429},"end":{"line":4,"column":2452}},"type":"if","locations":[{"start":{"line":4,"column":2429},"end":{"line":4,"column":2452}},{"start":{},"end":{}}],"line":4},"31":{"loc":{"start":{"line":4,"column":2598},"end":{"line":4,"column":2632}},"type":"if","locations":[{"start":{"line":4,"column":2598},"end":{"line":4,"column":2632}},{"start":{},"end":{}}],"line":4},"32":{"loc":{"start":{"line":4,"column":2602},"end":{"line":4,"column":2624}},"type":"binary-expr","locations":[{"start":{"line":4,"column":2602},"end":{"line":4,"column":2603}},{"start":{"line":4,"column":2607},"end":{"line":4,"column":2624}}],"line":4},"33":{"loc":{"start":{"line":4,"column":2683},"end":{"line":4,"column":2731}},"type":"if","locations":[{"start":{"line":4,"column":2683},"end":{"line":4,"column":2731}},{"start":{},"end":{}}],"line":4},"34":{"loc":{"start":{"line":4,"column":2687},"end":{"line":4,"column":2714}},"type":"binary-expr","locations":[{"start":{"line":4,"column":2687},"end":{"line":4,"column":2690}},{"start":{"line":4,"column":2694},"end":{"line":4,"column":2714}}],"line":4},"35":{"loc":{"start":{"line":4,"column":2742},"end":{"line":4,"column":2759}},"type":"if","locations":[{"start":{"line":4,"column":2742},"end":{"line":4,"column":2759}},{"start":{},"end":{}}],"line":4},"36":{"loc":{"start":{"line":4,"column":2805},"end":{"line":4,"column":2840}},"type":"if","locations":[{"start":{"line":4,"column":2805},"end":{"line":4,"column":2840}},{"start":{},"end":{}}],"line":4},"37":{"loc":{"start":{"line":13,"column":4},"end":{"line":25,"column":5}},"type":"if","locations":[{"start":{"line":13,"column":4},"end":{"line":25,"column":5}},{"start":{"line":17,"column":11},"end":{"line":25,"column":5}}],"line":13},"38":{"loc":{"start":{"line":13,"column":8},"end":{"line":13,"column":85}},"type":"binary-expr","locations":[{"start":{"line":13,"column":8},"end":{"line":13,"column":28}},{"start":{"line":13,"column":32},"end":{"line":13,"column":59}},{"start":{"line":13,"column":63},"end":{"line":13,"column":85}}],"line":13},"39":{"loc":{"start":{"line":17,"column":11},"end":{"line":25,"column":5}},"type":"if","locations":[{"start":{"line":17,"column":11},"end":{"line":25,"column":5}},{"start":{"line":21,"column":11},"end":{"line":25,"column":5}}],"line":17},"40":{"loc":{"start":{"line":49,"column":4},"end":{"line":49,"column":227}},"type":"cond-expr","locations":[{"start":{"line":49,"column":31},"end":{"line":49,"column":35}},{"start":{"line":49,"column":38},"end":{"line":49,"column":227}}],"line":49},"41":{"loc":{"start":{"line":51,"column":119},"end":{"line":51,"column":178}},"type":"if","locations":[{"start":{"line":51,"column":119},"end":{"line":51,"column":178}},{"start":{},"end":{}}],"line":51}},"s":{"0":2,"1":2,"2":2,"3":2,"4":2,"5":2,"6":2,"7":2,"8":4,"9":2,"10":0,"11":2,"12":2,"13":2,"14":2,"15":2,"16":0,"17":2,"18":0,"19":2,"20":2,"21":0,"22":2,"23":2,"24":2,"25":56,"26":56,"27":56,"28":0,"29":56,"30":2,"31":2,"32":2,"33":2,"34":15,"35":0,"36":0,"37":0,"38":0,"39":0,"40":0,"41":0,"42":0,"43":0,"44":0,"45":0,"46":0,"47":0,"48":0,"49":0,"50":0,"51":0,"52":0,"53":0,"54":0,"55":0,"56":0,"57":0,"58":0,"59":0,"60":0,"61":0,"62":0,"63":0,"64":0,"65":0,"66":0,"67":0,"68":0,"69":0,"70":0,"71":0,"72":0,"73":15,"74":15,"75":2,"76":5,"77":5,"78":5,"79":5,"80":5,"81":5,"82":5,"83":5,"84":5,"85":5,"86":5,"87":5,"88":5,"89":5,"90":0,"91":0,"92":0,"93":0,"94":0,"95":0,"96":0,"97":0,"98":0,"99":0,"100":0,"101":0,"102":5,"103":0,"104":0,"105":1,"106":2,"107":2,"108":2},"f":{"0":4,"1":2,"2":2,"3":2,"4":15,"5":0,"6":0,"7":0,"8":0,"9":15,"10":5,"11":0,"12":0,"13":1},"b":{"0":[2,2],"1":[4,4],"2":[0,2],"3":[0,2],"4":[0,2],"5":[2,2,2],"6":[0,2],"7":[2,2,0],"8":[0,2],"9":[2,2],"10":[2,2],"11":[56,0],"12":[56,56],"13":[56,0],"14":[0,56],"15":[56,56,56],"16":[2,0],"17":[15,0,0,0],"18":[0,0],"19":[0,0],"20":[0,0],"21":[0,0],"22":[0,0],"23":[0,0],"24":[0,0],"25":[0,0],"26":[0,0],"27":[0,0],"28":[0,0],"29":[0,0,0],"30":[0,0],"31":[0,0],"32":[0,0],"33":[0,0],"34":[0,0],"35":[0,0],"36":[15,0],"37":[0,0],"38":[0,0,0],"39":[0,0],"40":[5,0],"41":[0,0]},"inputSourceMap":null,"_coverageSchema":"1a1c01bbd47fc00a2c39e90264f33305004495a9","hash":"85d6e15be5dd6bb6cc757ac7daab54ad3a6d1d0e"}
,"C:\\workspace\\sampleapp\\screen\\Login.js": {"path":"C:\\workspace\\sampleapp\\screen\\Login.js","statementMap":{"0":{"start":{"line":1,"column":13},"end":{"line":1,"column":75}},"1":{"start":{"line":1,"column":75},"end":{"line":1,"column":100}},"2":{"start":{"line":1,"column":119},"end":{"line":1,"column":142}},"3":{"start":{"line":2,"column":13},"end":{"line":2,"column":54}},"4":{"start":{"line":4,"column":14},"end":{"line":4,"column":67}},"5":{"start":{"line":5,"column":33},"end":{"line":5,"column":72}},"6":{"start":{"line":6,"column":16},"end":{"line":6,"column":85}},"7":{"start":{"line":6,"column":98},"end":{"line":6,"column":102}},"8":{"start":{"line":6,"column":118},"end":{"line":6,"column":162}},"9":{"start":{"line":6,"column":201},"end":{"line":6,"column":255}},"10":{"start":{"line":6,"column":304},"end":{"line":6,"column":351}},"11":{"start":{"line":6,"column":339},"end":{"line":6,"column":351}},"12":{"start":{"line":6,"column":375},"end":{"line":6,"column":388}},"13":{"start":{"line":6,"column":412},"end":{"line":6,"column":425}},"14":{"start":{"line":6,"column":426},"end":{"line":6,"column":583}},"15":{"start":{"line":6,"column":509},"end":{"line":6,"column":567}},"16":{"start":{"line":6,"column":636},"end":{"line":6,"column":692}},"17":{"start":{"line":6,"column":680},"end":{"line":6,"column":691}},"18":{"start":{"line":6,"column":692},"end":{"line":6,"column":792}},"19":{"start":{"line":6,"column":767},"end":{"line":6,"column":791}},"20":{"start":{"line":6,"column":804},"end":{"line":6,"column":841}},"21":{"start":{"line":6,"column":842},"end":{"line":6,"column":895}},"22":{"start":{"line":6,"column":872},"end":{"line":6,"column":894}},"23":{"start":{"line":6,"column":908},"end":{"line":6,"column":910}},"24":{"start":{"line":6,"column":939},"end":{"line":6,"column":995}},"25":{"start":{"line":6,"column":996},"end":{"line":6,"column":1288}},"26":{"start":{"line":6,"column":1018},"end":{"line":6,"column":1287}},"27":{"start":{"line":6,"column":1103},"end":{"line":6,"column":1175}},"28":{"start":{"line":6,"column":1176},"end":{"line":6,"column":1286}},"29":{"start":{"line":6,"column":1213},"end":{"line":6,"column":1254}},"30":{"start":{"line":6,"column":1262},"end":{"line":6,"column":1285}},"31":{"start":{"line":6,"column":1288},"end":{"line":6,"column":1309}},"32":{"start":{"line":6,"column":1309},"end":{"line":6,"column":1345}},"33":{"start":{"line":6,"column":1321},"end":{"line":6,"column":1344}},"34":{"start":{"line":6,"column":1345},"end":{"line":6,"column":1359}},"35":{"start":{"line":6,"column":1413},"end":{"line":6,"column":1432}},"36":{"start":{"line":6,"column":1433},"end":{"line":6,"column":1679}},"37":{"start":{"line":6,"column":1482},"end":{"line":6,"column":1518}},"38":{"start":{"line":6,"column":1519},"end":{"line":6,"column":1678}},"39":{"start":{"line":6,"column":1579},"end":{"line":6,"column":1642}},"40":{"start":{"line":6,"column":1679},"end":{"line":6,"column":1691}},"41":{"start":{"line":6,"column":1724},"end":{"line":6,"column":2173}},"42":{"start":{"line":6,"column":1737},"end":{"line":6,"column":1738}},"43":{"start":{"line":6,"column":1781},"end":{"line":6,"column":1821}},"44":{"start":{"line":6,"column":1822},"end":{"line":6,"column":2172}},"45":{"start":{"line":6,"column":1882},"end":{"line":6,"column":1924}},"46":{"start":{"line":6,"column":2088},"end":{"line":6,"column":2169}},"47":{"start":{"line":6,"column":2173},"end":{"line":6,"column":2187}},"48":{"start":{"line":6,"column":2231},"end":{"line":6,"column":2378}},"49":{"start":{"line":6,"column":2248},"end":{"line":6,"column":2352}},"50":{"start":{"line":6,"column":2360},"end":{"line":6,"column":2377}},"51":{"start":{"line":6,"column":2378},"end":{"line":6,"column":2389}},"52":{"start":{"line":6,"column":2423},"end":{"line":6,"column":2545}},"53":{"start":{"line":6,"column":2575},"end":{"line":6,"column":2736}},"54":{"start":{"line":6,"column":2786},"end":{"line":6,"column":2801}},"55":{"start":{"line":6,"column":2794},"end":{"line":6,"column":2801}},"56":{"start":{"line":6,"column":2801},"end":{"line":6,"column":2864}},"57":{"start":{"line":6,"column":2828},"end":{"line":6,"column":2864}},"58":{"start":{"line":6,"column":2872},"end":{"line":6,"column":2918}},"59":{"start":{"line":6,"column":2919},"end":{"line":6,"column":2979}},"60":{"start":{"line":6,"column":2956},"end":{"line":6,"column":2979}},"61":{"start":{"line":6,"column":2979},"end":{"line":6,"column":3032}},"62":{"start":{"line":6,"column":3011},"end":{"line":6,"column":3032}},"63":{"start":{"line":6,"column":3032},"end":{"line":6,"column":3145}},"64":{"start":{"line":6,"column":3109},"end":{"line":6,"column":3145}},"65":{"start":{"line":6,"column":3184},"end":{"line":6,"column":3238}},"66":{"start":{"line":6,"column":3221},"end":{"line":6,"column":3238}},"67":{"start":{"line":6,"column":3238},"end":{"line":6,"column":3310}},"68":{"start":{"line":6,"column":3251},"end":{"line":6,"column":3252}},"69":{"start":{"line":6,"column":3261},"end":{"line":6,"column":3275}},"70":{"start":{"line":6,"column":3292},"end":{"line":6,"column":3309}},"71":{"start":{"line":6,"column":3310},"end":{"line":6,"column":3322}},"72":{"start":{"line":6,"column":3372},"end":{"line":6,"column":3467}},"73":{"start":{"line":6,"column":3468},"end":{"line":6,"column":3491}},"74":{"start":{"line":6,"column":3484},"end":{"line":6,"column":3491}},"75":{"start":{"line":6,"column":3502},"end":{"line":6,"column":3504}},"76":{"start":{"line":6,"column":3514},"end":{"line":6,"column":3518}},"77":{"start":{"line":6,"column":3528},"end":{"line":6,"column":3533}},"78":{"start":{"line":6,"column":3545},"end":{"line":6,"column":3800}},"79":{"start":{"line":6,"column":3550},"end":{"line":6,"column":3672}},"80":{"start":{"line":6,"column":3617},"end":{"line":6,"column":3637}},"81":{"start":{"line":6,"column":3637},"end":{"line":6,"column":3671}},"82":{"start":{"line":6,"column":3665},"end":{"line":6,"column":3671}},"83":{"start":{"line":6,"column":3687},"end":{"line":6,"column":3697}},"84":{"start":{"line":6,"column":3697},"end":{"line":6,"column":3706}},"85":{"start":{"line":6,"column":3717},"end":{"line":6,"column":3799}},"86":{"start":{"line":6,"column":3722},"end":{"line":6,"column":3770}},"87":{"start":{"line":6,"column":3755},"end":{"line":6,"column":3770}},"88":{"start":{"line":6,"column":3781},"end":{"line":6,"column":3798}},"89":{"start":{"line":6,"column":3789},"end":{"line":6,"column":3798}},"90":{"start":{"line":6,"column":3800},"end":{"line":6,"column":3812}},"91":{"start":{"line":6,"column":3844},"end":{"line":6,"column":3879}},"92":{"start":{"line":6,"column":3868},"end":{"line":6,"column":3879}},"93":{"start":{"line":8,"column":12},"end":{"line":124,"column":1}},"94":{"start":{"line":8,"column":51},"end":{"line":8,"column":66}},"95":{"start":{"line":9,"column":18},"end":{"line":9,"column":42}},"96":{"start":{"line":9,"column":56},"end":{"line":9,"column":84}},"97":{"start":{"line":9,"column":93},"end":{"line":9,"column":106}},"98":{"start":{"line":9,"column":118},"end":{"line":9,"column":131}},"99":{"start":{"line":10,"column":19},"end":{"line":10,"column":45}},"100":{"start":{"line":10,"column":59},"end":{"line":10,"column":88}},"101":{"start":{"line":10,"column":99},"end":{"line":10,"column":112}},"102":{"start":{"line":10,"column":126},"end":{"line":10,"column":139}},"103":{"start":{"line":11,"column":19},"end":{"line":11,"column":43}},"104":{"start":{"line":11,"column":57},"end":{"line":11,"column":86}},"105":{"start":{"line":11,"column":105},"end":{"line":11,"column":118}},"106":{"start":{"line":11,"column":140},"end":{"line":11,"column":153}},"107":{"start":{"line":13,"column":19},"end":{"line":13,"column":43}},"108":{"start":{"line":13,"column":57},"end":{"line":13,"column":86}},"109":{"start":{"line":13,"column":98},"end":{"line":13,"column":111}},"110":{"start":{"line":13,"column":126},"end":{"line":13,"column":139}},"111":{"start":{"line":14,"column":19},"end":{"line":14,"column":45}},"112":{"start":{"line":14,"column":60},"end":{"line":14,"column":89}},"113":{"start":{"line":14,"column":103},"end":{"line":14,"column":117}},"114":{"start":{"line":14,"column":134},"end":{"line":14,"column":148}},"115":{"start":{"line":15,"column":20},"end":{"line":15,"column":44}},"116":{"start":{"line":15,"column":59},"end":{"line":15,"column":89}},"117":{"start":{"line":15,"column":111},"end":{"line":15,"column":125}},"118":{"start":{"line":15,"column":150},"end":{"line":15,"column":164}},"119":{"start":{"line":16,"column":25},"end":{"line":31,"column":3}},"120":{"start":{"line":17,"column":14},"end":{"line":17,"column":59}},"121":{"start":{"line":18,"column":4},"end":{"line":30,"column":5}},"122":{"start":{"line":19,"column":6},"end":{"line":19,"column":56}},"123":{"start":{"line":20,"column":6},"end":{"line":20,"column":24}},"124":{"start":{"line":21,"column":6},"end":{"line":21,"column":19}},"125":{"start":{"line":22,"column":11},"end":{"line":30,"column":5}},"126":{"start":{"line":23,"column":6},"end":{"line":23,"column":54}},"127":{"start":{"line":24,"column":6},"end":{"line":24,"column":24}},"128":{"start":{"line":25,"column":6},"end":{"line":25,"column":19}},"129":{"start":{"line":27,"column":6},"end":{"line":27,"column":29}},"130":{"start":{"line":28,"column":6},"end":{"line":28,"column":23}},"131":{"start":{"line":29,"column":6},"end":{"line":29,"column":18}},"132":{"start":{"line":32,"column":23},"end":{"line":47,"column":3}},"133":{"start":{"line":33,"column":14},"end":{"line":33,"column":78}},"134":{"start":{"line":34,"column":4},"end":{"line":46,"column":5}},"135":{"start":{"line":35,"column":6},"end":{"line":35,"column":55}},"136":{"start":{"line":36,"column":6},"end":{"line":36,"column":27}},"137":{"start":{"line":37,"column":6},"end":{"line":37,"column":19}},"138":{"start":{"line":38,"column":11},"end":{"line":46,"column":5}},"139":{"start":{"line":39,"column":6},"end":{"line":39,"column":141}},"140":{"start":{"line":40,"column":6},"end":{"line":40,"column":27}},"141":{"start":{"line":41,"column":6},"end":{"line":41,"column":19}},"142":{"start":{"line":43,"column":6},"end":{"line":43,"column":32}},"143":{"start":{"line":44,"column":6},"end":{"line":44,"column":26}},"144":{"start":{"line":45,"column":6},"end":{"line":45,"column":18}},"145":{"start":{"line":48,"column":2},"end":{"line":118,"column":259}},"146":{"start":{"line":90,"column":8},"end":{"line":92,"column":9}},"147":{"start":{"line":91,"column":10},"end":{"line":91,"column":39}},"148":{"start":{"line":103,"column":83},"end":{"line":103,"column":121}},"149":{"start":{"line":107,"column":83},"end":{"line":107,"column":113}},"150":{"start":{"line":126,"column":13},"end":{"line":215,"column":19}},"151":{"start":{"line":219,"column":0},"end":{"line":219,"column":5}},"152":{"start":{"line":219,"column":6},"end":{"line":219,"column":33}}},"fnMap":{"0":{"name":"_interopRequireDefault","decl":{"start":{"line":6,"column":172},"end":{"line":6,"column":194}},"loc":{"start":{"line":6,"column":200},"end":{"line":6,"column":256}},"line":6},"1":{"name":"_getRequireWildcardCache","decl":{"start":{"line":6,"column":265},"end":{"line":6,"column":289}},"loc":{"start":{"line":6,"column":303},"end":{"line":6,"column":584}},"line":6},"2":{"name":"_getRequireWildcardCache","decl":{"start":{"line":6,"column":470},"end":{"line":6,"column":494}},"loc":{"start":{"line":6,"column":508},"end":{"line":6,"column":568}},"line":6},"3":{"name":"_interopRequireWildcard","decl":{"start":{"line":6,"column":593},"end":{"line":6,"column":616}},"loc":{"start":{"line":6,"column":635},"end":{"line":6,"column":1360}},"line":6},"4":{"name":"ownKeys","decl":{"start":{"line":6,"column":1369},"end":{"line":6,"column":1376}},"loc":{"start":{"line":6,"column":1401},"end":{"line":6,"column":1692}},"line":6},"5":{"name":"(anonymous_5)","decl":{"start":{"line":6,"column":1563},"end":{"line":6,"column":1564}},"loc":{"start":{"line":6,"column":1578},"end":{"line":6,"column":1643}},"line":6},"6":{"name":"_objectSpread","decl":{"start":{"line":6,"column":1701},"end":{"line":6,"column":1714}},"loc":{"start":{"line":6,"column":1723},"end":{"line":6,"column":2188}},"line":6},"7":{"name":"(anonymous_7)","decl":{"start":{"line":6,"column":1866},"end":{"line":6,"column":1867}},"loc":{"start":{"line":6,"column":1881},"end":{"line":6,"column":1925}},"line":6},"8":{"name":"(anonymous_8)","decl":{"start":{"line":6,"column":2072},"end":{"line":6,"column":2073}},"loc":{"start":{"line":6,"column":2087},"end":{"line":6,"column":2170}},"line":6},"9":{"name":"_defineProperty","decl":{"start":{"line":6,"column":2197},"end":{"line":6,"column":2212}},"loc":{"start":{"line":6,"column":2230},"end":{"line":6,"column":2390}},"line":6},"10":{"name":"_slicedToArray","decl":{"start":{"line":6,"column":2399},"end":{"line":6,"column":2413}},"loc":{"start":{"line":6,"column":2422},"end":{"line":6,"column":2546}},"line":6},"11":{"name":"_nonIterableRest","decl":{"start":{"line":6,"column":2555},"end":{"line":6,"column":2571}},"loc":{"start":{"line":6,"column":2574},"end":{"line":6,"column":2737}},"line":6},"12":{"name":"_unsupportedIterableToArray","decl":{"start":{"line":6,"column":2746},"end":{"line":6,"column":2773}},"loc":{"start":{"line":6,"column":2785},"end":{"line":6,"column":3146}},"line":6},"13":{"name":"_arrayLikeToArray","decl":{"start":{"line":6,"column":3155},"end":{"line":6,"column":3172}},"loc":{"start":{"line":6,"column":3183},"end":{"line":6,"column":3323}},"line":6},"14":{"name":"_iterableToArrayLimit","decl":{"start":{"line":6,"column":3332},"end":{"line":6,"column":3353}},"loc":{"start":{"line":6,"column":3362},"end":{"line":6,"column":3813}},"line":6},"15":{"name":"_arrayWithHoles","decl":{"start":{"line":6,"column":3822},"end":{"line":6,"column":3837}},"loc":{"start":{"line":6,"column":3843},"end":{"line":6,"column":3880}},"line":6},"16":{"name":"Login","decl":{"start":{"line":8,"column":21},"end":{"line":8,"column":26}},"loc":{"start":{"line":8,"column":33},"end":{"line":124,"column":1}},"line":8},"17":{"name":"handleValidEmail","decl":{"start":{"line":16,"column":34},"end":{"line":16,"column":50}},"loc":{"start":{"line":16,"column":53},"end":{"line":31,"column":3}},"line":16},"18":{"name":"handlePassword","decl":{"start":{"line":32,"column":32},"end":{"line":32,"column":46}},"loc":{"start":{"line":32,"column":49},"end":{"line":47,"column":3}},"line":32},"19":{"name":"onPress","decl":{"start":{"line":89,"column":122},"end":{"line":89,"column":129}},"loc":{"start":{"line":89,"column":132},"end":{"line":93,"column":7}},"line":89},"20":{"name":"onPress","decl":{"start":{"line":103,"column":72},"end":{"line":103,"column":79}},"loc":{"start":{"line":103,"column":82},"end":{"line":103,"column":122}},"line":103},"21":{"name":"onPress","decl":{"start":{"line":107,"column":72},"end":{"line":107,"column":79}},"loc":{"start":{"line":107,"column":82},"end":{"line":107,"column":114}},"line":107}},"branchMap":{"0":{"loc":{"start":{"line":6,"column":208},"end":{"line":6,"column":254}},"type":"cond-expr","locations":[{"start":{"line":6,"column":232},"end":{"line":6,"column":235}},{"start":{"line":6,"column":238},"end":{"line":6,"column":254}}],"line":6},"1":{"loc":{"start":{"line":6,"column":208},"end":{"line":6,"column":229}},"type":"binary-expr","locations":[{"start":{"line":6,"column":208},"end":{"line":6,"column":211}},{"start":{"line":6,"column":215},"end":{"line":6,"column":229}}],"line":6},"2":{"loc":{"start":{"line":6,"column":304},"end":{"line":6,"column":351}},"type":"if","locations":[{"start":{"line":6,"column":304},"end":{"line":6,"column":351}},{"start":{},"end":{}}],"line":6},"3":{"loc":{"start":{"line":6,"column":516},"end":{"line":6,"column":566}},"type":"cond-expr","locations":[{"start":{"line":6,"column":530},"end":{"line":6,"column":546}},{"start":{"line":6,"column":549},"end":{"line":6,"column":566}}],"line":6},"4":{"loc":{"start":{"line":6,"column":636},"end":{"line":6,"column":692}},"type":"if","locations":[{"start":{"line":6,"column":636},"end":{"line":6,"column":692}},{"start":{},"end":{}}],"line":6},"5":{"loc":{"start":{"line":6,"column":640},"end":{"line":6,"column":677}},"type":"binary-expr","locations":[{"start":{"line":6,"column":640},"end":{"line":6,"column":652}},{"start":{"line":6,"column":656},"end":{"line":6,"column":659}},{"start":{"line":6,"column":663},"end":{"line":6,"column":677}}],"line":6},"6":{"loc":{"start":{"line":6,"column":692},"end":{"line":6,"column":792}},"type":"if","locations":[{"start":{"line":6,"column":692},"end":{"line":6,"column":792}},{"start":{},"end":{}}],"line":6},"7":{"loc":{"start":{"line":6,"column":696},"end":{"line":6,"column":764}},"type":"binary-expr","locations":[{"start":{"line":6,"column":696},"end":{"line":6,"column":708}},{"start":{"line":6,"column":712},"end":{"line":6,"column":735}},{"start":{"line":6,"column":739},"end":{"line":6,"column":764}}],"line":6},"8":{"loc":{"start":{"line":6,"column":842},"end":{"line":6,"column":895}},"type":"if","locations":[{"start":{"line":6,"column":842},"end":{"line":6,"column":895}},{"start":{},"end":{}}],"line":6},"9":{"loc":{"start":{"line":6,"column":846},"end":{"line":6,"column":869}},"type":"binary-expr","locations":[{"start":{"line":6,"column":846},"end":{"line":6,"column":851}},{"start":{"line":6,"column":855},"end":{"line":6,"column":869}}],"line":6},"10":{"loc":{"start":{"line":6,"column":939},"end":{"line":6,"column":995}},"type":"binary-expr","locations":[{"start":{"line":6,"column":939},"end":{"line":6,"column":960}},{"start":{"line":6,"column":964},"end":{"line":6,"column":995}}],"line":6},"11":{"loc":{"start":{"line":6,"column":1018},"end":{"line":6,"column":1287}},"type":"if","locations":[{"start":{"line":6,"column":1018},"end":{"line":6,"column":1287}},{"start":{},"end":{}}],"line":6},"12":{"loc":{"start":{"line":6,"column":1022},"end":{"line":6,"column":1089}},"type":"binary-expr","locations":[{"start":{"line":6,"column":1022},"end":{"line":6,"column":1039}},{"start":{"line":6,"column":1043},"end":{"line":6,"column":1089}}],"line":6},"13":{"loc":{"start":{"line":6,"column":1103},"end":{"line":6,"column":1175}},"type":"cond-expr","locations":[{"start":{"line":6,"column":1127},"end":{"line":6,"column":1168}},{"start":{"line":6,"column":1171},"end":{"line":6,"column":1175}}],"line":6},"14":{"loc":{"start":{"line":6,"column":1176},"end":{"line":6,"column":1286}},"type":"if","locations":[{"start":{"line":6,"column":1176},"end":{"line":6,"column":1286}},{"start":{"line":6,"column":1261},"end":{"line":6,"column":1286}}],"line":6},"15":{"loc":{"start":{"line":6,"column":1180},"end":{"line":6,"column":1210}},"type":"binary-expr","locations":[{"start":{"line":6,"column":1180},"end":{"line":6,"column":1184}},{"start":{"line":6,"column":1189},"end":{"line":6,"column":1197}},{"start":{"line":6,"column":1201},"end":{"line":6,"column":1209}}],"line":6},"16":{"loc":{"start":{"line":6,"column":1309},"end":{"line":6,"column":1345}},"type":"if","locations":[{"start":{"line":6,"column":1309},"end":{"line":6,"column":1345}},{"start":{},"end":{}}],"line":6},"17":{"loc":{"start":{"line":6,"column":1433},"end":{"line":6,"column":1679}},"type":"if","locations":[{"start":{"line":6,"column":1433},"end":{"line":6,"column":1679}},{"start":{},"end":{}}],"line":6},"18":{"loc":{"start":{"line":6,"column":1519},"end":{"line":6,"column":1645}},"type":"binary-expr","locations":[{"start":{"line":6,"column":1519},"end":{"line":6,"column":1533}},{"start":{"line":6,"column":1538},"end":{"line":6,"column":1644}}],"line":6},"19":{"loc":{"start":{"line":6,"column":1781},"end":{"line":6,"column":1821}},"type":"cond-expr","locations":[{"start":{"line":6,"column":1804},"end":{"line":6,"column":1816}},{"start":{"line":6,"column":1819},"end":{"line":6,"column":1821}}],"line":6},"20":{"loc":{"start":{"line":6,"column":1822},"end":{"line":6,"column":2171}},"type":"cond-expr","locations":[{"start":{"line":6,"column":1830},"end":{"line":6,"column":1926}},{"start":{"line":6,"column":1929},"end":{"line":6,"column":2171}}],"line":6},"21":{"loc":{"start":{"line":6,"column":1929},"end":{"line":6,"column":2171}},"type":"cond-expr","locations":[{"start":{"line":6,"column":1964},"end":{"line":6,"column":2037}},{"start":{"line":6,"column":2040},"end":{"line":6,"column":2171}}],"line":6},"22":{"loc":{"start":{"line":6,"column":2231},"end":{"line":6,"column":2378}},"type":"if","locations":[{"start":{"line":6,"column":2231},"end":{"line":6,"column":2378}},{"start":{"line":6,"column":2359},"end":{"line":6,"column":2378}}],"line":6},"23":{"loc":{"start":{"line":6,"column":2430},"end":{"line":6,"column":2544}},"type":"binary-expr","locations":[{"start":{"line":6,"column":2430},"end":{"line":6,"column":2450}},{"start":{"line":6,"column":2454},"end":{"line":6,"column":2483}},{"start":{"line":6,"column":2487},"end":{"line":6,"column":2522}},{"start":{"line":6,"column":2526},"end":{"line":6,"column":2544}}],"line":6},"24":{"loc":{"start":{"line":6,"column":2786},"end":{"line":6,"column":2801}},"type":"if","locations":[{"start":{"line":6,"column":2786},"end":{"line":6,"column":2801}},{"start":{},"end":{}}],"line":6},"25":{"loc":{"start":{"line":6,"column":2801},"end":{"line":6,"column":2864}},"type":"if","locations":[{"start":{"line":6,"column":2801},"end":{"line":6,"column":2864}},{"start":{},"end":{}}],"line":6},"26":{"loc":{"start":{"line":6,"column":2919},"end":{"line":6,"column":2979}},"type":"if","locations":[{"start":{"line":6,"column":2919},"end":{"line":6,"column":2979}},{"start":{},"end":{}}],"line":6},"27":{"loc":{"start":{"line":6,"column":2923},"end":{"line":6,"column":2954}},"type":"binary-expr","locations":[{"start":{"line":6,"column":2923},"end":{"line":6,"column":2937}},{"start":{"line":6,"column":2941},"end":{"line":6,"column":2954}}],"line":6},"28":{"loc":{"start":{"line":6,"column":2979},"end":{"line":6,"column":3032}},"type":"if","locations":[{"start":{"line":6,"column":2979},"end":{"line":6,"column":3032}},{"start":{},"end":{}}],"line":6},"29":{"loc":{"start":{"line":6,"column":2983},"end":{"line":6,"column":3009}},"type":"binary-expr","locations":[{"start":{"line":6,"column":2983},"end":{"line":6,"column":2994}},{"start":{"line":6,"column":2998},"end":{"line":6,"column":3009}}],"line":6},"30":{"loc":{"start":{"line":6,"column":3032},"end":{"line":6,"column":3145}},"type":"if","locations":[{"start":{"line":6,"column":3032},"end":{"line":6,"column":3145}},{"start":{},"end":{}}],"line":6},"31":{"loc":{"start":{"line":6,"column":3036},"end":{"line":6,"column":3107}},"type":"binary-expr","locations":[{"start":{"line":6,"column":3036},"end":{"line":6,"column":3053}},{"start":{"line":6,"column":3057},"end":{"line":6,"column":3107}}],"line":6},"32":{"loc":{"start":{"line":6,"column":3184},"end":{"line":6,"column":3238}},"type":"if","locations":[{"start":{"line":6,"column":3184},"end":{"line":6,"column":3238}},{"start":{},"end":{}}],"line":6},"33":{"loc":{"start":{"line":6,"column":3188},"end":{"line":6,"column":3219}},"type":"binary-expr","locations":[{"start":{"line":6,"column":3188},"end":{"line":6,"column":3199}},{"start":{"line":6,"column":3203},"end":{"line":6,"column":3219}}],"line":6},"34":{"loc":{"start":{"line":6,"column":3372},"end":{"line":6,"column":3467}},"type":"cond-expr","locations":[{"start":{"line":6,"column":3386},"end":{"line":6,"column":3390}},{"start":{"line":6,"column":3393},"end":{"line":6,"column":3467}}],"line":6},"35":{"loc":{"start":{"line":6,"column":3393},"end":{"line":6,"column":3467}},"type":"binary-expr","locations":[{"start":{"line":6,"column":3393},"end":{"line":6,"column":3422}},{"start":{"line":6,"column":3426},"end":{"line":6,"column":3446}},{"start":{"line":6,"column":3450},"end":{"line":6,"column":3467}}],"line":6},"36":{"loc":{"start":{"line":6,"column":3468},"end":{"line":6,"column":3491}},"type":"if","locations":[{"start":{"line":6,"column":3468},"end":{"line":6,"column":3491}},{"start":{},"end":{}}],"line":6},"37":{"loc":{"start":{"line":6,"column":3637},"end":{"line":6,"column":3671}},"type":"if","locations":[{"start":{"line":6,"column":3637},"end":{"line":6,"column":3671}},{"start":{},"end":{}}],"line":6},"38":{"loc":{"start":{"line":6,"column":3641},"end":{"line":6,"column":3663}},"type":"binary-expr","locations":[{"start":{"line":6,"column":3641},"end":{"line":6,"column":3642}},{"start":{"line":6,"column":3646},"end":{"line":6,"column":3663}}],"line":6},"39":{"loc":{"start":{"line":6,"column":3722},"end":{"line":6,"column":3770}},"type":"if","locations":[{"start":{"line":6,"column":3722},"end":{"line":6,"column":3770}},{"start":{},"end":{}}],"line":6},"40":{"loc":{"start":{"line":6,"column":3726},"end":{"line":6,"column":3753}},"type":"binary-expr","locations":[{"start":{"line":6,"column":3726},"end":{"line":6,"column":3729}},{"start":{"line":6,"column":3733},"end":{"line":6,"column":3753}}],"line":6},"41":{"loc":{"start":{"line":6,"column":3781},"end":{"line":6,"column":3798}},"type":"if","locations":[{"start":{"line":6,"column":3781},"end":{"line":6,"column":3798}},{"start":{},"end":{}}],"line":6},"42":{"loc":{"start":{"line":6,"column":3844},"end":{"line":6,"column":3879}},"type":"if","locations":[{"start":{"line":6,"column":3844},"end":{"line":6,"column":3879}},{"start":{},"end":{}}],"line":6},"43":{"loc":{"start":{"line":18,"column":4},"end":{"line":30,"column":5}},"type":"if","locations":[{"start":{"line":18,"column":4},"end":{"line":30,"column":5}},{"start":{"line":22,"column":11},"end":{"line":30,"column":5}}],"line":18},"44":{"loc":{"start":{"line":18,"column":8},"end":{"line":18,"column":58}},"type":"binary-expr","locations":[{"start":{"line":18,"column":8},"end":{"line":18,"column":19}},{"start":{"line":18,"column":23},"end":{"line":18,"column":41}},{"start":{"line":18,"column":45},"end":{"line":18,"column":58}}],"line":18},"45":{"loc":{"start":{"line":22,"column":11},"end":{"line":30,"column":5}},"type":"if","locations":[{"start":{"line":22,"column":11},"end":{"line":30,"column":5}},{"start":{"line":26,"column":11},"end":{"line":30,"column":5}}],"line":22},"46":{"loc":{"start":{"line":34,"column":4},"end":{"line":46,"column":5}},"type":"if","locations":[{"start":{"line":34,"column":4},"end":{"line":46,"column":5}},{"start":{"line":38,"column":11},"end":{"line":46,"column":5}}],"line":34},"47":{"loc":{"start":{"line":34,"column":8},"end":{"line":34,"column":67}},"type":"binary-expr","locations":[{"start":{"line":34,"column":8},"end":{"line":34,"column":22}},{"start":{"line":34,"column":26},"end":{"line":34,"column":47}},{"start":{"line":34,"column":51},"end":{"line":34,"column":67}}],"line":34},"48":{"loc":{"start":{"line":38,"column":11},"end":{"line":46,"column":5}},"type":"if","locations":[{"start":{"line":38,"column":11},"end":{"line":46,"column":5}},{"start":{"line":42,"column":11},"end":{"line":46,"column":5}}],"line":38},"49":{"loc":{"start":{"line":71,"column":4},"end":{"line":71,"column":226}},"type":"cond-expr","locations":[{"start":{"line":71,"column":22},"end":{"line":71,"column":26}},{"start":{"line":71,"column":29},"end":{"line":71,"column":226}}],"line":71},"50":{"loc":{"start":{"line":87,"column":4},"end":{"line":87,"column":215}},"type":"cond-expr","locations":[{"start":{"line":87,"column":25},"end":{"line":87,"column":29}},{"start":{"line":87,"column":32},"end":{"line":87,"column":215}}],"line":87},"51":{"loc":{"start":{"line":90,"column":8},"end":{"line":92,"column":9}},"type":"if","locations":[{"start":{"line":90,"column":8},"end":{"line":92,"column":9}},{"start":{},"end":{}}],"line":90},"52":{"loc":{"start":{"line":90,"column":12},"end":{"line":90,"column":50}},"type":"binary-expr","locations":[{"start":{"line":90,"column":12},"end":{"line":90,"column":30}},{"start":{"line":90,"column":34},"end":{"line":90,"column":50}}],"line":90}},"s":{"0":3,"1":3,"2":3,"3":3,"4":3,"5":3,"6":3,"7":3,"8":3,"9":6,"10":3,"11":0,"12":3,"13":3,"14":3,"15":3,"16":3,"17":0,"18":3,"19":0,"20":3,"21":3,"22":0,"23":3,"24":3,"25":3,"26":84,"27":84,"28":84,"29":0,"30":84,"31":3,"32":3,"33":3,"34":3,"35":64,"36":64,"37":64,"38":64,"39":0,"40":64,"41":64,"42":64,"43":96,"44":96,"45":128,"46":0,"47":64,"48":128,"49":0,"50":128,"51":128,"52":48,"53":0,"54":0,"55":0,"56":0,"57":0,"58":0,"59":0,"60":0,"61":0,"62":0,"63":0,"64":0,"65":0,"66":0,"67":0,"68":0,"69":0,"70":0,"71":0,"72":0,"73":0,"74":0,"75":0,"76":0,"77":0,"78":0,"79":0,"80":0,"81":0,"82":0,"83":0,"84":0,"85":0,"86":0,"87":0,"88":0,"89":0,"90":0,"91":48,"92":48,"93":3,"94":8,"95":8,"96":8,"97":8,"98":8,"99":8,"100":8,"101":8,"102":8,"103":8,"104":8,"105":8,"106":8,"107":8,"108":8,"109":8,"110":8,"111":8,"112":8,"113":8,"114":8,"115":8,"116":8,"117":8,"118":8,"119":8,"120":0,"121":0,"122":0,"123":0,"124":0,"125":0,"126":0,"127":0,"128":0,"129":0,"130":0,"131":0,"132":8,"133":0,"134":0,"135":0,"136":0,"137":0,"138":0,"139":0,"140":0,"141":0,"142":0,"143":0,"144":0,"145":8,"146":0,"147":0,"148":1,"149":1,"150":3,"151":3,"152":3},"f":{"0":6,"1":3,"2":3,"3":3,"4":64,"5":0,"6":64,"7":128,"8":0,"9":128,"10":48,"11":0,"12":0,"13":0,"14":0,"15":48,"16":8,"17":0,"18":0,"19":0,"20":1,"21":1},"b":{"0":[3,3],"1":[6,6],"2":[0,3],"3":[0,3],"4":[0,3],"5":[3,3,3],"6":[0,3],"7":[3,3,0],"8":[0,3],"9":[3,3],"10":[3,3],"11":[84,0],"12":[84,84],"13":[84,0],"14":[0,84],"15":[84,84,84],"16":[3,0],"17":[64,0],"18":[64,64],"19":[96,0],"20":[64,32],"21":[32,0],"22":[0,128],"23":[48,0,0,0],"24":[0,0],"25":[0,0],"26":[0,0],"27":[0,0],"28":[0,0],"29":[0,0],"30":[0,0],"31":[0,0],"32":[0,0],"33":[0,0],"34":[0,0],"35":[0,0,0],"36":[0,0],"37":[0,0],"38":[0,0],"39":[0,0],"40":[0,0],"41":[0,0],"42":[48,0],"43":[0,0],"44":[0,0,0],"45":[0,0],"46":[0,0],"47":[0,0,0],"48":[0,0],"49":[8,0],"50":[8,0],"51":[0,0],"52":[0,0]},"inputSourceMap":null,"_coverageSchema":"1a1c01bbd47fc00a2c39e90264f33305004495a9","hash":"1bd88d535d922a574dca0042d590e76455f105e0"}
,"C:\\workspace\\sampleapp\\screen\\Signup.js": {"path":"C:\\workspace\\sampleapp\\screen\\Signup.js","statementMap":{"0":{"start":{"line":1,"column":13},"end":{"line":1,"column":75}},"1":{"start":{"line":1,"column":75},"end":{"line":1,"column":100}},"2":{"start":{"line":1,"column":119},"end":{"line":1,"column":142}},"3":{"start":{"line":2,"column":13},"end":{"line":2,"column":54}},"4":{"start":{"line":3,"column":16},"end":{"line":3,"column":85}},"5":{"start":{"line":4,"column":14},"end":{"line":4,"column":67}},"6":{"start":{"line":5,"column":33},"end":{"line":5,"column":72}},"7":{"start":{"line":5,"column":85},"end":{"line":5,"column":89}},"8":{"start":{"line":5,"column":105},"end":{"line":5,"column":150}},"9":{"start":{"line":5,"column":189},"end":{"line":5,"column":243}},"10":{"start":{"line":5,"column":292},"end":{"line":5,"column":339}},"11":{"start":{"line":5,"column":327},"end":{"line":5,"column":339}},"12":{"start":{"line":5,"column":363},"end":{"line":5,"column":376}},"13":{"start":{"line":5,"column":400},"end":{"line":5,"column":413}},"14":{"start":{"line":5,"column":414},"end":{"line":5,"column":571}},"15":{"start":{"line":5,"column":497},"end":{"line":5,"column":555}},"16":{"start":{"line":5,"column":624},"end":{"line":5,"column":680}},"17":{"start":{"line":5,"column":668},"end":{"line":5,"column":679}},"18":{"start":{"line":5,"column":680},"end":{"line":5,"column":780}},"19":{"start":{"line":5,"column":755},"end":{"line":5,"column":779}},"20":{"start":{"line":5,"column":792},"end":{"line":5,"column":829}},"21":{"start":{"line":5,"column":830},"end":{"line":5,"column":883}},"22":{"start":{"line":5,"column":860},"end":{"line":5,"column":882}},"23":{"start":{"line":5,"column":896},"end":{"line":5,"column":898}},"24":{"start":{"line":5,"column":927},"end":{"line":5,"column":983}},"25":{"start":{"line":5,"column":984},"end":{"line":5,"column":1276}},"26":{"start":{"line":5,"column":1006},"end":{"line":5,"column":1275}},"27":{"start":{"line":5,"column":1091},"end":{"line":5,"column":1163}},"28":{"start":{"line":5,"column":1164},"end":{"line":5,"column":1274}},"29":{"start":{"line":5,"column":1201},"end":{"line":5,"column":1242}},"30":{"start":{"line":5,"column":1250},"end":{"line":5,"column":1273}},"31":{"start":{"line":5,"column":1276},"end":{"line":5,"column":1297}},"32":{"start":{"line":5,"column":1297},"end":{"line":5,"column":1333}},"33":{"start":{"line":5,"column":1309},"end":{"line":5,"column":1332}},"34":{"start":{"line":5,"column":1333},"end":{"line":5,"column":1347}},"35":{"start":{"line":5,"column":1381},"end":{"line":5,"column":1503}},"36":{"start":{"line":5,"column":1533},"end":{"line":5,"column":1694}},"37":{"start":{"line":5,"column":1744},"end":{"line":5,"column":1759}},"38":{"start":{"line":5,"column":1752},"end":{"line":5,"column":1759}},"39":{"start":{"line":5,"column":1759},"end":{"line":5,"column":1822}},"40":{"start":{"line":5,"column":1786},"end":{"line":5,"column":1822}},"41":{"start":{"line":5,"column":1830},"end":{"line":5,"column":1876}},"42":{"start":{"line":5,"column":1877},"end":{"line":5,"column":1937}},"43":{"start":{"line":5,"column":1914},"end":{"line":5,"column":1937}},"44":{"start":{"line":5,"column":1937},"end":{"line":5,"column":1990}},"45":{"start":{"line":5,"column":1969},"end":{"line":5,"column":1990}},"46":{"start":{"line":5,"column":1990},"end":{"line":5,"column":2103}},"47":{"start":{"line":5,"column":2067},"end":{"line":5,"column":2103}},"48":{"start":{"line":5,"column":2142},"end":{"line":5,"column":2196}},"49":{"start":{"line":5,"column":2179},"end":{"line":5,"column":2196}},"50":{"start":{"line":5,"column":2196},"end":{"line":5,"column":2268}},"51":{"start":{"line":5,"column":2209},"end":{"line":5,"column":2210}},"52":{"start":{"line":5,"column":2219},"end":{"line":5,"column":2233}},"53":{"start":{"line":5,"column":2250},"end":{"line":5,"column":2267}},"54":{"start":{"line":5,"column":2268},"end":{"line":5,"column":2280}},"55":{"start":{"line":5,"column":2330},"end":{"line":5,"column":2425}},"56":{"start":{"line":5,"column":2426},"end":{"line":5,"column":2449}},"57":{"start":{"line":5,"column":2442},"end":{"line":5,"column":2449}},"58":{"start":{"line":5,"column":2460},"end":{"line":5,"column":2462}},"59":{"start":{"line":5,"column":2472},"end":{"line":5,"column":2476}},"60":{"start":{"line":5,"column":2486},"end":{"line":5,"column":2491}},"61":{"start":{"line":5,"column":2503},"end":{"line":5,"column":2758}},"62":{"start":{"line":5,"column":2508},"end":{"line":5,"column":2630}},"63":{"start":{"line":5,"column":2575},"end":{"line":5,"column":2595}},"64":{"start":{"line":5,"column":2595},"end":{"line":5,"column":2629}},"65":{"start":{"line":5,"column":2623},"end":{"line":5,"column":2629}},"66":{"start":{"line":5,"column":2645},"end":{"line":5,"column":2655}},"67":{"start":{"line":5,"column":2655},"end":{"line":5,"column":2664}},"68":{"start":{"line":5,"column":2675},"end":{"line":5,"column":2757}},"69":{"start":{"line":5,"column":2680},"end":{"line":5,"column":2728}},"70":{"start":{"line":5,"column":2713},"end":{"line":5,"column":2728}},"71":{"start":{"line":5,"column":2739},"end":{"line":5,"column":2756}},"72":{"start":{"line":5,"column":2747},"end":{"line":5,"column":2756}},"73":{"start":{"line":5,"column":2758},"end":{"line":5,"column":2770}},"74":{"start":{"line":5,"column":2802},"end":{"line":5,"column":2837}},"75":{"start":{"line":5,"column":2826},"end":{"line":5,"column":2837}},"76":{"start":{"line":6,"column":13},"end":{"line":177,"column":1}},"77":{"start":{"line":6,"column":53},"end":{"line":6,"column":68}},"78":{"start":{"line":7,"column":18},"end":{"line":7,"column":42}},"79":{"start":{"line":7,"column":56},"end":{"line":7,"column":84}},"80":{"start":{"line":7,"column":92},"end":{"line":7,"column":105}},"81":{"start":{"line":7,"column":116},"end":{"line":7,"column":129}},"82":{"start":{"line":8,"column":19},"end":{"line":8,"column":45}},"83":{"start":{"line":8,"column":59},"end":{"line":8,"column":88}},"84":{"start":{"line":8,"column":98},"end":{"line":8,"column":111}},"85":{"start":{"line":8,"column":124},"end":{"line":8,"column":137}},"86":{"start":{"line":9,"column":19},"end":{"line":9,"column":43}},"87":{"start":{"line":9,"column":57},"end":{"line":9,"column":86}},"88":{"start":{"line":9,"column":104},"end":{"line":9,"column":117}},"89":{"start":{"line":9,"column":138},"end":{"line":9,"column":151}},"90":{"start":{"line":11,"column":19},"end":{"line":11,"column":43}},"91":{"start":{"line":11,"column":57},"end":{"line":11,"column":86}},"92":{"start":{"line":11,"column":95},"end":{"line":11,"column":108}},"93":{"start":{"line":11,"column":120},"end":{"line":11,"column":133}},"94":{"start":{"line":12,"column":19},"end":{"line":12,"column":45}},"95":{"start":{"line":12,"column":60},"end":{"line":12,"column":89}},"96":{"start":{"line":12,"column":100},"end":{"line":12,"column":114}},"97":{"start":{"line":12,"column":128},"end":{"line":12,"column":142}},"98":{"start":{"line":13,"column":20},"end":{"line":13,"column":44}},"99":{"start":{"line":13,"column":59},"end":{"line":13,"column":89}},"100":{"start":{"line":13,"column":108},"end":{"line":13,"column":122}},"101":{"start":{"line":13,"column":144},"end":{"line":13,"column":158}},"102":{"start":{"line":15,"column":20},"end":{"line":15,"column":44}},"103":{"start":{"line":15,"column":59},"end":{"line":15,"column":89}},"104":{"start":{"line":15,"column":101},"end":{"line":15,"column":115}},"105":{"start":{"line":15,"column":130},"end":{"line":15,"column":144}},"106":{"start":{"line":16,"column":20},"end":{"line":16,"column":46}},"107":{"start":{"line":16,"column":61},"end":{"line":16,"column":91}},"108":{"start":{"line":16,"column":105},"end":{"line":16,"column":119}},"109":{"start":{"line":16,"column":136},"end":{"line":16,"column":150}},"110":{"start":{"line":17,"column":20},"end":{"line":17,"column":44}},"111":{"start":{"line":17,"column":59},"end":{"line":17,"column":89}},"112":{"start":{"line":17,"column":111},"end":{"line":17,"column":125}},"113":{"start":{"line":17,"column":150},"end":{"line":17,"column":164}},"114":{"start":{"line":19,"column":20},"end":{"line":19,"column":44}},"115":{"start":{"line":19,"column":59},"end":{"line":19,"column":89}},"116":{"start":{"line":19,"column":107},"end":{"line":19,"column":121}},"117":{"start":{"line":19,"column":142},"end":{"line":19,"column":156}},"118":{"start":{"line":20,"column":20},"end":{"line":20,"column":46}},"119":{"start":{"line":20,"column":61},"end":{"line":20,"column":91}},"120":{"start":{"line":20,"column":111},"end":{"line":20,"column":125}},"121":{"start":{"line":20,"column":148},"end":{"line":20,"column":162}},"122":{"start":{"line":21,"column":20},"end":{"line":21,"column":44}},"123":{"start":{"line":21,"column":59},"end":{"line":21,"column":89}},"124":{"start":{"line":21,"column":117},"end":{"line":21,"column":131}},"125":{"start":{"line":21,"column":162},"end":{"line":21,"column":176}},"126":{"start":{"line":22,"column":19},"end":{"line":39,"column":3}},"127":{"start":{"line":23,"column":14},"end":{"line":23,"column":33}},"128":{"start":{"line":25,"column":4},"end":{"line":33,"column":24}},"129":{"start":{"line":26,"column":6},"end":{"line":26,"column":46}},"130":{"start":{"line":27,"column":6},"end":{"line":27,"column":23}},"131":{"start":{"line":28,"column":6},"end":{"line":28,"column":19}},"132":{"start":{"line":29,"column":11},"end":{"line":33,"column":24}},"133":{"start":{"line":30,"column":6},"end":{"line":30,"column":44}},"134":{"start":{"line":31,"column":6},"end":{"line":31,"column":23}},"135":{"start":{"line":32,"column":6},"end":{"line":32,"column":19}},"136":{"start":{"line":33,"column":11},"end":{"line":33,"column":24}},"137":{"start":{"line":35,"column":6},"end":{"line":35,"column":22}},"138":{"start":{"line":36,"column":6},"end":{"line":36,"column":28}},"139":{"start":{"line":37,"column":6},"end":{"line":37,"column":18}},"140":{"start":{"line":41,"column":25},"end":{"line":56,"column":3}},"141":{"start":{"line":42,"column":14},"end":{"line":42,"column":59}},"142":{"start":{"line":43,"column":4},"end":{"line":55,"column":5}},"143":{"start":{"line":44,"column":6},"end":{"line":44,"column":56}},"144":{"start":{"line":45,"column":6},"end":{"line":45,"column":24}},"145":{"start":{"line":46,"column":6},"end":{"line":46,"column":19}},"146":{"start":{"line":47,"column":11},"end":{"line":55,"column":5}},"147":{"start":{"line":48,"column":6},"end":{"line":48,"column":54}},"148":{"start":{"line":49,"column":6},"end":{"line":49,"column":24}},"149":{"start":{"line":50,"column":6},"end":{"line":50,"column":19}},"150":{"start":{"line":52,"column":6},"end":{"line":52,"column":29}},"151":{"start":{"line":53,"column":6},"end":{"line":53,"column":23}},"152":{"start":{"line":54,"column":6},"end":{"line":54,"column":18}},"153":{"start":{"line":57,"column":23},"end":{"line":72,"column":3}},"154":{"start":{"line":58,"column":14},"end":{"line":58,"column":78}},"155":{"start":{"line":59,"column":4},"end":{"line":71,"column":5}},"156":{"start":{"line":60,"column":6},"end":{"line":60,"column":55}},"157":{"start":{"line":61,"column":6},"end":{"line":61,"column":27}},"158":{"start":{"line":62,"column":6},"end":{"line":62,"column":19}},"159":{"start":{"line":63,"column":11},"end":{"line":71,"column":5}},"160":{"start":{"line":64,"column":6},"end":{"line":64,"column":142}},"161":{"start":{"line":65,"column":6},"end":{"line":65,"column":27}},"162":{"start":{"line":66,"column":6},"end":{"line":66,"column":19}},"163":{"start":{"line":68,"column":6},"end":{"line":68,"column":32}},"164":{"start":{"line":69,"column":6},"end":{"line":69,"column":26}},"165":{"start":{"line":70,"column":6},"end":{"line":70,"column":18}},"166":{"start":{"line":73,"column":29},"end":{"line":89,"column":3}},"167":{"start":{"line":74,"column":17},"end":{"line":74,"column":38}},"168":{"start":{"line":75,"column":4},"end":{"line":83,"column":30}},"169":{"start":{"line":76,"column":6},"end":{"line":76,"column":54}},"170":{"start":{"line":77,"column":6},"end":{"line":77,"column":33}},"171":{"start":{"line":78,"column":6},"end":{"line":78,"column":19}},"172":{"start":{"line":79,"column":11},"end":{"line":83,"column":30}},"173":{"start":{"line":80,"column":6},"end":{"line":80,"column":79}},"174":{"start":{"line":81,"column":6},"end":{"line":81,"column":33}},"175":{"start":{"line":82,"column":6},"end":{"line":82,"column":19}},"176":{"start":{"line":83,"column":11},"end":{"line":83,"column":30}},"177":{"start":{"line":85,"column":6},"end":{"line":85,"column":32}},"178":{"start":{"line":86,"column":6},"end":{"line":86,"column":28}},"179":{"start":{"line":87,"column":6},"end":{"line":87,"column":18}},"180":{"start":{"line":90,"column":2},"end":{"line":171,"column":267}},"181":{"start":{"line":162,"column":8},"end":{"line":164,"column":9}},"182":{"start":{"line":163,"column":10},"end":{"line":163,"column":38}},"183":{"start":{"line":171,"column":83},"end":{"line":171,"column":112}},"184":{"start":{"line":179,"column":13},"end":{"line":278,"column":44}},"185":{"start":{"line":281,"column":0},"end":{"line":281,"column":6}},"186":{"start":{"line":281,"column":7},"end":{"line":281,"column":34}}},"fnMap":{"0":{"name":"_interopRequireDefault","decl":{"start":{"line":5,"column":160},"end":{"line":5,"column":182}},"loc":{"start":{"line":5,"column":188},"end":{"line":5,"column":244}},"line":5},"1":{"name":"_getRequireWildcardCache","decl":{"start":{"line":5,"column":253},"end":{"line":5,"column":277}},"loc":{"start":{"line":5,"column":291},"end":{"line":5,"column":572}},"line":5},"2":{"name":"_getRequireWildcardCache","decl":{"start":{"line":5,"column":458},"end":{"line":5,"column":482}},"loc":{"start":{"line":5,"column":496},"end":{"line":5,"column":556}},"line":5},"3":{"name":"_interopRequireWildcard","decl":{"start":{"line":5,"column":581},"end":{"line":5,"column":604}},"loc":{"start":{"line":5,"column":623},"end":{"line":5,"column":1348}},"line":5},"4":{"name":"_slicedToArray","decl":{"start":{"line":5,"column":1357},"end":{"line":5,"column":1371}},"loc":{"start":{"line":5,"column":1380},"end":{"line":5,"column":1504}},"line":5},"5":{"name":"_nonIterableRest","decl":{"start":{"line":5,"column":1513},"end":{"line":5,"column":1529}},"loc":{"start":{"line":5,"column":1532},"end":{"line":5,"column":1695}},"line":5},"6":{"name":"_unsupportedIterableToArray","decl":{"start":{"line":5,"column":1704},"end":{"line":5,"column":1731}},"loc":{"start":{"line":5,"column":1743},"end":{"line":5,"column":2104}},"line":5},"7":{"name":"_arrayLikeToArray","decl":{"start":{"line":5,"column":2113},"end":{"line":5,"column":2130}},"loc":{"start":{"line":5,"column":2141},"end":{"line":5,"column":2281}},"line":5},"8":{"name":"_iterableToArrayLimit","decl":{"start":{"line":5,"column":2290},"end":{"line":5,"column":2311}},"loc":{"start":{"line":5,"column":2320},"end":{"line":5,"column":2771}},"line":5},"9":{"name":"_arrayWithHoles","decl":{"start":{"line":5,"column":2780},"end":{"line":5,"column":2795}},"loc":{"start":{"line":5,"column":2801},"end":{"line":5,"column":2838}},"line":5},"10":{"name":"Signup","decl":{"start":{"line":6,"column":22},"end":{"line":6,"column":28}},"loc":{"start":{"line":6,"column":35},"end":{"line":177,"column":1}},"line":6},"11":{"name":"handleName","decl":{"start":{"line":22,"column":28},"end":{"line":22,"column":38}},"loc":{"start":{"line":22,"column":41},"end":{"line":39,"column":3}},"line":22},"12":{"name":"handleValidEmail","decl":{"start":{"line":41,"column":34},"end":{"line":41,"column":50}},"loc":{"start":{"line":41,"column":53},"end":{"line":56,"column":3}},"line":41},"13":{"name":"handlePassword","decl":{"start":{"line":57,"column":32},"end":{"line":57,"column":46}},"loc":{"start":{"line":57,"column":49},"end":{"line":72,"column":3}},"line":57},"14":{"name":"handlePasswordRetype","decl":{"start":{"line":73,"column":38},"end":{"line":73,"column":58}},"loc":{"start":{"line":73,"column":61},"end":{"line":89,"column":3}},"line":73},"15":{"name":"onPress","decl":{"start":{"line":161,"column":122},"end":{"line":161,"column":129}},"loc":{"start":{"line":161,"column":132},"end":{"line":165,"column":7}},"line":161},"16":{"name":"onPress","decl":{"start":{"line":171,"column":72},"end":{"line":171,"column":79}},"loc":{"start":{"line":171,"column":82},"end":{"line":171,"column":113}},"line":171}},"branchMap":{"0":{"loc":{"start":{"line":5,"column":196},"end":{"line":5,"column":242}},"type":"cond-expr","locations":[{"start":{"line":5,"column":220},"end":{"line":5,"column":223}},{"start":{"line":5,"column":226},"end":{"line":5,"column":242}}],"line":5},"1":{"loc":{"start":{"line":5,"column":196},"end":{"line":5,"column":217}},"type":"binary-expr","locations":[{"start":{"line":5,"column":196},"end":{"line":5,"column":199}},{"start":{"line":5,"column":203},"end":{"line":5,"column":217}}],"line":5},"2":{"loc":{"start":{"line":5,"column":292},"end":{"line":5,"column":339}},"type":"if","locations":[{"start":{"line":5,"column":292},"end":{"line":5,"column":339}},{"start":{},"end":{}}],"line":5},"3":{"loc":{"start":{"line":5,"column":504},"end":{"line":5,"column":554}},"type":"cond-expr","locations":[{"start":{"line":5,"column":518},"end":{"line":5,"column":534}},{"start":{"line":5,"column":537},"end":{"line":5,"column":554}}],"line":5},"4":{"loc":{"start":{"line":5,"column":624},"end":{"line":5,"column":680}},"type":"if","locations":[{"start":{"line":5,"column":624},"end":{"line":5,"column":680}},{"start":{},"end":{}}],"line":5},"5":{"loc":{"start":{"line":5,"column":628},"end":{"line":5,"column":665}},"type":"binary-expr","locations":[{"start":{"line":5,"column":628},"end":{"line":5,"column":640}},{"start":{"line":5,"column":644},"end":{"line":5,"column":647}},{"start":{"line":5,"column":651},"end":{"line":5,"column":665}}],"line":5},"6":{"loc":{"start":{"line":5,"column":680},"end":{"line":5,"column":780}},"type":"if","locations":[{"start":{"line":5,"column":680},"end":{"line":5,"column":780}},{"start":{},"end":{}}],"line":5},"7":{"loc":{"start":{"line":5,"column":684},"end":{"line":5,"column":752}},"type":"binary-expr","locations":[{"start":{"line":5,"column":684},"end":{"line":5,"column":696}},{"start":{"line":5,"column":700},"end":{"line":5,"column":723}},{"start":{"line":5,"column":727},"end":{"line":5,"column":752}}],"line":5},"8":{"loc":{"start":{"line":5,"column":830},"end":{"line":5,"column":883}},"type":"if","locations":[{"start":{"line":5,"column":830},"end":{"line":5,"column":883}},{"start":{},"end":{}}],"line":5},"9":{"loc":{"start":{"line":5,"column":834},"end":{"line":5,"column":857}},"type":"binary-expr","locations":[{"start":{"line":5,"column":834},"end":{"line":5,"column":839}},{"start":{"line":5,"column":843},"end":{"line":5,"column":857}}],"line":5},"10":{"loc":{"start":{"line":5,"column":927},"end":{"line":5,"column":983}},"type":"binary-expr","locations":[{"start":{"line":5,"column":927},"end":{"line":5,"column":948}},{"start":{"line":5,"column":952},"end":{"line":5,"column":983}}],"line":5},"11":{"loc":{"start":{"line":5,"column":1006},"end":{"line":5,"column":1275}},"type":"if","locations":[{"start":{"line":5,"column":1006},"end":{"line":5,"column":1275}},{"start":{},"end":{}}],"line":5},"12":{"loc":{"start":{"line":5,"column":1010},"end":{"line":5,"column":1077}},"type":"binary-expr","locations":[{"start":{"line":5,"column":1010},"end":{"line":5,"column":1027}},{"start":{"line":5,"column":1031},"end":{"line":5,"column":1077}}],"line":5},"13":{"loc":{"start":{"line":5,"column":1091},"end":{"line":5,"column":1163}},"type":"cond-expr","locations":[{"start":{"line":5,"column":1115},"end":{"line":5,"column":1156}},{"start":{"line":5,"column":1159},"end":{"line":5,"column":1163}}],"line":5},"14":{"loc":{"start":{"line":5,"column":1164},"end":{"line":5,"column":1274}},"type":"if","locations":[{"start":{"line":5,"column":1164},"end":{"line":5,"column":1274}},{"start":{"line":5,"column":1249},"end":{"line":5,"column":1274}}],"line":5},"15":{"loc":{"start":{"line":5,"column":1168},"end":{"line":5,"column":1198}},"type":"binary-expr","locations":[{"start":{"line":5,"column":1168},"end":{"line":5,"column":1172}},{"start":{"line":5,"column":1177},"end":{"line":5,"column":1185}},{"start":{"line":5,"column":1189},"end":{"line":5,"column":1197}}],"line":5},"16":{"loc":{"start":{"line":5,"column":1297},"end":{"line":5,"column":1333}},"type":"if","locations":[{"start":{"line":5,"column":1297},"end":{"line":5,"column":1333}},{"start":{},"end":{}}],"line":5},"17":{"loc":{"start":{"line":5,"column":1388},"end":{"line":5,"column":1502}},"type":"binary-expr","locations":[{"start":{"line":5,"column":1388},"end":{"line":5,"column":1408}},{"start":{"line":5,"column":1412},"end":{"line":5,"column":1441}},{"start":{"line":5,"column":1445},"end":{"line":5,"column":1480}},{"start":{"line":5,"column":1484},"end":{"line":5,"column":1502}}],"line":5},"18":{"loc":{"start":{"line":5,"column":1744},"end":{"line":5,"column":1759}},"type":"if","locations":[{"start":{"line":5,"column":1744},"end":{"line":5,"column":1759}},{"start":{},"end":{}}],"line":5},"19":{"loc":{"start":{"line":5,"column":1759},"end":{"line":5,"column":1822}},"type":"if","locations":[{"start":{"line":5,"column":1759},"end":{"line":5,"column":1822}},{"start":{},"end":{}}],"line":5},"20":{"loc":{"start":{"line":5,"column":1877},"end":{"line":5,"column":1937}},"type":"if","locations":[{"start":{"line":5,"column":1877},"end":{"line":5,"column":1937}},{"start":{},"end":{}}],"line":5},"21":{"loc":{"start":{"line":5,"column":1881},"end":{"line":5,"column":1912}},"type":"binary-expr","locations":[{"start":{"line":5,"column":1881},"end":{"line":5,"column":1895}},{"start":{"line":5,"column":1899},"end":{"line":5,"column":1912}}],"line":5},"22":{"loc":{"start":{"line":5,"column":1937},"end":{"line":5,"column":1990}},"type":"if","locations":[{"start":{"line":5,"column":1937},"end":{"line":5,"column":1990}},{"start":{},"end":{}}],"line":5},"23":{"loc":{"start":{"line":5,"column":1941},"end":{"line":5,"column":1967}},"type":"binary-expr","locations":[{"start":{"line":5,"column":1941},"end":{"line":5,"column":1952}},{"start":{"line":5,"column":1956},"end":{"line":5,"column":1967}}],"line":5},"24":{"loc":{"start":{"line":5,"column":1990},"end":{"line":5,"column":2103}},"type":"if","locations":[{"start":{"line":5,"column":1990},"end":{"line":5,"column":2103}},{"start":{},"end":{}}],"line":5},"25":{"loc":{"start":{"line":5,"column":1994},"end":{"line":5,"column":2065}},"type":"binary-expr","locations":[{"start":{"line":5,"column":1994},"end":{"line":5,"column":2011}},{"start":{"line":5,"column":2015},"end":{"line":5,"column":2065}}],"line":5},"26":{"loc":{"start":{"line":5,"column":2142},"end":{"line":5,"column":2196}},"type":"if","locations":[{"start":{"line":5,"column":2142},"end":{"line":5,"column":2196}},{"start":{},"end":{}}],"line":5},"27":{"loc":{"start":{"line":5,"column":2146},"end":{"line":5,"column":2177}},"type":"binary-expr","locations":[{"start":{"line":5,"column":2146},"end":{"line":5,"column":2157}},{"start":{"line":5,"column":2161},"end":{"line":5,"column":2177}}],"line":5},"28":{"loc":{"start":{"line":5,"column":2330},"end":{"line":5,"column":2425}},"type":"cond-expr","locations":[{"start":{"line":5,"column":2344},"end":{"line":5,"column":2348}},{"start":{"line":5,"column":2351},"end":{"line":5,"column":2425}}],"line":5},"29":{"loc":{"start":{"line":5,"column":2351},"end":{"line":5,"column":2425}},"type":"binary-expr","locations":[{"start":{"line":5,"column":2351},"end":{"line":5,"column":2380}},{"start":{"line":5,"column":2384},"end":{"line":5,"column":2404}},{"start":{"line":5,"column":2408},"end":{"line":5,"column":2425}}],"line":5},"30":{"loc":{"start":{"line":5,"column":2426},"end":{"line":5,"column":2449}},"type":"if","locations":[{"start":{"line":5,"column":2426},"end":{"line":5,"column":2449}},{"start":{},"end":{}}],"line":5},"31":{"loc":{"start":{"line":5,"column":2595},"end":{"line":5,"column":2629}},"type":"if","locations":[{"start":{"line":5,"column":2595},"end":{"line":5,"column":2629}},{"start":{},"end":{}}],"line":5},"32":{"loc":{"start":{"line":5,"column":2599},"end":{"line":5,"column":2621}},"type":"binary-expr","locations":[{"start":{"line":5,"column":2599},"end":{"line":5,"column":2600}},{"start":{"line":5,"column":2604},"end":{"line":5,"column":2621}}],"line":5},"33":{"loc":{"start":{"line":5,"column":2680},"end":{"line":5,"column":2728}},"type":"if","locations":[{"start":{"line":5,"column":2680},"end":{"line":5,"column":2728}},{"start":{},"end":{}}],"line":5},"34":{"loc":{"start":{"line":5,"column":2684},"end":{"line":5,"column":2711}},"type":"binary-expr","locations":[{"start":{"line":5,"column":2684},"end":{"line":5,"column":2687}},{"start":{"line":5,"column":2691},"end":{"line":5,"column":2711}}],"line":5},"35":{"loc":{"start":{"line":5,"column":2739},"end":{"line":5,"column":2756}},"type":"if","locations":[{"start":{"line":5,"column":2739},"end":{"line":5,"column":2756}},{"start":{},"end":{}}],"line":5},"36":{"loc":{"start":{"line":5,"column":2802},"end":{"line":5,"column":2837}},"type":"if","locations":[{"start":{"line":5,"column":2802},"end":{"line":5,"column":2837}},{"start":{},"end":{}}],"line":5},"37":{"loc":{"start":{"line":25,"column":4},"end":{"line":33,"column":24}},"type":"if","locations":[{"start":{"line":25,"column":4},"end":{"line":33,"column":24}},{"start":{"line":29,"column":11},"end":{"line":33,"column":24}}],"line":25},"38":{"loc":{"start":{"line":25,"column":8},"end":{"line":25,"column":55}},"type":"binary-expr","locations":[{"start":{"line":25,"column":8},"end":{"line":25,"column":18}},{"start":{"line":25,"column":22},"end":{"line":25,"column":39}},{"start":{"line":25,"column":43},"end":{"line":25,"column":55}}],"line":25},"39":{"loc":{"start":{"line":29,"column":11},"end":{"line":33,"column":24}},"type":"if","locations":[{"start":{"line":29,"column":11},"end":{"line":33,"column":24}},{"start":{"line":33,"column":11},"end":{"line":33,"column":24}}],"line":29},"40":{"loc":{"start":{"line":43,"column":4},"end":{"line":55,"column":5}},"type":"if","locations":[{"start":{"line":43,"column":4},"end":{"line":55,"column":5}},{"start":{"line":47,"column":11},"end":{"line":55,"column":5}}],"line":43},"41":{"loc":{"start":{"line":43,"column":8},"end":{"line":43,"column":58}},"type":"binary-expr","locations":[{"start":{"line":43,"column":8},"end":{"line":43,"column":19}},{"start":{"line":43,"column":23},"end":{"line":43,"column":41}},{"start":{"line":43,"column":45},"end":{"line":43,"column":58}}],"line":43},"42":{"loc":{"start":{"line":47,"column":11},"end":{"line":55,"column":5}},"type":"if","locations":[{"start":{"line":47,"column":11},"end":{"line":55,"column":5}},{"start":{"line":51,"column":11},"end":{"line":55,"column":5}}],"line":47},"43":{"loc":{"start":{"line":59,"column":4},"end":{"line":71,"column":5}},"type":"if","locations":[{"start":{"line":59,"column":4},"end":{"line":71,"column":5}},{"start":{"line":63,"column":11},"end":{"line":71,"column":5}}],"line":59},"44":{"loc":{"start":{"line":59,"column":8},"end":{"line":59,"column":67}},"type":"binary-expr","locations":[{"start":{"line":59,"column":8},"end":{"line":59,"column":22}},{"start":{"line":59,"column":26},"end":{"line":59,"column":47}},{"start":{"line":59,"column":51},"end":{"line":59,"column":67}}],"line":59},"45":{"loc":{"start":{"line":63,"column":11},"end":{"line":71,"column":5}},"type":"if","locations":[{"start":{"line":63,"column":11},"end":{"line":71,"column":5}},{"start":{"line":67,"column":11},"end":{"line":71,"column":5}}],"line":63},"46":{"loc":{"start":{"line":75,"column":4},"end":{"line":83,"column":30}},"type":"if","locations":[{"start":{"line":75,"column":4},"end":{"line":83,"column":30}},{"start":{"line":79,"column":11},"end":{"line":83,"column":30}}],"line":75},"47":{"loc":{"start":{"line":75,"column":8},"end":{"line":75,"column":61}},"type":"binary-expr","locations":[{"start":{"line":75,"column":8},"end":{"line":75,"column":20}},{"start":{"line":75,"column":24},"end":{"line":75,"column":43}},{"start":{"line":75,"column":47},"end":{"line":75,"column":61}}],"line":75},"48":{"loc":{"start":{"line":79,"column":11},"end":{"line":83,"column":30}},"type":"if","locations":[{"start":{"line":79,"column":11},"end":{"line":83,"column":30}},{"start":{"line":83,"column":11},"end":{"line":83,"column":30}}],"line":79},"49":{"loc":{"start":{"line":109,"column":4},"end":{"line":109,"column":208}},"type":"cond-expr","locations":[{"start":{"line":109,"column":21},"end":{"line":109,"column":25}},{"start":{"line":109,"column":28},"end":{"line":109,"column":208}}],"line":109},"50":{"loc":{"start":{"line":125,"column":4},"end":{"line":125,"column":210}},"type":"cond-expr","locations":[{"start":{"line":125,"column":22},"end":{"line":125,"column":26}},{"start":{"line":125,"column":29},"end":{"line":125,"column":210}}],"line":125},"51":{"loc":{"start":{"line":141,"column":4},"end":{"line":141,"column":216}},"type":"cond-expr","locations":[{"start":{"line":141,"column":25},"end":{"line":141,"column":29}},{"start":{"line":141,"column":32},"end":{"line":141,"column":216}}],"line":141},"52":{"loc":{"start":{"line":154,"column":4},"end":{"line":154,"column":222}},"type":"cond-expr","locations":[{"start":{"line":154,"column":31},"end":{"line":154,"column":35}},{"start":{"line":154,"column":38},"end":{"line":154,"column":222}}],"line":154},"53":{"loc":{"start":{"line":162,"column":8},"end":{"line":164,"column":9}},"type":"if","locations":[{"start":{"line":162,"column":8},"end":{"line":164,"column":9}},{"start":{},"end":{}}],"line":162},"54":{"loc":{"start":{"line":162,"column":12},"end":{"line":162,"column":92}},"type":"binary-expr","locations":[{"start":{"line":162,"column":12},"end":{"line":162,"column":24}},{"start":{"line":162,"column":28},"end":{"line":162,"column":46}},{"start":{"line":162,"column":50},"end":{"line":162,"column":66}},{"start":{"line":162,"column":70},"end":{"line":162,"column":92}}],"line":162}},"s":{"0":2,"1":2,"2":2,"3":2,"4":2,"5":2,"6":2,"7":2,"8":2,"9":4,"10":2,"11":0,"12":2,"13":2,"14":2,"15":2,"16":2,"17":0,"18":2,"19":0,"20":2,"21":2,"22":0,"23":2,"24":2,"25":2,"26":56,"27":56,"28":56,"29":0,"30":56,"31":2,"32":2,"33":2,"34":2,"35":108,"36":0,"37":0,"38":0,"39":0,"40":0,"41":0,"42":0,"43":0,"44":0,"45":0,"46":0,"47":0,"48":0,"49":0,"50":0,"51":0,"52":0,"53":0,"54":0,"55":0,"56":0,"57":0,"58":0,"59":0,"60":0,"61":0,"62":0,"63":0,"64":0,"65":0,"66":0,"67":0,"68":0,"69":0,"70":0,"71":0,"72":0,"73":0,"74":108,"75":108,"76":2,"77":9,"78":9,"79":9,"80":9,"81":9,"82":9,"83":9,"84":9,"85":9,"86":9,"87":9,"88":9,"89":9,"90":9,"91":9,"92":9,"93":9,"94":9,"95":9,"96":9,"97":9,"98":9,"99":9,"100":9,"101":9,"102":9,"103":9,"104":9,"105":9,"106":9,"107":9,"108":9,"109":9,"110":9,"111":9,"112":9,"113":9,"114":9,"115":9,"116":9,"117":9,"118":9,"119":9,"120":9,"121":9,"122":9,"123":9,"124":9,"125":9,"126":9,"127":0,"128":0,"129":0,"130":0,"131":0,"132":0,"133":0,"134":0,"135":0,"136":0,"137":0,"138":0,"139":0,"140":9,"141":0,"142":0,"143":0,"144":0,"145":0,"146":0,"147":0,"148":0,"149":0,"150":0,"151":0,"152":0,"153":9,"154":0,"155":0,"156":0,"157":0,"158":0,"159":0,"160":0,"161":0,"162":0,"163":0,"164":0,"165":0,"166":9,"167":0,"168":0,"169":0,"170":0,"171":0,"172":0,"173":0,"174":0,"175":0,"176":0,"177":0,"178":0,"179":0,"180":9,"181":0,"182":0,"183":1,"184":2,"185":2,"186":2},"f":{"0":4,"1":2,"2":2,"3":2,"4":108,"5":0,"6":0,"7":0,"8":0,"9":108,"10":9,"11":0,"12":0,"13":0,"14":0,"15":0,"16":1},"b":{"0":[2,2],"1":[4,4],"2":[0,2],"3":[0,2],"4":[0,2],"5":[2,2,2],"6":[0,2],"7":[2,2,0],"8":[0,2],"9":[2,2],"10":[2,2],"11":[56,0],"12":[56,56],"13":[56,0],"14":[0,56],"15":[56,56,56],"16":[2,0],"17":[108,0,0,0],"18":[0,0],"19":[0,0],"20":[0,0],"21":[0,0],"22":[0,0],"23":[0,0],"24":[0,0],"25":[0,0],"26":[0,0],"27":[0,0],"28":[0,0],"29":[0,0,0],"30":[0,0],"31":[0,0],"32":[0,0],"33":[0,0],"34":[0,0],"35":[0,0],"36":[108,0],"37":[0,0],"38":[0,0,0],"39":[0,0],"40":[0,0],"41":[0,0,0],"42":[0,0],"43":[0,0],"44":[0,0,0],"45":[0,0],"46":[0,0],"47":[0,0,0],"48":[0,0],"49":[9,0],"50":[9,0],"51":[9,0],"52":[9,0],"53":[0,0],"54":[0,0,0,0]},"inputSourceMap":null,"_coverageSchema":"1a1c01bbd47fc00a2c39e90264f33305004495a9","hash":"f7f6d4f5924f7c8eb2b5ef35d7caadd72a923184"}
}
