{"C:\\workspace\\sampleapp\\App.js": {"path":"C:\\workspace\\sampleapp\\App.js","statementMap":{"0":{"start":{"line":1,"column":13},"end":{"line":1,"column":75}},"1":{"start":{"line":1,"column":75},"end":{"line":1,"column":97}},"2":{"start":{"line":1,"column":109},"end":{"line":1,"column":150}},"3":{"start":{"line":2,"column":14},"end":{"line":2,"column":49}},"4":{"start":{"line":3,"column":13},"end":{"line":3,"column":62}},"5":{"start":{"line":4,"column":13},"end":{"line":4,"column":47}},"6":{"start":{"line":5,"column":14},"end":{"line":5,"column":64}},"7":{"start":{"line":6,"column":22},"end":{"line":6,"column":80}},"8":{"start":{"line":7,"column":17},"end":{"line":7,"column":70}},"9":{"start":{"line":8,"column":21},"end":{"line":8,"column":78}},"10":{"start":{"line":9,"column":18},"end":{"line":9,"column":40}},"11":{"start":{"line":10,"column":13},"end":{"line":10,"column":37}},"12":{"start":{"line":11,"column":22},"end":{"line":11,"column":80}},"13":{"start":{"line":12,"column":15},"end":{"line":12,"column":66}},"14":{"start":{"line":12,"column":86},"end":{"line":12,"column":120}},"15":{"start":{"line":12,"column":159},"end":{"line":12,"column":213}},"16":{"start":{"line":12,"column":262},"end":{"line":12,"column":309}},"17":{"start":{"line":12,"column":297},"end":{"line":12,"column":309}},"18":{"start":{"line":12,"column":333},"end":{"line":12,"column":346}},"19":{"start":{"line":12,"column":370},"end":{"line":12,"column":383}},"20":{"start":{"line":12,"column":384},"end":{"line":12,"column":541}},"21":{"start":{"line":12,"column":467},"end":{"line":12,"column":525}},"22":{"start":{"line":12,"column":594},"end":{"line":12,"column":650}},"23":{"start":{"line":12,"column":638},"end":{"line":12,"column":649}},"24":{"start":{"line":12,"column":650},"end":{"line":12,"column":750}},"25":{"start":{"line":12,"column":725},"end":{"line":12,"column":749}},"26":{"start":{"line":12,"column":762},"end":{"line":12,"column":799}},"27":{"start":{"line":12,"column":800},"end":{"line":12,"column":853}},"28":{"start":{"line":12,"column":830},"end":{"line":12,"column":852}},"29":{"start":{"line":12,"column":866},"end":{"line":12,"column":868}},"30":{"start":{"line":12,"column":897},"end":{"line":12,"column":953}},"31":{"start":{"line":12,"column":954},"end":{"line":12,"column":1246}},"32":{"start":{"line":12,"column":976},"end":{"line":12,"column":1245}},"33":{"start":{"line":12,"column":1061},"end":{"line":12,"column":1133}},"34":{"start":{"line":12,"column":1134},"end":{"line":12,"column":1244}},"35":{"start":{"line":12,"column":1171},"end":{"line":12,"column":1212}},"36":{"start":{"line":12,"column":1220},"end":{"line":12,"column":1243}},"37":{"start":{"line":12,"column":1246},"end":{"line":12,"column":1267}},"38":{"start":{"line":12,"column":1267},"end":{"line":12,"column":1303}},"39":{"start":{"line":12,"column":1279},"end":{"line":12,"column":1302}},"40":{"start":{"line":12,"column":1303},"end":{"line":12,"column":1317}},"41":{"start":{"line":13,"column":12},"end":{"line":13,"column":46}},"42":{"start":{"line":15,"column":2},"end":{"line":42,"column":192}},"43":{"start":{"line":28,"column":51},"end":{"line":28,"column":61}},"44":{"start":{"line":29,"column":19},"end":{"line":29,"column":36}},"45":{"start":{"line":30,"column":8},"end":{"line":36,"column":39}}},"fnMap":{"0":{"name":"_interopRequireDefault","decl":{"start":{"line":12,"column":130},"end":{"line":12,"column":152}},"loc":{"start":{"line":12,"column":158},"end":{"line":12,"column":214}},"line":12},"1":{"name":"_getRequireWildcardCache","decl":{"start":{"line":12,"column":223},"end":{"line":12,"column":247}},"loc":{"start":{"line":12,"column":261},"end":{"line":12,"column":542}},"line":12},"2":{"name":"_getRequireWildcardCache","decl":{"start":{"line":12,"column":428},"end":{"line":12,"column":452}},"loc":{"start":{"line":12,"column":466},"end":{"line":12,"column":526}},"line":12},"3":{"name":"_interopRequireWildcard","decl":{"start":{"line":12,"column":551},"end":{"line":12,"column":574}},"loc":{"start":{"line":12,"column":593},"end":{"line":12,"column":1318}},"line":12},"4":{"name":"App","decl":{"start":{"line":14,"column":9},"end":{"line":14,"column":12}},"loc":{"start":{"line":14,"column":15},"end":{"line":48,"column":1}},"line":14},"5":{"name":"options","decl":{"start":{"line":28,"column":24},"end":{"line":28,"column":31}},"loc":{"start":{"line":28,"column":38},"end":{"line":38,"column":7}},"line":28}},"branchMap":{"0":{"loc":{"start":{"line":12,"column":166},"end":{"line":12,"column":212}},"type":"cond-expr","locations":[{"start":{"line":12,"column":190},"end":{"line":12,"column":193}},{"start":{"line":12,"column":196},"end":{"line":12,"column":212}}],"line":12},"1":{"loc":{"start":{"line":12,"column":166},"end":{"line":12,"column":187}},"type":"binary-expr","locations":[{"start":{"line":12,"column":166},"end":{"line":12,"column":169}},{"start":{"line":12,"column":173},"end":{"line":12,"column":187}}],"line":12},"2":{"loc":{"start":{"line":12,"column":262},"end":{"line":12,"column":309}},"type":"if","locations":[{"start":{"line":12,"column":262},"end":{"line":12,"column":309}},{"start":{},"end":{}}],"line":12},"3":{"loc":{"start":{"line":12,"column":474},"end":{"line":12,"column":524}},"type":"cond-expr","locations":[{"start":{"line":12,"column":488},"end":{"line":12,"column":504}},{"start":{"line":12,"column":507},"end":{"line":12,"column":524}}],"line":12},"4":{"loc":{"start":{"line":12,"column":594},"end":{"line":12,"column":650}},"type":"if","locations":[{"start":{"line":12,"column":594},"end":{"line":12,"column":650}},{"start":{},"end":{}}],"line":12},"5":{"loc":{"start":{"line":12,"column":598},"end":{"line":12,"column":635}},"type":"binary-expr","locations":[{"start":{"line":12,"column":598},"end":{"line":12,"column":610}},{"start":{"line":12,"column":614},"end":{"line":12,"column":617}},{"start":{"line":12,"column":621},"end":{"line":12,"column":635}}],"line":12},"6":{"loc":{"start":{"line":12,"column":650},"end":{"line":12,"column":750}},"type":"if","locations":[{"start":{"line":12,"column":650},"end":{"line":12,"column":750}},{"start":{},"end":{}}],"line":12},"7":{"loc":{"start":{"line":12,"column":654},"end":{"line":12,"column":722}},"type":"binary-expr","locations":[{"start":{"line":12,"column":654},"end":{"line":12,"column":666}},{"start":{"line":12,"column":670},"end":{"line":12,"column":693}},{"start":{"line":12,"column":697},"end":{"line":12,"column":722}}],"line":12},"8":{"loc":{"start":{"line":12,"column":800},"end":{"line":12,"column":853}},"type":"if","locations":[{"start":{"line":12,"column":800},"end":{"line":12,"column":853}},{"start":{},"end":{}}],"line":12},"9":{"loc":{"start":{"line":12,"column":804},"end":{"line":12,"column":827}},"type":"binary-expr","locations":[{"start":{"line":12,"column":804},"end":{"line":12,"column":809}},{"start":{"line":12,"column":813},"end":{"line":12,"column":827}}],"line":12},"10":{"loc":{"start":{"line":12,"column":897},"end":{"line":12,"column":953}},"type":"binary-expr","locations":[{"start":{"line":12,"column":897},"end":{"line":12,"column":918}},{"start":{"line":12,"column":922},"end":{"line":12,"column":953}}],"line":12},"11":{"loc":{"start":{"line":12,"column":976},"end":{"line":12,"column":1245}},"type":"if","locations":[{"start":{"line":12,"column":976},"end":{"line":12,"column":1245}},{"start":{},"end":{}}],"line":12},"12":{"loc":{"start":{"line":12,"column":980},"end":{"line":12,"column":1047}},"type":"binary-expr","locations":[{"start":{"line":12,"column":980},"end":{"line":12,"column":997}},{"start":{"line":12,"column":1001},"end":{"line":12,"column":1047}}],"line":12},"13":{"loc":{"start":{"line":12,"column":1061},"end":{"line":12,"column":1133}},"type":"cond-expr","locations":[{"start":{"line":12,"column":1085},"end":{"line":12,"column":1126}},{"start":{"line":12,"column":1129},"end":{"line":12,"column":1133}}],"line":12},"14":{"loc":{"start":{"line":12,"column":1134},"end":{"line":12,"column":1244}},"type":"if","locations":[{"start":{"line":12,"column":1134},"end":{"line":12,"column":1244}},{"start":{"line":12,"column":1219},"end":{"line":12,"column":1244}}],"line":12},"15":{"loc":{"start":{"line":12,"column":1138},"end":{"line":12,"column":1168}},"type":"binary-expr","locations":[{"start":{"line":12,"column":1138},"end":{"line":12,"column":1142}},{"start":{"line":12,"column":1147},"end":{"line":12,"column":1155}},{"start":{"line":12,"column":1159},"end":{"line":12,"column":1167}}],"line":12},"16":{"loc":{"start":{"line":12,"column":1267},"end":{"line":12,"column":1303}},"type":"if","locations":[{"start":{"line":12,"column":1267},"end":{"line":12,"column":1303}},{"start":{},"end":{}}],"line":12}},"s":{"0":1,"1":1,"2":1,"3":1,"4":1,"5":1,"6":1,"7":1,"8":1,"9":1,"10":1,"11":1,"12":1,"13":1,"14":1,"15":7,"16":1,"17":0,"18":1,"19":1,"20":1,"21":1,"22":1,"23":0,"24":1,"25":0,"26":1,"27":1,"28":0,"29":1,"30":1,"31":1,"32":28,"33":28,"34":28,"35":0,"36":28,"37":1,"38":1,"39":1,"40":1,"41":1,"42":2,"43":0,"44":0,"45":0},"f":{"0":7,"1":1,"2":1,"3":1,"4":2,"5":0},"b":{"0":[7,0],"1":[7,7],"2":[0,1],"3":[0,1],"4":[0,1],"5":[1,1,1],"6":[0,1],"7":[1,1,0],"8":[0,1],"9":[1,1],"10":[1,1],"11":[28,0],"12":[28,28],"13":[28,0],"14":[0,28],"15":[28,28,28],"16":[1,0]},"inputSourceMap":null,"_coverageSchema":"1a1c01bbd47fc00a2c39e90264f33305004495a9","hash":"27fa6da661cc3e1f6f745fa714eaa0e3ee77d4ac"}
,"C:\\workspace\\sampleapp\\Component\\ProductComponent.js": {"path":"C:\\workspace\\sampleapp\\Component\\ProductComponent.js","statementMap":{"0":{"start":{"line":1,"column":13},"end":{"line":1,"column":75}},"1":{"start":{"line":1,"column":75},"end":{"line":1,"column":100}},"2":{"start":{"line":1,"column":119},"end":{"line":1,"column":142}},"3":{"start":{"line":2,"column":13},"end":{"line":2,"column":53}},"4":{"start":{"line":3,"column":14},"end":{"line":3,"column":67}},"5":{"start":{"line":4,"column":23},"end":{"line":4,"column":85}},"6":{"start":{"line":4,"column":98},"end":{"line":4,"column":102}},"7":{"start":{"line":4,"column":118},"end":{"line":4,"column":176}},"8":{"start":{"line":4,"column":215},"end":{"line":4,"column":269}},"9":{"start":{"line":6,"column":23},"end":{"line":26,"column":1}},"10":{"start":{"line":6,"column":67},"end":{"line":6,"column":76}},"11":{"start":{"line":6,"column":87},"end":{"line":6,"column":99}},"12":{"start":{"line":8,"column":2},"end":{"line":8,"column":33}},"13":{"start":{"line":9,"column":2},"end":{"line":18,"column":227}},"14":{"start":{"line":29,"column":13},"end":{"line":60,"column":27}},"15":{"start":{"line":65,"column":0},"end":{"line":65,"column":16}},"16":{"start":{"line":65,"column":17},"end":{"line":65,"column":44}}},"fnMap":{"0":{"name":"_interopRequireDefault","decl":{"start":{"line":4,"column":186},"end":{"line":4,"column":208}},"loc":{"start":{"line":4,"column":214},"end":{"line":4,"column":270}},"line":4},"1":{"name":"ProductComponent","decl":{"start":{"line":6,"column":32},"end":{"line":6,"column":48}},"loc":{"start":{"line":6,"column":55},"end":{"line":26,"column":1}},"line":6}},"branchMap":{"0":{"loc":{"start":{"line":4,"column":222},"end":{"line":4,"column":268}},"type":"cond-expr","locations":[{"start":{"line":4,"column":246},"end":{"line":4,"column":249}},{"start":{"line":4,"column":252},"end":{"line":4,"column":268}}],"line":4},"1":{"loc":{"start":{"line":4,"column":222},"end":{"line":4,"column":243}},"type":"binary-expr","locations":[{"start":{"line":4,"column":222},"end":{"line":4,"column":225}},{"start":{"line":4,"column":229},"end":{"line":4,"column":243}}],"line":4}},"s":{"0":1,"1":1,"2":1,"3":1,"4":1,"5":1,"6":1,"7":1,"8":3,"9":1,"10":0,"11":0,"12":0,"13":0,"14":1,"15":1,"16":1},"f":{"0":3,"1":0},"b":{"0":[2,1],"1":[3,3]},"inputSourceMap":null,"_coverageSchema":"1a1c01bbd47fc00a2c39e90264f33305004495a9","hash":"d1fa0078ebd1c205dc6544081e7e9762e54d7a82"}
,"C:\\workspace\\sampleapp\\constant\\Colors.js": {"path":"C:\\workspace\\sampleapp\\constant\\Colors.js","statementMap":{"0":{"start":{"line":1,"column":13},"end":{"line":1,"column":75}},"1":{"start":{"line":1,"column":75},"end":{"line":1,"column":100}},"2":{"start":{"line":1,"column":115},"end":{"line":13,"column":28}},"3":{"start":{"line":13,"column":29},"end":{"line":13,"column":56}}},"fnMap":{},"branchMap":{},"s":{"0":4,"1":4,"2":4,"3":4},"f":{},"b":{},"inputSourceMap":null,"_coverageSchema":"1a1c01bbd47fc00a2c39e90264f33305004495a9","hash":"a8509b0ec050ff4ea3c23908aeb91eb05facb552"}
,"C:\\workspace\\sampleapp\\constant\\constantElement.js": {"path":"C:\\workspace\\sampleapp\\constant\\constantElement.js","statementMap":{"0":{"start":{"line":1,"column":13},"end":{"line":1,"column":75}},"1":{"start":{"line":1,"column":75},"end":{"line":1,"column":100}},"2":{"start":{"line":1,"column":115},"end":{"line":6,"column":35}},"3":{"start":{"line":6,"column":36},"end":{"line":6,"column":63}}},"fnMap":{},"branchMap":{},"s":{"0":3,"1":3,"2":3,"3":3},"f":{},"b":{},"inputSourceMap":null,"_coverageSchema":"1a1c01bbd47fc00a2c39e90264f33305004495a9","hash":"278a211177c358c210bc941723389f192cd5419a"}
,"C:\\workspace\\sampleapp\\redux\\action.js": {"path":"C:\\workspace\\sampleapp\\redux\\action.js","statementMap":{"0":{"start":{"line":1,"column":13},"end":{"line":1,"column":75}},"1":{"start":{"line":1,"column":75},"end":{"line":1,"column":169}},"2":{"start":{"line":4,"column":13},"end":{"line":4,"column":53}},"3":{"start":{"line":4,"column":92},"end":{"line":4,"column":146}},"4":{"start":{"line":4,"column":166},"end":{"line":4,"column":180}},"5":{"start":{"line":4,"column":181},"end":{"line":4,"column":217}},"6":{"start":{"line":4,"column":235},"end":{"line":4,"column":248}},"7":{"start":{"line":4,"column":249},"end":{"line":4,"column":283}},"8":{"start":{"line":4,"column":300},"end":{"line":4,"column":312}},"9":{"start":{"line":4,"column":313},"end":{"line":4,"column":345}},"10":{"start":{"line":6,"column":17},"end":{"line":26,"column":1}},"11":{"start":{"line":7,"column":2},"end":{"line":25,"column":3}},"12":{"start":{"line":8,"column":4},"end":{"line":21,"column":90}},"13":{"start":{"line":8,"column":47},"end":{"line":21,"column":88}},"14":{"start":{"line":8,"column":108},"end":{"line":21,"column":58}},"15":{"start":{"line":8,"column":119},"end":{"line":21,"column":57}},"16":{"start":{"line":8,"column":166},"end":{"line":8,"column":184}},"17":{"start":{"line":8,"column":184},"end":{"line":9,"column":108}},"18":{"start":{"line":9,"column":115},"end":{"line":9,"column":135}},"19":{"start":{"line":10,"column":14},"end":{"line":10,"column":51}},"20":{"start":{"line":11,"column":14},"end":{"line":21,"column":15}},"21":{"start":{"line":13,"column":16},"end":{"line":15,"column":39}},"22":{"start":{"line":19,"column":16},"end":{"line":19,"column":75}},"23":{"start":{"line":21,"column":33},"end":{"line":21,"column":56}},"24":{"start":{"line":24,"column":4},"end":{"line":24,"column":51}},"25":{"start":{"line":26,"column":2},"end":{"line":26,"column":34}}},"fnMap":{"0":{"name":"_interopRequireDefault","decl":{"start":{"line":4,"column":63},"end":{"line":4,"column":85}},"loc":{"start":{"line":4,"column":91},"end":{"line":4,"column":147}},"line":4},"1":{"name":"getproduct","decl":{"start":{"line":6,"column":26},"end":{"line":6,"column":36}},"loc":{"start":{"line":6,"column":39},"end":{"line":26,"column":1}},"line":6},"2":{"name":"_callee","decl":{"start":{"line":8,"column":20},"end":{"line":8,"column":27}},"loc":{"start":{"line":8,"column":38},"end":{"line":21,"column":89}},"line":8},"3":{"name":"_callee$","decl":{"start":{"line":8,"column":88},"end":{"line":8,"column":96}},"loc":{"start":{"line":8,"column":107},"end":{"line":21,"column":59}},"line":8}},"branchMap":{"0":{"loc":{"start":{"line":4,"column":99},"end":{"line":4,"column":145}},"type":"cond-expr","locations":[{"start":{"line":4,"column":123},"end":{"line":4,"column":126}},{"start":{"line":4,"column":129},"end":{"line":4,"column":145}}],"line":4},"1":{"loc":{"start":{"line":4,"column":99},"end":{"line":4,"column":120}},"type":"binary-expr","locations":[{"start":{"line":4,"column":99},"end":{"line":4,"column":102}},{"start":{"line":4,"column":106},"end":{"line":4,"column":120}}],"line":4},"2":{"loc":{"start":{"line":8,"column":119},"end":{"line":21,"column":57}},"type":"switch","locations":[{"start":{"line":8,"column":159},"end":{"line":9,"column":108}},{"start":{"line":9,"column":108},"end":{"line":21,"column":15}},{"start":{"line":21,"column":15},"end":{"line":21,"column":22}},{"start":{"line":21,"column":22},"end":{"line":21,"column":56}}],"line":8},"3":{"loc":{"start":{"line":11,"column":14},"end":{"line":21,"column":15}},"type":"if","locations":[{"start":{"line":11,"column":14},"end":{"line":21,"column":15}},{"start":{"line":18,"column":21},"end":{"line":21,"column":15}}],"line":11}},"s":{"0":1,"1":1,"2":1,"3":1,"4":1,"5":1,"6":1,"7":1,"8":1,"9":1,"10":1,"11":0,"12":0,"13":0,"14":0,"15":0,"16":0,"17":0,"18":0,"19":0,"20":0,"21":0,"22":0,"23":0,"24":0,"25":1},"f":{"0":1,"1":0,"2":0,"3":0},"b":{"0":[0,1],"1":[1,1],"2":[0,0,0,0],"3":[0,0]},"inputSourceMap":null,"_coverageSchema":"1a1c01bbd47fc00a2c39e90264f33305004495a9","hash":"ebef53dee4cd74143567893d481b3e27779c60b1"}
,"C:\\workspace\\sampleapp\\redux\\store.js": {"path":"C:\\workspace\\sampleapp\\redux\\store.js","statementMap":{"0":{"start":{"line":1,"column":13},"end":{"line":1,"column":75}},"1":{"start":{"line":1,"column":75},"end":{"line":1,"column":120}},"2":{"start":{"line":1,"column":133},"end":{"line":1,"column":149}},"3":{"start":{"line":3,"column":18},"end":{"line":3,"column":64}},"4":{"start":{"line":4,"column":22},"end":{"line":4,"column":81}},"5":{"start":{"line":4,"column":120},"end":{"line":4,"column":174}},"6":{"start":{"line":5,"column":18},"end":{"line":6,"column":44}},"7":{"start":{"line":6,"column":45},"end":{"line":6,"column":79}},"8":{"start":{"line":8,"column":12},"end":{"line":8,"column":105}},"9":{"start":{"line":8,"column":106},"end":{"line":8,"column":128}}},"fnMap":{"0":{"name":"_interopRequireDefault","decl":{"start":{"line":4,"column":91},"end":{"line":4,"column":113}},"loc":{"start":{"line":4,"column":119},"end":{"line":4,"column":175}},"line":4}},"branchMap":{"0":{"loc":{"start":{"line":4,"column":127},"end":{"line":4,"column":173}},"type":"cond-expr","locations":[{"start":{"line":4,"column":151},"end":{"line":4,"column":154}},{"start":{"line":4,"column":157},"end":{"line":4,"column":173}}],"line":4},"1":{"loc":{"start":{"line":4,"column":127},"end":{"line":4,"column":148}},"type":"binary-expr","locations":[{"start":{"line":4,"column":127},"end":{"line":4,"column":130}},{"start":{"line":4,"column":134},"end":{"line":4,"column":148}}],"line":4}},"s":{"0":1,"1":1,"2":1,"3":1,"4":1,"5":2,"6":1,"7":1,"8":1,"9":1},"f":{"0":2},"b":{"0":[2,0],"1":[2,2]},"inputSourceMap":null,"_coverageSchema":"1a1c01bbd47fc00a2c39e90264f33305004495a9","hash":"1dc872f8ccf6ac4bc1c9ee9d10f88d526c36898f"}
,"C:\\workspace\\sampleapp\\redux\\reducer\\productReducer.js": {"path":"C:\\workspace\\sampleapp\\redux\\reducer\\productReducer.js","statementMap":{"0":{"start":{"line":1,"column":13},"end":{"line":1,"column":75}},"1":{"start":{"line":1,"column":75},"end":{"line":1,"column":123}},"2":{"start":{"line":1,"column":137},"end":{"line":1,"column":157}},"3":{"start":{"line":1,"column":211},"end":{"line":1,"column":230}},"4":{"start":{"line":1,"column":231},"end":{"line":1,"column":477}},"5":{"start":{"line":1,"column":280},"end":{"line":1,"column":316}},"6":{"start":{"line":1,"column":317},"end":{"line":1,"column":476}},"7":{"start":{"line":1,"column":377},"end":{"line":1,"column":440}},"8":{"start":{"line":1,"column":477},"end":{"line":1,"column":489}},"9":{"start":{"line":1,"column":522},"end":{"line":1,"column":971}},"10":{"start":{"line":1,"column":535},"end":{"line":1,"column":536}},"11":{"start":{"line":1,"column":579},"end":{"line":1,"column":619}},"12":{"start":{"line":1,"column":620},"end":{"line":1,"column":970}},"13":{"start":{"line":1,"column":680},"end":{"line":1,"column":722}},"14":{"start":{"line":1,"column":886},"end":{"line":1,"column":967}},"15":{"start":{"line":1,"column":971},"end":{"line":1,"column":985}},"16":{"start":{"line":1,"column":1029},"end":{"line":1,"column":1176}},"17":{"start":{"line":1,"column":1046},"end":{"line":1,"column":1150}},"18":{"start":{"line":1,"column":1158},"end":{"line":1,"column":1175}},"19":{"start":{"line":1,"column":1176},"end":{"line":1,"column":1187}},"20":{"start":{"line":5,"column":19},"end":{"line":8,"column":18}},"21":{"start":{"line":8,"column":19},"end":{"line":8,"column":55}},"22":{"start":{"line":11,"column":39},"end":{"line":11,"column":119}},"23":{"start":{"line":11,"column":133},"end":{"line":11,"column":180}},"24":{"start":{"line":12,"column":2},"end":{"line":20,"column":20}},"25":{"start":{"line":14,"column":6},"end":{"line":14,"column":76}},"26":{"start":{"line":16,"column":6},"end":{"line":16,"column":102}},"27":{"start":{"line":18,"column":6},"end":{"line":18,"column":100}},"28":{"start":{"line":20,"column":6},"end":{"line":20,"column":19}},"29":{"start":{"line":23,"column":0},"end":{"line":23,"column":14}},"30":{"start":{"line":23,"column":15},"end":{"line":23,"column":42}}},"fnMap":{"0":{"name":"ownKeys","decl":{"start":{"line":1,"column":167},"end":{"line":1,"column":174}},"loc":{"start":{"line":1,"column":199},"end":{"line":1,"column":490}},"line":1},"1":{"name":"(anonymous_1)","decl":{"start":{"line":1,"column":361},"end":{"line":1,"column":362}},"loc":{"start":{"line":1,"column":376},"end":{"line":1,"column":441}},"line":1},"2":{"name":"_objectSpread","decl":{"start":{"line":1,"column":499},"end":{"line":1,"column":512}},"loc":{"start":{"line":1,"column":521},"end":{"line":1,"column":986}},"line":1},"3":{"name":"(anonymous_3)","decl":{"start":{"line":1,"column":664},"end":{"line":1,"column":665}},"loc":{"start":{"line":1,"column":679},"end":{"line":1,"column":723}},"line":1},"4":{"name":"(anonymous_4)","decl":{"start":{"line":1,"column":870},"end":{"line":1,"column":871}},"loc":{"start":{"line":1,"column":885},"end":{"line":1,"column":968}},"line":1},"5":{"name":"_defineProperty","decl":{"start":{"line":1,"column":995},"end":{"line":1,"column":1010}},"loc":{"start":{"line":1,"column":1028},"end":{"line":1,"column":1188}},"line":1},"6":{"name":"productReducer","decl":{"start":{"line":11,"column":9},"end":{"line":11,"column":23}},"loc":{"start":{"line":11,"column":26},"end":{"line":22,"column":1}},"line":11}},"branchMap":{"0":{"loc":{"start":{"line":1,"column":231},"end":{"line":1,"column":477}},"type":"if","locations":[{"start":{"line":1,"column":231},"end":{"line":1,"column":477}},{"start":{},"end":{}}],"line":1},"1":{"loc":{"start":{"line":1,"column":317},"end":{"line":1,"column":443}},"type":"binary-expr","locations":[{"start":{"line":1,"column":317},"end":{"line":1,"column":331}},{"start":{"line":1,"column":336},"end":{"line":1,"column":442}}],"line":1},"2":{"loc":{"start":{"line":1,"column":579},"end":{"line":1,"column":619}},"type":"cond-expr","locations":[{"start":{"line":1,"column":602},"end":{"line":1,"column":614}},{"start":{"line":1,"column":617},"end":{"line":1,"column":619}}],"line":1},"3":{"loc":{"start":{"line":1,"column":620},"end":{"line":1,"column":969}},"type":"cond-expr","locations":[{"start":{"line":1,"column":628},"end":{"line":1,"column":724}},{"start":{"line":1,"column":727},"end":{"line":1,"column":969}}],"line":1},"4":{"loc":{"start":{"line":1,"column":727},"end":{"line":1,"column":969}},"type":"cond-expr","locations":[{"start":{"line":1,"column":762},"end":{"line":1,"column":835}},{"start":{"line":1,"column":838},"end":{"line":1,"column":969}}],"line":1},"5":{"loc":{"start":{"line":1,"column":1029},"end":{"line":1,"column":1176}},"type":"if","locations":[{"start":{"line":1,"column":1029},"end":{"line":1,"column":1176}},{"start":{"line":1,"column":1157},"end":{"line":1,"column":1176}}],"line":1},"6":{"loc":{"start":{"line":11,"column":39},"end":{"line":11,"column":119}},"type":"cond-expr","locations":[{"start":{"line":11,"column":92},"end":{"line":11,"column":104}},{"start":{"line":11,"column":107},"end":{"line":11,"column":119}}],"line":11},"7":{"loc":{"start":{"line":11,"column":39},"end":{"line":11,"column":89}},"type":"binary-expr","locations":[{"start":{"line":11,"column":39},"end":{"line":11,"column":59}},{"start":{"line":11,"column":63},"end":{"line":11,"column":89}}],"line":11},"8":{"loc":{"start":{"line":11,"column":133},"end":{"line":11,"column":180}},"type":"cond-expr","locations":[{"start":{"line":11,"column":156},"end":{"line":11,"column":168}},{"start":{"line":11,"column":171},"end":{"line":11,"column":180}}],"line":11},"9":{"loc":{"start":{"line":12,"column":2},"end":{"line":20,"column":20}},"type":"switch","locations":[{"start":{"line":13,"column":4},"end":{"line":14,"column":76}},{"start":{"line":15,"column":4},"end":{"line":16,"column":102}},{"start":{"line":17,"column":4},"end":{"line":18,"column":100}},{"start":{"line":19,"column":4},"end":{"line":20,"column":19}}],"line":12}},"s":{"0":1,"1":1,"2":1,"3":0,"4":0,"5":0,"6":0,"7":0,"8":0,"9":0,"10":0,"11":0,"12":0,"13":0,"14":0,"15":0,"16":0,"17":0,"18":0,"19":0,"20":1,"21":1,"22":3,"23":3,"24":3,"25":0,"26":0,"27":0,"28":3,"29":1,"30":1},"f":{"0":0,"1":0,"2":0,"3":0,"4":0,"5":0,"6":3},"b":{"0":[0,0],"1":[0,0],"2":[0,0],"3":[0,0],"4":[0,0],"5":[0,0],"6":[0,3],"7":[3,3],"8":[3,0],"9":[0,0,0,3]},"inputSourceMap":null,"_coverageSchema":"1a1c01bbd47fc00a2c39e90264f33305004495a9","hash":"4657d652b69e6f769fa6d1058ca686c3461dbf96"}
,"C:\\workspace\\sampleapp\\screen\\Dashboard.js": {"path":"C:\\workspace\\sampleapp\\screen\\Dashboard.js","statementMap":{"0":{"start":{"line":1,"column":13},"end":{"line":1,"column":75}},"1":{"start":{"line":1,"column":75},"end":{"line":1,"column":103}},"2":{"start":{"line":1,"column":122},"end":{"line":1,"column":145}},"3":{"start":{"line":2,"column":13},"end":{"line":2,"column":54}},"4":{"start":{"line":3,"column":18},"end":{"line":3,"column":40}},"5":{"start":{"line":4,"column":14},"end":{"line":4,"column":67}},"6":{"start":{"line":5,"column":14},"end":{"line":5,"column":40}},"7":{"start":{"line":6,"column":24},"end":{"line":6,"column":88}},"8":{"start":{"line":7,"column":17},"end":{"line":7,"column":63}},"9":{"start":{"line":7,"column":83},"end":{"line":7,"column":131}},"10":{"start":{"line":7,"column":170},"end":{"line":7,"column":224}},"11":{"start":{"line":7,"column":273},"end":{"line":7,"column":320}},"12":{"start":{"line":7,"column":308},"end":{"line":7,"column":320}},"13":{"start":{"line":7,"column":344},"end":{"line":7,"column":357}},"14":{"start":{"line":7,"column":381},"end":{"line":7,"column":394}},"15":{"start":{"line":7,"column":395},"end":{"line":7,"column":552}},"16":{"start":{"line":7,"column":478},"end":{"line":7,"column":536}},"17":{"start":{"line":7,"column":605},"end":{"line":7,"column":661}},"18":{"start":{"line":7,"column":649},"end":{"line":7,"column":660}},"19":{"start":{"line":7,"column":661},"end":{"line":7,"column":761}},"20":{"start":{"line":7,"column":736},"end":{"line":7,"column":760}},"21":{"start":{"line":7,"column":773},"end":{"line":7,"column":810}},"22":{"start":{"line":7,"column":811},"end":{"line":7,"column":864}},"23":{"start":{"line":7,"column":841},"end":{"line":7,"column":863}},"24":{"start":{"line":7,"column":877},"end":{"line":7,"column":879}},"25":{"start":{"line":7,"column":908},"end":{"line":7,"column":964}},"26":{"start":{"line":7,"column":965},"end":{"line":7,"column":1257}},"27":{"start":{"line":7,"column":987},"end":{"line":7,"column":1256}},"28":{"start":{"line":7,"column":1072},"end":{"line":7,"column":1144}},"29":{"start":{"line":7,"column":1145},"end":{"line":7,"column":1255}},"30":{"start":{"line":7,"column":1182},"end":{"line":7,"column":1223}},"31":{"start":{"line":7,"column":1231},"end":{"line":7,"column":1254}},"32":{"start":{"line":7,"column":1257},"end":{"line":7,"column":1278}},"33":{"start":{"line":7,"column":1278},"end":{"line":7,"column":1314}},"34":{"start":{"line":7,"column":1290},"end":{"line":7,"column":1313}},"35":{"start":{"line":7,"column":1314},"end":{"line":7,"column":1328}},"36":{"start":{"line":8,"column":38},"end":{"line":8,"column":42}},"37":{"start":{"line":8,"column":60},"end":{"line":8,"column":75}},"38":{"start":{"line":9,"column":21},"end":{"line":9,"column":98}},"39":{"start":{"line":9,"column":68},"end":{"line":9,"column":96}},"40":{"start":{"line":9,"column":109},"end":{"line":9,"column":129}},"41":{"start":{"line":9,"column":138},"end":{"line":9,"column":156}},"42":{"start":{"line":9,"column":167},"end":{"line":9,"column":187}},"43":{"start":{"line":10,"column":2},"end":{"line":10,"column":39}},"44":{"start":{"line":11,"column":17},"end":{"line":11,"column":47}},"45":{"start":{"line":12,"column":20},"end":{"line":12,"column":88}},"46":{"start":{"line":12,"column":44},"end":{"line":12,"column":87}},"47":{"start":{"line":13,"column":2},"end":{"line":18,"column":9}},"48":{"start":{"line":14,"column":4},"end":{"line":15,"column":35}},"49":{"start":{"line":17,"column":4},"end":{"line":17,"column":18}},"50":{"start":{"line":21,"column":19},"end":{"line":33,"column":3}},"51":{"start":{"line":21,"column":58},"end":{"line":21,"column":68}},"52":{"start":{"line":23,"column":6},"end":{"line":25,"column":22}},"53":{"start":{"line":29,"column":4},"end":{"line":29,"column":30}},"54":{"start":{"line":30,"column":4},"end":{"line":31,"column":188}},"55":{"start":{"line":34,"column":2},"end":{"line":43,"column":140}},"56":{"start":{"line":41,"column":56},"end":{"line":41,"column":80}},"57":{"start":{"line":50,"column":13},"end":{"line":75,"column":27}}},"fnMap":{"0":{"name":"_interopRequireDefault","decl":{"start":{"line":7,"column":141},"end":{"line":7,"column":163}},"loc":{"start":{"line":7,"column":169},"end":{"line":7,"column":225}},"line":7},"1":{"name":"_getRequireWildcardCache","decl":{"start":{"line":7,"column":234},"end":{"line":7,"column":258}},"loc":{"start":{"line":7,"column":272},"end":{"line":7,"column":553}},"line":7},"2":{"name":"_getRequireWildcardCache","decl":{"start":{"line":7,"column":439},"end":{"line":7,"column":463}},"loc":{"start":{"line":7,"column":477},"end":{"line":7,"column":537}},"line":7},"3":{"name":"_interopRequireWildcard","decl":{"start":{"line":7,"column":562},"end":{"line":7,"column":585}},"loc":{"start":{"line":7,"column":604},"end":{"line":7,"column":1329}},"line":7},"4":{"name":"Dashboard","decl":{"start":{"line":8,"column":9},"end":{"line":8,"column":18}},"loc":{"start":{"line":8,"column":25},"end":{"line":48,"column":1}},"line":8},"5":{"name":"(anonymous_5)","decl":{"start":{"line":9,"column":50},"end":{"line":9,"column":51}},"loc":{"start":{"line":9,"column":67},"end":{"line":9,"column":97}},"line":9},"6":{"name":"fetchResult","decl":{"start":{"line":12,"column":29},"end":{"line":12,"column":40}},"loc":{"start":{"line":12,"column":43},"end":{"line":12,"column":88}},"line":12},"7":{"name":"(anonymous_7)","decl":{"start":{"line":13,"column":24},"end":{"line":13,"column":25}},"loc":{"start":{"line":13,"column":36},"end":{"line":18,"column":3}},"line":13},"8":{"name":"renderItem","decl":{"start":{"line":21,"column":28},"end":{"line":21,"column":38}},"loc":{"start":{"line":21,"column":46},"end":{"line":33,"column":3}},"line":21},"9":{"name":"pressHandler","decl":{"start":{"line":22,"column":13},"end":{"line":22,"column":25}},"loc":{"start":{"line":22,"column":28},"end":{"line":27,"column":5}},"line":22},"10":{"name":"keyExtractor","decl":{"start":{"line":41,"column":29},"end":{"line":41,"column":41}},"loc":{"start":{"line":41,"column":55},"end":{"line":41,"column":81}},"line":41}},"branchMap":{"0":{"loc":{"start":{"line":7,"column":177},"end":{"line":7,"column":223}},"type":"cond-expr","locations":[{"start":{"line":7,"column":201},"end":{"line":7,"column":204}},{"start":{"line":7,"column":207},"end":{"line":7,"column":223}}],"line":7},"1":{"loc":{"start":{"line":7,"column":177},"end":{"line":7,"column":198}},"type":"binary-expr","locations":[{"start":{"line":7,"column":177},"end":{"line":7,"column":180}},{"start":{"line":7,"column":184},"end":{"line":7,"column":198}}],"line":7},"2":{"loc":{"start":{"line":7,"column":273},"end":{"line":7,"column":320}},"type":"if","locations":[{"start":{"line":7,"column":273},"end":{"line":7,"column":320}},{"start":{},"end":{}}],"line":7},"3":{"loc":{"start":{"line":7,"column":485},"end":{"line":7,"column":535}},"type":"cond-expr","locations":[{"start":{"line":7,"column":499},"end":{"line":7,"column":515}},{"start":{"line":7,"column":518},"end":{"line":7,"column":535}}],"line":7},"4":{"loc":{"start":{"line":7,"column":605},"end":{"line":7,"column":661}},"type":"if","locations":[{"start":{"line":7,"column":605},"end":{"line":7,"column":661}},{"start":{},"end":{}}],"line":7},"5":{"loc":{"start":{"line":7,"column":609},"end":{"line":7,"column":646}},"type":"binary-expr","locations":[{"start":{"line":7,"column":609},"end":{"line":7,"column":621}},{"start":{"line":7,"column":625},"end":{"line":7,"column":628}},{"start":{"line":7,"column":632},"end":{"line":7,"column":646}}],"line":7},"6":{"loc":{"start":{"line":7,"column":661},"end":{"line":7,"column":761}},"type":"if","locations":[{"start":{"line":7,"column":661},"end":{"line":7,"column":761}},{"start":{},"end":{}}],"line":7},"7":{"loc":{"start":{"line":7,"column":665},"end":{"line":7,"column":733}},"type":"binary-expr","locations":[{"start":{"line":7,"column":665},"end":{"line":7,"column":677}},{"start":{"line":7,"column":681},"end":{"line":7,"column":704}},{"start":{"line":7,"column":708},"end":{"line":7,"column":733}}],"line":7},"8":{"loc":{"start":{"line":7,"column":811},"end":{"line":7,"column":864}},"type":"if","locations":[{"start":{"line":7,"column":811},"end":{"line":7,"column":864}},{"start":{},"end":{}}],"line":7},"9":{"loc":{"start":{"line":7,"column":815},"end":{"line":7,"column":838}},"type":"binary-expr","locations":[{"start":{"line":7,"column":815},"end":{"line":7,"column":820}},{"start":{"line":7,"column":824},"end":{"line":7,"column":838}}],"line":7},"10":{"loc":{"start":{"line":7,"column":908},"end":{"line":7,"column":964}},"type":"binary-expr","locations":[{"start":{"line":7,"column":908},"end":{"line":7,"column":929}},{"start":{"line":7,"column":933},"end":{"line":7,"column":964}}],"line":7},"11":{"loc":{"start":{"line":7,"column":987},"end":{"line":7,"column":1256}},"type":"if","locations":[{"start":{"line":7,"column":987},"end":{"line":7,"column":1256}},{"start":{},"end":{}}],"line":7},"12":{"loc":{"start":{"line":7,"column":991},"end":{"line":7,"column":1058}},"type":"binary-expr","locations":[{"start":{"line":7,"column":991},"end":{"line":7,"column":1008}},{"start":{"line":7,"column":1012},"end":{"line":7,"column":1058}}],"line":7},"13":{"loc":{"start":{"line":7,"column":1072},"end":{"line":7,"column":1144}},"type":"cond-expr","locations":[{"start":{"line":7,"column":1096},"end":{"line":7,"column":1137}},{"start":{"line":7,"column":1140},"end":{"line":7,"column":1144}}],"line":7},"14":{"loc":{"start":{"line":7,"column":1145},"end":{"line":7,"column":1255}},"type":"if","locations":[{"start":{"line":7,"column":1145},"end":{"line":7,"column":1255}},{"start":{"line":7,"column":1230},"end":{"line":7,"column":1255}}],"line":7},"15":{"loc":{"start":{"line":7,"column":1149},"end":{"line":7,"column":1179}},"type":"binary-expr","locations":[{"start":{"line":7,"column":1149},"end":{"line":7,"column":1153}},{"start":{"line":7,"column":1158},"end":{"line":7,"column":1166}},{"start":{"line":7,"column":1170},"end":{"line":7,"column":1178}}],"line":7},"16":{"loc":{"start":{"line":7,"column":1278},"end":{"line":7,"column":1314}},"type":"if","locations":[{"start":{"line":7,"column":1278},"end":{"line":7,"column":1314}},{"start":{},"end":{}}],"line":7},"17":{"loc":{"start":{"line":36,"column":4},"end":{"line":43,"column":137}},"type":"cond-expr","locations":[{"start":{"line":37,"column":4},"end":{"line":37,"column":177}},{"start":{"line":38,"column":4},"end":{"line":43,"column":137}}],"line":36},"18":{"loc":{"start":{"line":38,"column":4},"end":{"line":43,"column":137}},"type":"cond-expr","locations":[{"start":{"line":38,"column":12},"end":{"line":38,"column":161}},{"start":{"line":39,"column":4},"end":{"line":43,"column":137}}],"line":38}},"s":{"0":1,"1":1,"2":1,"3":1,"4":1,"5":1,"6":1,"7":1,"8":1,"9":1,"10":3,"11":1,"12":0,"13":1,"14":1,"15":1,"16":1,"17":1,"18":0,"19":1,"20":0,"21":1,"22":1,"23":0,"24":1,"25":1,"26":1,"27":28,"28":28,"29":28,"30":0,"31":28,"32":1,"33":1,"34":1,"35":1,"36":0,"37":0,"38":0,"39":0,"40":0,"41":0,"42":0,"43":0,"44":0,"45":0,"46":0,"47":0,"48":0,"49":0,"50":0,"51":0,"52":0,"53":0,"54":0,"55":0,"56":0,"57":1},"f":{"0":3,"1":1,"2":1,"3":1,"4":0,"5":0,"6":0,"7":0,"8":0,"9":0,"10":0},"b":{"0":[3,0],"1":[3,3],"2":[0,1],"3":[0,1],"4":[0,1],"5":[1,1,1],"6":[0,1],"7":[1,1,0],"8":[0,1],"9":[1,1],"10":[1,1],"11":[28,0],"12":[28,28],"13":[28,0],"14":[0,28],"15":[28,28,28],"16":[1,0],"17":[0,0],"18":[0,0]},"inputSourceMap":null,"_coverageSchema":"1a1c01bbd47fc00a2c39e90264f33305004495a9","hash":"0199addad36ccfa8c45f4a9ea861e7696bbafd1d"}
,"C:\\workspace\\sampleapp\\screen\\ForgotPassword.js": {"path":"C:\\workspace\\sampleapp\\screen\\ForgotPassword.js","statementMap":{"0":{"start":{"line":1,"column":13},"end":{"line":1,"column":75}},"1":{"start":{"line":1,"column":75},"end":{"line":1,"column":100}},"2":{"start":{"line":1,"column":119},"end":{"line":1,"column":142}},"3":{"start":{"line":2,"column":13},"end":{"line":2,"column":54}},"4":{"start":{"line":3,"column":16},"end":{"line":3,"column":85}},"5":{"start":{"line":4,"column":14},"end":{"line":4,"column":67}},"6":{"start":{"line":4,"column":80},"end":{"line":4,"column":84}},"7":{"start":{"line":4,"column":100},"end":{"line":4,"column":153}},"8":{"start":{"line":4,"column":192},"end":{"line":4,"column":246}},"9":{"start":{"line":4,"column":295},"end":{"line":4,"column":342}},"10":{"start":{"line":4,"column":330},"end":{"line":4,"column":342}},"11":{"start":{"line":4,"column":366},"end":{"line":4,"column":379}},"12":{"start":{"line":4,"column":403},"end":{"line":4,"column":416}},"13":{"start":{"line":4,"column":417},"end":{"line":4,"column":574}},"14":{"start":{"line":4,"column":500},"end":{"line":4,"column":558}},"15":{"start":{"line":4,"column":627},"end":{"line":4,"column":683}},"16":{"start":{"line":4,"column":671},"end":{"line":4,"column":682}},"17":{"start":{"line":4,"column":683},"end":{"line":4,"column":783}},"18":{"start":{"line":4,"column":758},"end":{"line":4,"column":782}},"19":{"start":{"line":4,"column":795},"end":{"line":4,"column":832}},"20":{"start":{"line":4,"column":833},"end":{"line":4,"column":886}},"21":{"start":{"line":4,"column":863},"end":{"line":4,"column":885}},"22":{"start":{"line":4,"column":899},"end":{"line":4,"column":901}},"23":{"start":{"line":4,"column":930},"end":{"line":4,"column":986}},"24":{"start":{"line":4,"column":987},"end":{"line":4,"column":1279}},"25":{"start":{"line":4,"column":1009},"end":{"line":4,"column":1278}},"26":{"start":{"line":4,"column":1094},"end":{"line":4,"column":1166}},"27":{"start":{"line":4,"column":1167},"end":{"line":4,"column":1277}},"28":{"start":{"line":4,"column":1204},"end":{"line":4,"column":1245}},"29":{"start":{"line":4,"column":1253},"end":{"line":4,"column":1276}},"30":{"start":{"line":4,"column":1279},"end":{"line":4,"column":1300}},"31":{"start":{"line":4,"column":1300},"end":{"line":4,"column":1336}},"32":{"start":{"line":4,"column":1312},"end":{"line":4,"column":1335}},"33":{"start":{"line":4,"column":1336},"end":{"line":4,"column":1350}},"34":{"start":{"line":4,"column":1384},"end":{"line":4,"column":1506}},"35":{"start":{"line":4,"column":1536},"end":{"line":4,"column":1697}},"36":{"start":{"line":4,"column":1747},"end":{"line":4,"column":1762}},"37":{"start":{"line":4,"column":1755},"end":{"line":4,"column":1762}},"38":{"start":{"line":4,"column":1762},"end":{"line":4,"column":1825}},"39":{"start":{"line":4,"column":1789},"end":{"line":4,"column":1825}},"40":{"start":{"line":4,"column":1833},"end":{"line":4,"column":1879}},"41":{"start":{"line":4,"column":1880},"end":{"line":4,"column":1940}},"42":{"start":{"line":4,"column":1917},"end":{"line":4,"column":1940}},"43":{"start":{"line":4,"column":1940},"end":{"line":4,"column":1993}},"44":{"start":{"line":4,"column":1972},"end":{"line":4,"column":1993}},"45":{"start":{"line":4,"column":1993},"end":{"line":4,"column":2106}},"46":{"start":{"line":4,"column":2070},"end":{"line":4,"column":2106}},"47":{"start":{"line":4,"column":2145},"end":{"line":4,"column":2199}},"48":{"start":{"line":4,"column":2182},"end":{"line":4,"column":2199}},"49":{"start":{"line":4,"column":2199},"end":{"line":4,"column":2271}},"50":{"start":{"line":4,"column":2212},"end":{"line":4,"column":2213}},"51":{"start":{"line":4,"column":2222},"end":{"line":4,"column":2236}},"52":{"start":{"line":4,"column":2253},"end":{"line":4,"column":2270}},"53":{"start":{"line":4,"column":2271},"end":{"line":4,"column":2283}},"54":{"start":{"line":4,"column":2333},"end":{"line":4,"column":2428}},"55":{"start":{"line":4,"column":2429},"end":{"line":4,"column":2452}},"56":{"start":{"line":4,"column":2445},"end":{"line":4,"column":2452}},"57":{"start":{"line":4,"column":2463},"end":{"line":4,"column":2465}},"58":{"start":{"line":4,"column":2475},"end":{"line":4,"column":2479}},"59":{"start":{"line":4,"column":2489},"end":{"line":4,"column":2494}},"60":{"start":{"line":4,"column":2506},"end":{"line":4,"column":2761}},"61":{"start":{"line":4,"column":2511},"end":{"line":4,"column":2633}},"62":{"start":{"line":4,"column":2578},"end":{"line":4,"column":2598}},"63":{"start":{"line":4,"column":2598},"end":{"line":4,"column":2632}},"64":{"start":{"line":4,"column":2626},"end":{"line":4,"column":2632}},"65":{"start":{"line":4,"column":2648},"end":{"line":4,"column":2658}},"66":{"start":{"line":4,"column":2658},"end":{"line":4,"column":2667}},"67":{"start":{"line":4,"column":2678},"end":{"line":4,"column":2760}},"68":{"start":{"line":4,"column":2683},"end":{"line":4,"column":2731}},"69":{"start":{"line":4,"column":2716},"end":{"line":4,"column":2731}},"70":{"start":{"line":4,"column":2742},"end":{"line":4,"column":2759}},"71":{"start":{"line":4,"column":2750},"end":{"line":4,"column":2759}},"72":{"start":{"line":4,"column":2761},"end":{"line":4,"column":2773}},"73":{"start":{"line":4,"column":2805},"end":{"line":4,"column":2840}},"74":{"start":{"line":4,"column":2829},"end":{"line":4,"column":2840}},"75":{"start":{"line":5,"column":21},"end":{"line":63,"column":1}},"76":{"start":{"line":5,"column":69},"end":{"line":5,"column":84}},"77":{"start":{"line":7,"column":18},"end":{"line":7,"column":42}},"78":{"start":{"line":7,"column":56},"end":{"line":7,"column":84}},"79":{"start":{"line":7,"column":102},"end":{"line":7,"column":115}},"80":{"start":{"line":7,"column":136},"end":{"line":7,"column":149}},"81":{"start":{"line":8,"column":19},"end":{"line":8,"column":45}},"82":{"start":{"line":8,"column":59},"end":{"line":8,"column":88}},"83":{"start":{"line":8,"column":108},"end":{"line":8,"column":121}},"84":{"start":{"line":8,"column":144},"end":{"line":8,"column":157}},"85":{"start":{"line":9,"column":19},"end":{"line":9,"column":43}},"86":{"start":{"line":9,"column":57},"end":{"line":9,"column":86}},"87":{"start":{"line":9,"column":114},"end":{"line":9,"column":127}},"88":{"start":{"line":9,"column":158},"end":{"line":9,"column":171}},"89":{"start":{"line":11,"column":29},"end":{"line":27,"column":3}},"90":{"start":{"line":12,"column":14},"end":{"line":12,"column":59}},"91":{"start":{"line":13,"column":4},"end":{"line":25,"column":5}},"92":{"start":{"line":14,"column":6},"end":{"line":14,"column":65}},"93":{"start":{"line":15,"column":6},"end":{"line":15,"column":33}},"94":{"start":{"line":16,"column":6},"end":{"line":16,"column":19}},"95":{"start":{"line":17,"column":11},"end":{"line":25,"column":5}},"96":{"start":{"line":18,"column":6},"end":{"line":18,"column":63}},"97":{"start":{"line":19,"column":6},"end":{"line":19,"column":33}},"98":{"start":{"line":20,"column":6},"end":{"line":20,"column":19}},"99":{"start":{"line":22,"column":6},"end":{"line":22,"column":38}},"100":{"start":{"line":23,"column":6},"end":{"line":23,"column":32}},"101":{"start":{"line":24,"column":6},"end":{"line":24,"column":18}},"102":{"start":{"line":28,"column":2},"end":{"line":58,"column":204}},"103":{"start":{"line":51,"column":119},"end":{"line":51,"column":178}},"104":{"start":{"line":51,"column":148},"end":{"line":51,"column":177}},"105":{"start":{"line":57,"column":95},"end":{"line":57,"column":124}},"106":{"start":{"line":65,"column":13},"end":{"line":121,"column":44}},"107":{"start":{"line":125,"column":0},"end":{"line":125,"column":14}},"108":{"start":{"line":125,"column":15},"end":{"line":125,"column":42}}},"fnMap":{"0":{"name":"_interopRequireDefault","decl":{"start":{"line":4,"column":163},"end":{"line":4,"column":185}},"loc":{"start":{"line":4,"column":191},"end":{"line":4,"column":247}},"line":4},"1":{"name":"_getRequireWildcardCache","decl":{"start":{"line":4,"column":256},"end":{"line":4,"column":280}},"loc":{"start":{"line":4,"column":294},"end":{"line":4,"column":575}},"line":4},"2":{"name":"_getRequireWildcardCache","decl":{"start":{"line":4,"column":461},"end":{"line":4,"column":485}},"loc":{"start":{"line":4,"column":499},"end":{"line":4,"column":559}},"line":4},"3":{"name":"_interopRequireWildcard","decl":{"start":{"line":4,"column":584},"end":{"line":4,"column":607}},"loc":{"start":{"line":4,"column":626},"end":{"line":4,"column":1351}},"line":4},"4":{"name":"_slicedToArray","decl":{"start":{"line":4,"column":1360},"end":{"line":4,"column":1374}},"loc":{"start":{"line":4,"column":1383},"end":{"line":4,"column":1507}},"line":4},"5":{"name":"_nonIterableRest","decl":{"start":{"line":4,"column":1516},"end":{"line":4,"column":1532}},"loc":{"start":{"line":4,"column":1535},"end":{"line":4,"column":1698}},"line":4},"6":{"name":"_unsupportedIterableToArray","decl":{"start":{"line":4,"column":1707},"end":{"line":4,"column":1734}},"loc":{"start":{"line":4,"column":1746},"end":{"line":4,"column":2107}},"line":4},"7":{"name":"_arrayLikeToArray","decl":{"start":{"line":4,"column":2116},"end":{"line":4,"column":2133}},"loc":{"start":{"line":4,"column":2144},"end":{"line":4,"column":2284}},"line":4},"8":{"name":"_iterableToArrayLimit","decl":{"start":{"line":4,"column":2293},"end":{"line":4,"column":2314}},"loc":{"start":{"line":4,"column":2323},"end":{"line":4,"column":2774}},"line":4},"9":{"name":"_arrayWithHoles","decl":{"start":{"line":4,"column":2783},"end":{"line":4,"column":2798}},"loc":{"start":{"line":4,"column":2804},"end":{"line":4,"column":2841}},"line":4},"10":{"name":"ForgotPassword","decl":{"start":{"line":5,"column":30},"end":{"line":5,"column":44}},"loc":{"start":{"line":5,"column":51},"end":{"line":63,"column":1}},"line":5},"11":{"name":"handleForgotPassword","decl":{"start":{"line":11,"column":38},"end":{"line":11,"column":58}},"loc":{"start":{"line":11,"column":61},"end":{"line":27,"column":3}},"line":11},"12":{"name":"onPress","decl":{"start":{"line":51,"column":108},"end":{"line":51,"column":115}},"loc":{"start":{"line":51,"column":118},"end":{"line":51,"column":179}},"line":51},"13":{"name":"onPress","decl":{"start":{"line":57,"column":84},"end":{"line":57,"column":91}},"loc":{"start":{"line":57,"column":94},"end":{"line":57,"column":125}},"line":57}},"branchMap":{"0":{"loc":{"start":{"line":4,"column":199},"end":{"line":4,"column":245}},"type":"cond-expr","locations":[{"start":{"line":4,"column":223},"end":{"line":4,"column":226}},{"start":{"line":4,"column":229},"end":{"line":4,"column":245}}],"line":4},"1":{"loc":{"start":{"line":4,"column":199},"end":{"line":4,"column":220}},"type":"binary-expr","locations":[{"start":{"line":4,"column":199},"end":{"line":4,"column":202}},{"start":{"line":4,"column":206},"end":{"line":4,"column":220}}],"line":4},"2":{"loc":{"start":{"line":4,"column":295},"end":{"line":4,"column":342}},"type":"if","locations":[{"start":{"line":4,"column":295},"end":{"line":4,"column":342}},{"start":{},"end":{}}],"line":4},"3":{"loc":{"start":{"line":4,"column":507},"end":{"line":4,"column":557}},"type":"cond-expr","locations":[{"start":{"line":4,"column":521},"end":{"line":4,"column":537}},{"start":{"line":4,"column":540},"end":{"line":4,"column":557}}],"line":4},"4":{"loc":{"start":{"line":4,"column":627},"end":{"line":4,"column":683}},"type":"if","locations":[{"start":{"line":4,"column":627},"end":{"line":4,"column":683}},{"start":{},"end":{}}],"line":4},"5":{"loc":{"start":{"line":4,"column":631},"end":{"line":4,"column":668}},"type":"binary-expr","locations":[{"start":{"line":4,"column":631},"end":{"line":4,"column":643}},{"start":{"line":4,"column":647},"end":{"line":4,"column":650}},{"start":{"line":4,"column":654},"end":{"line":4,"column":668}}],"line":4},"6":{"loc":{"start":{"line":4,"column":683},"end":{"line":4,"column":783}},"type":"if","locations":[{"start":{"line":4,"column":683},"end":{"line":4,"column":783}},{"start":{},"end":{}}],"line":4},"7":{"loc":{"start":{"line":4,"column":687},"end":{"line":4,"column":755}},"type":"binary-expr","locations":[{"start":{"line":4,"column":687},"end":{"line":4,"column":699}},{"start":{"line":4,"column":703},"end":{"line":4,"column":726}},{"start":{"line":4,"column":730},"end":{"line":4,"column":755}}],"line":4},"8":{"loc":{"start":{"line":4,"column":833},"end":{"line":4,"column":886}},"type":"if","locations":[{"start":{"line":4,"column":833},"end":{"line":4,"column":886}},{"start":{},"end":{}}],"line":4},"9":{"loc":{"start":{"line":4,"column":837},"end":{"line":4,"column":860}},"type":"binary-expr","locations":[{"start":{"line":4,"column":837},"end":{"line":4,"column":842}},{"start":{"line":4,"column":846},"end":{"line":4,"column":860}}],"line":4},"10":{"loc":{"start":{"line":4,"column":930},"end":{"line":4,"column":986}},"type":"binary-expr","locations":[{"start":{"line":4,"column":930},"end":{"line":4,"column":951}},{"start":{"line":4,"column":955},"end":{"line":4,"column":986}}],"line":4},"11":{"loc":{"start":{"line":4,"column":1009},"end":{"line":4,"column":1278}},"type":"if","locations":[{"start":{"line":4,"column":1009},"end":{"line":4,"column":1278}},{"start":{},"end":{}}],"line":4},"12":{"loc":{"start":{"line":4,"column":1013},"end":{"line":4,"column":1080}},"type":"binary-expr","locations":[{"start":{"line":4,"column":1013},"end":{"line":4,"column":1030}},{"start":{"line":4,"column":1034},"end":{"line":4,"column":1080}}],"line":4},"13":{"loc":{"start":{"line":4,"column":1094},"end":{"line":4,"column":1166}},"type":"cond-expr","locations":[{"start":{"line":4,"column":1118},"end":{"line":4,"column":1159}},{"start":{"line":4,"column":1162},"end":{"line":4,"column":1166}}],"line":4},"14":{"loc":{"start":{"line":4,"column":1167},"end":{"line":4,"column":1277}},"type":"if","locations":[{"start":{"line":4,"column":1167},"end":{"line":4,"column":1277}},{"start":{"line":4,"column":1252},"end":{"line":4,"column":1277}}],"line":4},"15":{"loc":{"start":{"line":4,"column":1171},"end":{"line":4,"column":1201}},"type":"binary-expr","locations":[{"start":{"line":4,"column":1171},"end":{"line":4,"column":1175}},{"start":{"line":4,"column":1180},"end":{"line":4,"column":1188}},{"start":{"line":4,"column":1192},"end":{"line":4,"column":1200}}],"line":4},"16":{"loc":{"start":{"line":4,"column":1300},"end":{"line":4,"column":1336}},"type":"if","locations":[{"start":{"line":4,"column":1300},"end":{"line":4,"column":1336}},{"start":{},"end":{}}],"line":4},"17":{"loc":{"start":{"line":4,"column":1391},"end":{"line":4,"column":1505}},"type":"binary-expr","locations":[{"start":{"line":4,"column":1391},"end":{"line":4,"column":1411}},{"start":{"line":4,"column":1415},"end":{"line":4,"column":1444}},{"start":{"line":4,"column":1448},"end":{"line":4,"column":1483}},{"start":{"line":4,"column":1487},"end":{"line":4,"column":1505}}],"line":4},"18":{"loc":{"start":{"line":4,"column":1747},"end":{"line":4,"column":1762}},"type":"if","locations":[{"start":{"line":4,"column":1747},"end":{"line":4,"column":1762}},{"start":{},"end":{}}],"line":4},"19":{"loc":{"start":{"line":4,"column":1762},"end":{"line":4,"column":1825}},"type":"if","locations":[{"start":{"line":4,"column":1762},"end":{"line":4,"column":1825}},{"start":{},"end":{}}],"line":4},"20":{"loc":{"start":{"line":4,"column":1880},"end":{"line":4,"column":1940}},"type":"if","locations":[{"start":{"line":4,"column":1880},"end":{"line":4,"column":1940}},{"start":{},"end":{}}],"line":4},"21":{"loc":{"start":{"line":4,"column":1884},"end":{"line":4,"column":1915}},"type":"binary-expr","locations":[{"start":{"line":4,"column":1884},"end":{"line":4,"column":1898}},{"start":{"line":4,"column":1902},"end":{"line":4,"column":1915}}],"line":4},"22":{"loc":{"start":{"line":4,"column":1940},"end":{"line":4,"column":1993}},"type":"if","locations":[{"start":{"line":4,"column":1940},"end":{"line":4,"column":1993}},{"start":{},"end":{}}],"line":4},"23":{"loc":{"start":{"line":4,"column":1944},"end":{"line":4,"column":1970}},"type":"binary-expr","locations":[{"start":{"line":4,"column":1944},"end":{"line":4,"column":1955}},{"start":{"line":4,"column":1959},"end":{"line":4,"column":1970}}],"line":4},"24":{"loc":{"start":{"line":4,"column":1993},"end":{"line":4,"column":2106}},"type":"if","locations":[{"start":{"line":4,"column":1993},"end":{"line":4,"column":2106}},{"start":{},"end":{}}],"line":4},"25":{"loc":{"start":{"line":4,"column":1997},"end":{"line":4,"column":2068}},"type":"binary-expr","locations":[{"start":{"line":4,"column":1997},"end":{"line":4,"column":2014}},{"start":{"line":4,"column":2018},"end":{"line":4,"column":2068}}],"line":4},"26":{"loc":{"start":{"line":4,"column":2145},"end":{"line":4,"column":2199}},"type":"if","locations":[{"start":{"line":4,"column":2145},"end":{"line":4,"column":2199}},{"start":{},"end":{}}],"line":4},"27":{"loc":{"start":{"line":4,"column":2149},"end":{"line":4,"column":2180}},"type":"binary-expr","locations":[{"start":{"line":4,"column":2149},"end":{"line":4,"column":2160}},{"start":{"line":4,"column":2164},"end":{"line":4,"column":2180}}],"line":4},"28":{"loc":{"start":{"line":4,"column":2333},"end":{"line":4,"column":2428}},"type":"cond-expr","locations":[{"start":{"line":4,"column":2347},"end":{"line":4,"column":2351}},{"start":{"line":4,"column":2354},"end":{"line":4,"column":2428}}],"line":4},"29":{"loc":{"start":{"line":4,"column":2354},"end":{"line":4,"column":2428}},"type":"binary-expr","locations":[{"start":{"line":4,"column":2354},"end":{"line":4,"column":2383}},{"start":{"line":4,"column":2387},"end":{"line":4,"column":2407}},{"start":{"line":4,"column":2411},"end":{"line":4,"column":2428}}],"line":4},"30":{"loc":{"start":{"line":4,"column":2429},"end":{"line":4,"column":2452}},"type":"if","locations":[{"start":{"line":4,"column":2429},"end":{"line":4,"column":2452}},{"start":{},"end":{}}],"line":4},"31":{"loc":{"start":{"line":4,"column":2598},"end":{"line":4,"column":2632}},"type":"if","locations":[{"start":{"line":4,"column":2598},"end":{"line":4,"column":2632}},{"start":{},"end":{}}],"line":4},"32":{"loc":{"start":{"line":4,"column":2602},"end":{"line":4,"column":2624}},"type":"binary-expr","locations":[{"start":{"line":4,"column":2602},"end":{"line":4,"column":2603}},{"start":{"line":4,"column":2607},"end":{"line":4,"column":2624}}],"line":4},"33":{"loc":{"start":{"line":4,"column":2683},"end":{"line":4,"column":2731}},"type":"if","locations":[{"start":{"line":4,"column":2683},"end":{"line":4,"column":2731}},{"start":{},"end":{}}],"line":4},"34":{"loc":{"start":{"line":4,"column":2687},"end":{"line":4,"column":2714}},"type":"binary-expr","locations":[{"start":{"line":4,"column":2687},"end":{"line":4,"column":2690}},{"start":{"line":4,"column":2694},"end":{"line":4,"column":2714}}],"line":4},"35":{"loc":{"start":{"line":4,"column":2742},"end":{"line":4,"column":2759}},"type":"if","locations":[{"start":{"line":4,"column":2742},"end":{"line":4,"column":2759}},{"start":{},"end":{}}],"line":4},"36":{"loc":{"start":{"line":4,"column":2805},"end":{"line":4,"column":2840}},"type":"if","locations":[{"start":{"line":4,"column":2805},"end":{"line":4,"column":2840}},{"start":{},"end":{}}],"line":4},"37":{"loc":{"start":{"line":13,"column":4},"end":{"line":25,"column":5}},"type":"if","locations":[{"start":{"line":13,"column":4},"end":{"line":25,"column":5}},{"start":{"line":17,"column":11},"end":{"line":25,"column":5}}],"line":13},"38":{"loc":{"start":{"line":13,"column":8},"end":{"line":13,"column":85}},"type":"binary-expr","locations":[{"start":{"line":13,"column":8},"end":{"line":13,"column":28}},{"start":{"line":13,"column":32},"end":{"line":13,"column":59}},{"start":{"line":13,"column":63},"end":{"line":13,"column":85}}],"line":13},"39":{"loc":{"start":{"line":17,"column":11},"end":{"line":25,"column":5}},"type":"if","locations":[{"start":{"line":17,"column":11},"end":{"line":25,"column":5}},{"start":{"line":21,"column":11},"end":{"line":25,"column":5}}],"line":17},"40":{"loc":{"start":{"line":49,"column":4},"end":{"line":49,"column":227}},"type":"cond-expr","locations":[{"start":{"line":49,"column":31},"end":{"line":49,"column":35}},{"start":{"line":49,"column":38},"end":{"line":49,"column":227}}],"line":49},"41":{"loc":{"start":{"line":51,"column":119},"end":{"line":51,"column":178}},"type":"if","locations":[{"start":{"line":51,"column":119},"end":{"line":51,"column":178}},{"start":{},"end":{}}],"line":51}},"s":{"0":2,"1":2,"2":2,"3":2,"4":2,"5":2,"6":2,"7":2,"8":4,"9":2,"10":0,"11":2,"12":2,"13":2,"14":2,"15":2,"16":0,"17":2,"18":0,"19":2,"20":2,"21":0,"22":2,"23":2,"24":2,"25":56,"26":56,"27":56,"28":0,"29":56,"30":2,"31":2,"32":2,"33":2,"34":15,"35":0,"36":0,"37":0,"38":0,"39":0,"40":0,"41":0,"42":0,"43":0,"44":0,"45":0,"46":0,"47":0,"48":0,"49":0,"50":0,"51":0,"52":0,"53":0,"54":0,"55":0,"56":0,"57":0,"58":0,"59":0,"60":0,"61":0,"62":0,"63":0,"64":0,"65":0,"66":0,"67":0,"68":0,"69":0,"70":0,"71":0,"72":0,"73":15,"74":15,"75":2,"76":5,"77":5,"78":5,"79":5,"80":5,"81":5,"82":5,"83":5,"84":5,"85":5,"86":5,"87":5,"88":5,"89":5,"90":0,"91":0,"92":0,"93":0,"94":0,"95":0,"96":0,"97":0,"98":0,"99":0,"100":0,"101":0,"102":5,"103":0,"104":0,"105":1,"106":2,"107":2,"108":2},"f":{"0":4,"1":2,"2":2,"3":2,"4":15,"5":0,"6":0,"7":0,"8":0,"9":15,"10":5,"11":0,"12":0,"13":1},"b":{"0":[2,2],"1":[4,4],"2":[0,2],"3":[0,2],"4":[0,2],"5":[2,2,2],"6":[0,2],"7":[2,2,0],"8":[0,2],"9":[2,2],"10":[2,2],"11":[56,0],"12":[56,56],"13":[56,0],"14":[0,56],"15":[56,56,56],"16":[2,0],"17":[15,0,0,0],"18":[0,0],"19":[0,0],"20":[0,0],"21":[0,0],"22":[0,0],"23":[0,0],"24":[0,0],"25":[0,0],"26":[0,0],"27":[0,0],"28":[0,0],"29":[0,0,0],"30":[0,0],"31":[0,0],"32":[0,0],"33":[0,0],"34":[0,0],"35":[0,0],"36":[15,0],"37":[0,0],"38":[0,0,0],"39":[0,0],"40":[5,0],"41":[0,0]},"inputSourceMap":null,"_coverageSchema":"1a1c01bbd47fc00a2c39e90264f33305004495a9","hash":"1d4f2ae6e5c790e2e2b5aabc6839e9a859307dbd"}
,"C:\\workspace\\sampleapp\\screen\\Login.js": {"path":"C:\\workspace\\sampleapp\\screen\\Login.js","statementMap":{"0":{"start":{"line":1,"column":13},"end":{"line":1,"column":75}},"1":{"start":{"line":1,"column":75},"end":{"line":1,"column":100}},"2":{"start":{"line":1,"column":119},"end":{"line":1,"column":142}},"3":{"start":{"line":2,"column":13},"end":{"line":2,"column":54}},"4":{"start":{"line":4,"column":14},"end":{"line":4,"column":67}},"5":{"start":{"line":5,"column":33},"end":{"line":5,"column":72}},"6":{"start":{"line":6,"column":16},"end":{"line":6,"column":85}},"7":{"start":{"line":7,"column":23},"end":{"line":7,"column":85}},"8":{"start":{"line":7,"column":98},"end":{"line":7,"column":102}},"9":{"start":{"line":7,"column":118},"end":{"line":7,"column":162}},"10":{"start":{"line":7,"column":201},"end":{"line":7,"column":255}},"11":{"start":{"line":7,"column":304},"end":{"line":7,"column":351}},"12":{"start":{"line":7,"column":339},"end":{"line":7,"column":351}},"13":{"start":{"line":7,"column":375},"end":{"line":7,"column":388}},"14":{"start":{"line":7,"column":412},"end":{"line":7,"column":425}},"15":{"start":{"line":7,"column":426},"end":{"line":7,"column":583}},"16":{"start":{"line":7,"column":509},"end":{"line":7,"column":567}},"17":{"start":{"line":7,"column":636},"end":{"line":7,"column":692}},"18":{"start":{"line":7,"column":680},"end":{"line":7,"column":691}},"19":{"start":{"line":7,"column":692},"end":{"line":7,"column":792}},"20":{"start":{"line":7,"column":767},"end":{"line":7,"column":791}},"21":{"start":{"line":7,"column":804},"end":{"line":7,"column":841}},"22":{"start":{"line":7,"column":842},"end":{"line":7,"column":895}},"23":{"start":{"line":7,"column":872},"end":{"line":7,"column":894}},"24":{"start":{"line":7,"column":908},"end":{"line":7,"column":910}},"25":{"start":{"line":7,"column":939},"end":{"line":7,"column":995}},"26":{"start":{"line":7,"column":996},"end":{"line":7,"column":1288}},"27":{"start":{"line":7,"column":1018},"end":{"line":7,"column":1287}},"28":{"start":{"line":7,"column":1103},"end":{"line":7,"column":1175}},"29":{"start":{"line":7,"column":1176},"end":{"line":7,"column":1286}},"30":{"start":{"line":7,"column":1213},"end":{"line":7,"column":1254}},"31":{"start":{"line":7,"column":1262},"end":{"line":7,"column":1285}},"32":{"start":{"line":7,"column":1288},"end":{"line":7,"column":1309}},"33":{"start":{"line":7,"column":1309},"end":{"line":7,"column":1345}},"34":{"start":{"line":7,"column":1321},"end":{"line":7,"column":1344}},"35":{"start":{"line":7,"column":1345},"end":{"line":7,"column":1359}},"36":{"start":{"line":7,"column":1413},"end":{"line":7,"column":1432}},"37":{"start":{"line":7,"column":1433},"end":{"line":7,"column":1679}},"38":{"start":{"line":7,"column":1482},"end":{"line":7,"column":1518}},"39":{"start":{"line":7,"column":1519},"end":{"line":7,"column":1678}},"40":{"start":{"line":7,"column":1579},"end":{"line":7,"column":1642}},"41":{"start":{"line":7,"column":1679},"end":{"line":7,"column":1691}},"42":{"start":{"line":7,"column":1724},"end":{"line":7,"column":2173}},"43":{"start":{"line":7,"column":1737},"end":{"line":7,"column":1738}},"44":{"start":{"line":7,"column":1781},"end":{"line":7,"column":1821}},"45":{"start":{"line":7,"column":1822},"end":{"line":7,"column":2172}},"46":{"start":{"line":7,"column":1882},"end":{"line":7,"column":1924}},"47":{"start":{"line":7,"column":2088},"end":{"line":7,"column":2169}},"48":{"start":{"line":7,"column":2173},"end":{"line":7,"column":2187}},"49":{"start":{"line":7,"column":2231},"end":{"line":7,"column":2378}},"50":{"start":{"line":7,"column":2248},"end":{"line":7,"column":2352}},"51":{"start":{"line":7,"column":2360},"end":{"line":7,"column":2377}},"52":{"start":{"line":7,"column":2378},"end":{"line":7,"column":2389}},"53":{"start":{"line":7,"column":2423},"end":{"line":7,"column":2545}},"54":{"start":{"line":7,"column":2575},"end":{"line":7,"column":2736}},"55":{"start":{"line":7,"column":2786},"end":{"line":7,"column":2801}},"56":{"start":{"line":7,"column":2794},"end":{"line":7,"column":2801}},"57":{"start":{"line":7,"column":2801},"end":{"line":7,"column":2864}},"58":{"start":{"line":7,"column":2828},"end":{"line":7,"column":2864}},"59":{"start":{"line":7,"column":2872},"end":{"line":7,"column":2918}},"60":{"start":{"line":7,"column":2919},"end":{"line":7,"column":2979}},"61":{"start":{"line":7,"column":2956},"end":{"line":7,"column":2979}},"62":{"start":{"line":7,"column":2979},"end":{"line":7,"column":3032}},"63":{"start":{"line":7,"column":3011},"end":{"line":7,"column":3032}},"64":{"start":{"line":7,"column":3032},"end":{"line":7,"column":3145}},"65":{"start":{"line":7,"column":3109},"end":{"line":7,"column":3145}},"66":{"start":{"line":7,"column":3184},"end":{"line":7,"column":3238}},"67":{"start":{"line":7,"column":3221},"end":{"line":7,"column":3238}},"68":{"start":{"line":7,"column":3238},"end":{"line":7,"column":3310}},"69":{"start":{"line":7,"column":3251},"end":{"line":7,"column":3252}},"70":{"start":{"line":7,"column":3261},"end":{"line":7,"column":3275}},"71":{"start":{"line":7,"column":3292},"end":{"line":7,"column":3309}},"72":{"start":{"line":7,"column":3310},"end":{"line":7,"column":3322}},"73":{"start":{"line":7,"column":3372},"end":{"line":7,"column":3467}},"74":{"start":{"line":7,"column":3468},"end":{"line":7,"column":3491}},"75":{"start":{"line":7,"column":3484},"end":{"line":7,"column":3491}},"76":{"start":{"line":7,"column":3502},"end":{"line":7,"column":3504}},"77":{"start":{"line":7,"column":3514},"end":{"line":7,"column":3518}},"78":{"start":{"line":7,"column":3528},"end":{"line":7,"column":3533}},"79":{"start":{"line":7,"column":3545},"end":{"line":7,"column":3800}},"80":{"start":{"line":7,"column":3550},"end":{"line":7,"column":3672}},"81":{"start":{"line":7,"column":3617},"end":{"line":7,"column":3637}},"82":{"start":{"line":7,"column":3637},"end":{"line":7,"column":3671}},"83":{"start":{"line":7,"column":3665},"end":{"line":7,"column":3671}},"84":{"start":{"line":7,"column":3687},"end":{"line":7,"column":3697}},"85":{"start":{"line":7,"column":3697},"end":{"line":7,"column":3706}},"86":{"start":{"line":7,"column":3717},"end":{"line":7,"column":3799}},"87":{"start":{"line":7,"column":3722},"end":{"line":7,"column":3770}},"88":{"start":{"line":7,"column":3755},"end":{"line":7,"column":3770}},"89":{"start":{"line":7,"column":3781},"end":{"line":7,"column":3798}},"90":{"start":{"line":7,"column":3789},"end":{"line":7,"column":3798}},"91":{"start":{"line":7,"column":3800},"end":{"line":7,"column":3812}},"92":{"start":{"line":7,"column":3844},"end":{"line":7,"column":3879}},"93":{"start":{"line":7,"column":3868},"end":{"line":7,"column":3879}},"94":{"start":{"line":8,"column":12},"end":{"line":124,"column":1}},"95":{"start":{"line":8,"column":51},"end":{"line":8,"column":66}},"96":{"start":{"line":9,"column":18},"end":{"line":9,"column":42}},"97":{"start":{"line":9,"column":56},"end":{"line":9,"column":84}},"98":{"start":{"line":9,"column":93},"end":{"line":9,"column":106}},"99":{"start":{"line":9,"column":118},"end":{"line":9,"column":131}},"100":{"start":{"line":10,"column":19},"end":{"line":10,"column":45}},"101":{"start":{"line":10,"column":59},"end":{"line":10,"column":88}},"102":{"start":{"line":10,"column":99},"end":{"line":10,"column":112}},"103":{"start":{"line":10,"column":126},"end":{"line":10,"column":139}},"104":{"start":{"line":11,"column":19},"end":{"line":11,"column":43}},"105":{"start":{"line":11,"column":57},"end":{"line":11,"column":86}},"106":{"start":{"line":11,"column":105},"end":{"line":11,"column":118}},"107":{"start":{"line":11,"column":140},"end":{"line":11,"column":153}},"108":{"start":{"line":13,"column":19},"end":{"line":13,"column":43}},"109":{"start":{"line":13,"column":57},"end":{"line":13,"column":86}},"110":{"start":{"line":13,"column":98},"end":{"line":13,"column":111}},"111":{"start":{"line":13,"column":126},"end":{"line":13,"column":139}},"112":{"start":{"line":14,"column":19},"end":{"line":14,"column":45}},"113":{"start":{"line":14,"column":60},"end":{"line":14,"column":89}},"114":{"start":{"line":14,"column":103},"end":{"line":14,"column":117}},"115":{"start":{"line":14,"column":134},"end":{"line":14,"column":148}},"116":{"start":{"line":15,"column":20},"end":{"line":15,"column":44}},"117":{"start":{"line":15,"column":59},"end":{"line":15,"column":89}},"118":{"start":{"line":15,"column":111},"end":{"line":15,"column":125}},"119":{"start":{"line":15,"column":150},"end":{"line":15,"column":164}},"120":{"start":{"line":16,"column":25},"end":{"line":31,"column":3}},"121":{"start":{"line":17,"column":14},"end":{"line":17,"column":59}},"122":{"start":{"line":18,"column":4},"end":{"line":30,"column":5}},"123":{"start":{"line":19,"column":6},"end":{"line":19,"column":47}},"124":{"start":{"line":20,"column":6},"end":{"line":20,"column":24}},"125":{"start":{"line":21,"column":6},"end":{"line":21,"column":19}},"126":{"start":{"line":22,"column":11},"end":{"line":30,"column":5}},"127":{"start":{"line":23,"column":6},"end":{"line":23,"column":61}},"128":{"start":{"line":24,"column":6},"end":{"line":24,"column":24}},"129":{"start":{"line":25,"column":6},"end":{"line":25,"column":19}},"130":{"start":{"line":27,"column":6},"end":{"line":27,"column":29}},"131":{"start":{"line":28,"column":6},"end":{"line":28,"column":23}},"132":{"start":{"line":29,"column":6},"end":{"line":29,"column":18}},"133":{"start":{"line":32,"column":23},"end":{"line":47,"column":3}},"134":{"start":{"line":33,"column":14},"end":{"line":33,"column":78}},"135":{"start":{"line":34,"column":4},"end":{"line":46,"column":5}},"136":{"start":{"line":35,"column":6},"end":{"line":35,"column":53}},"137":{"start":{"line":36,"column":6},"end":{"line":36,"column":27}},"138":{"start":{"line":37,"column":6},"end":{"line":37,"column":19}},"139":{"start":{"line":38,"column":11},"end":{"line":46,"column":5}},"140":{"start":{"line":39,"column":6},"end":{"line":39,"column":141}},"141":{"start":{"line":40,"column":6},"end":{"line":40,"column":27}},"142":{"start":{"line":41,"column":6},"end":{"line":41,"column":19}},"143":{"start":{"line":43,"column":6},"end":{"line":43,"column":32}},"144":{"start":{"line":44,"column":6},"end":{"line":44,"column":26}},"145":{"start":{"line":45,"column":6},"end":{"line":45,"column":18}},"146":{"start":{"line":48,"column":2},"end":{"line":118,"column":281}},"147":{"start":{"line":90,"column":8},"end":{"line":92,"column":9}},"148":{"start":{"line":91,"column":10},"end":{"line":91,"column":43}},"149":{"start":{"line":103,"column":83},"end":{"line":103,"column":121}},"150":{"start":{"line":107,"column":83},"end":{"line":107,"column":113}},"151":{"start":{"line":126,"column":13},"end":{"line":226,"column":19}},"152":{"start":{"line":230,"column":0},"end":{"line":230,"column":5}},"153":{"start":{"line":230,"column":6},"end":{"line":230,"column":33}}},"fnMap":{"0":{"name":"_interopRequireDefault","decl":{"start":{"line":7,"column":172},"end":{"line":7,"column":194}},"loc":{"start":{"line":7,"column":200},"end":{"line":7,"column":256}},"line":7},"1":{"name":"_getRequireWildcardCache","decl":{"start":{"line":7,"column":265},"end":{"line":7,"column":289}},"loc":{"start":{"line":7,"column":303},"end":{"line":7,"column":584}},"line":7},"2":{"name":"_getRequireWildcardCache","decl":{"start":{"line":7,"column":470},"end":{"line":7,"column":494}},"loc":{"start":{"line":7,"column":508},"end":{"line":7,"column":568}},"line":7},"3":{"name":"_interopRequireWildcard","decl":{"start":{"line":7,"column":593},"end":{"line":7,"column":616}},"loc":{"start":{"line":7,"column":635},"end":{"line":7,"column":1360}},"line":7},"4":{"name":"ownKeys","decl":{"start":{"line":7,"column":1369},"end":{"line":7,"column":1376}},"loc":{"start":{"line":7,"column":1401},"end":{"line":7,"column":1692}},"line":7},"5":{"name":"(anonymous_5)","decl":{"start":{"line":7,"column":1563},"end":{"line":7,"column":1564}},"loc":{"start":{"line":7,"column":1578},"end":{"line":7,"column":1643}},"line":7},"6":{"name":"_objectSpread","decl":{"start":{"line":7,"column":1701},"end":{"line":7,"column":1714}},"loc":{"start":{"line":7,"column":1723},"end":{"line":7,"column":2188}},"line":7},"7":{"name":"(anonymous_7)","decl":{"start":{"line":7,"column":1866},"end":{"line":7,"column":1867}},"loc":{"start":{"line":7,"column":1881},"end":{"line":7,"column":1925}},"line":7},"8":{"name":"(anonymous_8)","decl":{"start":{"line":7,"column":2072},"end":{"line":7,"column":2073}},"loc":{"start":{"line":7,"column":2087},"end":{"line":7,"column":2170}},"line":7},"9":{"name":"_defineProperty","decl":{"start":{"line":7,"column":2197},"end":{"line":7,"column":2212}},"loc":{"start":{"line":7,"column":2230},"end":{"line":7,"column":2390}},"line":7},"10":{"name":"_slicedToArray","decl":{"start":{"line":7,"column":2399},"end":{"line":7,"column":2413}},"loc":{"start":{"line":7,"column":2422},"end":{"line":7,"column":2546}},"line":7},"11":{"name":"_nonIterableRest","decl":{"start":{"line":7,"column":2555},"end":{"line":7,"column":2571}},"loc":{"start":{"line":7,"column":2574},"end":{"line":7,"column":2737}},"line":7},"12":{"name":"_unsupportedIterableToArray","decl":{"start":{"line":7,"column":2746},"end":{"line":7,"column":2773}},"loc":{"start":{"line":7,"column":2785},"end":{"line":7,"column":3146}},"line":7},"13":{"name":"_arrayLikeToArray","decl":{"start":{"line":7,"column":3155},"end":{"line":7,"column":3172}},"loc":{"start":{"line":7,"column":3183},"end":{"line":7,"column":3323}},"line":7},"14":{"name":"_iterableToArrayLimit","decl":{"start":{"line":7,"column":3332},"end":{"line":7,"column":3353}},"loc":{"start":{"line":7,"column":3362},"end":{"line":7,"column":3813}},"line":7},"15":{"name":"_arrayWithHoles","decl":{"start":{"line":7,"column":3822},"end":{"line":7,"column":3837}},"loc":{"start":{"line":7,"column":3843},"end":{"line":7,"column":3880}},"line":7},"16":{"name":"Login","decl":{"start":{"line":8,"column":21},"end":{"line":8,"column":26}},"loc":{"start":{"line":8,"column":33},"end":{"line":124,"column":1}},"line":8},"17":{"name":"handleValidEmail","decl":{"start":{"line":16,"column":34},"end":{"line":16,"column":50}},"loc":{"start":{"line":16,"column":53},"end":{"line":31,"column":3}},"line":16},"18":{"name":"handlePassword","decl":{"start":{"line":32,"column":32},"end":{"line":32,"column":46}},"loc":{"start":{"line":32,"column":49},"end":{"line":47,"column":3}},"line":32},"19":{"name":"onPress","decl":{"start":{"line":89,"column":122},"end":{"line":89,"column":129}},"loc":{"start":{"line":89,"column":132},"end":{"line":93,"column":7}},"line":89},"20":{"name":"onPress","decl":{"start":{"line":103,"column":72},"end":{"line":103,"column":79}},"loc":{"start":{"line":103,"column":82},"end":{"line":103,"column":122}},"line":103},"21":{"name":"onPress","decl":{"start":{"line":107,"column":72},"end":{"line":107,"column":79}},"loc":{"start":{"line":107,"column":82},"end":{"line":107,"column":114}},"line":107}},"branchMap":{"0":{"loc":{"start":{"line":7,"column":208},"end":{"line":7,"column":254}},"type":"cond-expr","locations":[{"start":{"line":7,"column":232},"end":{"line":7,"column":235}},{"start":{"line":7,"column":238},"end":{"line":7,"column":254}}],"line":7},"1":{"loc":{"start":{"line":7,"column":208},"end":{"line":7,"column":229}},"type":"binary-expr","locations":[{"start":{"line":7,"column":208},"end":{"line":7,"column":211}},{"start":{"line":7,"column":215},"end":{"line":7,"column":229}}],"line":7},"2":{"loc":{"start":{"line":7,"column":304},"end":{"line":7,"column":351}},"type":"if","locations":[{"start":{"line":7,"column":304},"end":{"line":7,"column":351}},{"start":{},"end":{}}],"line":7},"3":{"loc":{"start":{"line":7,"column":516},"end":{"line":7,"column":566}},"type":"cond-expr","locations":[{"start":{"line":7,"column":530},"end":{"line":7,"column":546}},{"start":{"line":7,"column":549},"end":{"line":7,"column":566}}],"line":7},"4":{"loc":{"start":{"line":7,"column":636},"end":{"line":7,"column":692}},"type":"if","locations":[{"start":{"line":7,"column":636},"end":{"line":7,"column":692}},{"start":{},"end":{}}],"line":7},"5":{"loc":{"start":{"line":7,"column":640},"end":{"line":7,"column":677}},"type":"binary-expr","locations":[{"start":{"line":7,"column":640},"end":{"line":7,"column":652}},{"start":{"line":7,"column":656},"end":{"line":7,"column":659}},{"start":{"line":7,"column":663},"end":{"line":7,"column":677}}],"line":7},"6":{"loc":{"start":{"line":7,"column":692},"end":{"line":7,"column":792}},"type":"if","locations":[{"start":{"line":7,"column":692},"end":{"line":7,"column":792}},{"start":{},"end":{}}],"line":7},"7":{"loc":{"start":{"line":7,"column":696},"end":{"line":7,"column":764}},"type":"binary-expr","locations":[{"start":{"line":7,"column":696},"end":{"line":7,"column":708}},{"start":{"line":7,"column":712},"end":{"line":7,"column":735}},{"start":{"line":7,"column":739},"end":{"line":7,"column":764}}],"line":7},"8":{"loc":{"start":{"line":7,"column":842},"end":{"line":7,"column":895}},"type":"if","locations":[{"start":{"line":7,"column":842},"end":{"line":7,"column":895}},{"start":{},"end":{}}],"line":7},"9":{"loc":{"start":{"line":7,"column":846},"end":{"line":7,"column":869}},"type":"binary-expr","locations":[{"start":{"line":7,"column":846},"end":{"line":7,"column":851}},{"start":{"line":7,"column":855},"end":{"line":7,"column":869}}],"line":7},"10":{"loc":{"start":{"line":7,"column":939},"end":{"line":7,"column":995}},"type":"binary-expr","locations":[{"start":{"line":7,"column":939},"end":{"line":7,"column":960}},{"start":{"line":7,"column":964},"end":{"line":7,"column":995}}],"line":7},"11":{"loc":{"start":{"line":7,"column":1018},"end":{"line":7,"column":1287}},"type":"if","locations":[{"start":{"line":7,"column":1018},"end":{"line":7,"column":1287}},{"start":{},"end":{}}],"line":7},"12":{"loc":{"start":{"line":7,"column":1022},"end":{"line":7,"column":1089}},"type":"binary-expr","locations":[{"start":{"line":7,"column":1022},"end":{"line":7,"column":1039}},{"start":{"line":7,"column":1043},"end":{"line":7,"column":1089}}],"line":7},"13":{"loc":{"start":{"line":7,"column":1103},"end":{"line":7,"column":1175}},"type":"cond-expr","locations":[{"start":{"line":7,"column":1127},"end":{"line":7,"column":1168}},{"start":{"line":7,"column":1171},"end":{"line":7,"column":1175}}],"line":7},"14":{"loc":{"start":{"line":7,"column":1176},"end":{"line":7,"column":1286}},"type":"if","locations":[{"start":{"line":7,"column":1176},"end":{"line":7,"column":1286}},{"start":{"line":7,"column":1261},"end":{"line":7,"column":1286}}],"line":7},"15":{"loc":{"start":{"line":7,"column":1180},"end":{"line":7,"column":1210}},"type":"binary-expr","locations":[{"start":{"line":7,"column":1180},"end":{"line":7,"column":1184}},{"start":{"line":7,"column":1189},"end":{"line":7,"column":1197}},{"start":{"line":7,"column":1201},"end":{"line":7,"column":1209}}],"line":7},"16":{"loc":{"start":{"line":7,"column":1309},"end":{"line":7,"column":1345}},"type":"if","locations":[{"start":{"line":7,"column":1309},"end":{"line":7,"column":1345}},{"start":{},"end":{}}],"line":7},"17":{"loc":{"start":{"line":7,"column":1433},"end":{"line":7,"column":1679}},"type":"if","locations":[{"start":{"line":7,"column":1433},"end":{"line":7,"column":1679}},{"start":{},"end":{}}],"line":7},"18":{"loc":{"start":{"line":7,"column":1519},"end":{"line":7,"column":1645}},"type":"binary-expr","locations":[{"start":{"line":7,"column":1519},"end":{"line":7,"column":1533}},{"start":{"line":7,"column":1538},"end":{"line":7,"column":1644}}],"line":7},"19":{"loc":{"start":{"line":7,"column":1781},"end":{"line":7,"column":1821}},"type":"cond-expr","locations":[{"start":{"line":7,"column":1804},"end":{"line":7,"column":1816}},{"start":{"line":7,"column":1819},"end":{"line":7,"column":1821}}],"line":7},"20":{"loc":{"start":{"line":7,"column":1822},"end":{"line":7,"column":2171}},"type":"cond-expr","locations":[{"start":{"line":7,"column":1830},"end":{"line":7,"column":1926}},{"start":{"line":7,"column":1929},"end":{"line":7,"column":2171}}],"line":7},"21":{"loc":{"start":{"line":7,"column":1929},"end":{"line":7,"column":2171}},"type":"cond-expr","locations":[{"start":{"line":7,"column":1964},"end":{"line":7,"column":2037}},{"start":{"line":7,"column":2040},"end":{"line":7,"column":2171}}],"line":7},"22":{"loc":{"start":{"line":7,"column":2231},"end":{"line":7,"column":2378}},"type":"if","locations":[{"start":{"line":7,"column":2231},"end":{"line":7,"column":2378}},{"start":{"line":7,"column":2359},"end":{"line":7,"column":2378}}],"line":7},"23":{"loc":{"start":{"line":7,"column":2430},"end":{"line":7,"column":2544}},"type":"binary-expr","locations":[{"start":{"line":7,"column":2430},"end":{"line":7,"column":2450}},{"start":{"line":7,"column":2454},"end":{"line":7,"column":2483}},{"start":{"line":7,"column":2487},"end":{"line":7,"column":2522}},{"start":{"line":7,"column":2526},"end":{"line":7,"column":2544}}],"line":7},"24":{"loc":{"start":{"line":7,"column":2786},"e
[...]
oc":{"start":{"line":6,"column":693},"end":{"line":6,"column":793}},"type":"if","locations":[{"start":{"line":6,"column":693},"end":{"line":6,"column":793}},{"start":{},"end":{}}],"line":6},"7":{"loc":{"start":{"line":6,"column":697},"end":{"line":6,"column":765}},"type":"binary-expr","locations":[{"start":{"line":6,"column":697},"end":{"line":6,"column":709}},{"start":{"line":6,"column":713},"end":{"line":6,"column":736}},{"start":{"line":6,"column":740},"end":{"line":6,"column":765}}],"line":6},"8":{"loc":{"start":{"line":6,"column":843},"end":{"line":6,"column":896}},"type":"if","locations":[{"start":{"line":6,"column":843},"end":{"line":6,"column":896}},{"start":{},"end":{}}],"line":6},"9":{"loc":{"start":{"line":6,"column":847},"end":{"line":6,"column":870}},"type":"binary-expr","locations":[{"start":{"line":6,"column":847},"end":{"line":6,"column":852}},{"start":{"line":6,"column":856},"end":{"line":6,"column":870}}],"line":6},"10":{"loc":{"start":{"line":6,"column":940},"end":{"line":6,"column":996}},"type":"binary-expr","locations":[{"start":{"line":6,"column":940},"end":{"line":6,"column":961}},{"start":{"line":6,"column":965},"end":{"line":6,"column":996}}],"line":6},"11":{"loc":{"start":{"line":6,"column":1019},"end":{"line":6,"column":1288}},"type":"if","locations":[{"start":{"line":6,"column":1019},"end":{"line":6,"column":1288}},{"start":{},"end":{}}],"line":6},"12":{"loc":{"start":{"line":6,"column":1023},"end":{"line":6,"column":1090}},"type":"binary-expr","locations":[{"start":{"line":6,"column":1023},"end":{"line":6,"column":1040}},{"start":{"line":6,"column":1044},"end":{"line":6,"column":1090}}],"line":6},"13":{"loc":{"start":{"line":6,"column":1104},"end":{"line":6,"column":1176}},"type":"cond-expr","locations":[{"start":{"line":6,"column":1128},"end":{"line":6,"column":1169}},{"start":{"line":6,"column":1172},"end":{"line":6,"column":1176}}],"line":6},"14":{"loc":{"start":{"line":6,"column":1177},"end":{"line":6,"column":1287}},"type":"if","locations":[{"start":{"line":6,"column":1177},"end":{"line":6,"column":1287}},{"start":{"line":6,"column":1262},"end":{"line":6,"column":1287}}],"line":6},"15":{"loc":{"start":{"line":6,"column":1181},"end":{"line":6,"column":1211}},"type":"binary-expr","locations":[{"start":{"line":6,"column":1181},"end":{"line":6,"column":1185}},{"start":{"line":6,"column":1190},"end":{"line":6,"column":1198}},{"start":{"line":6,"column":1202},"end":{"line":6,"column":1210}}],"line":6},"16":{"loc":{"start":{"line":6,"column":1310},"end":{"line":6,"column":1346}},"type":"if","locations":[{"start":{"line":6,"column":1310},"end":{"line":6,"column":1346}},{"start":{},"end":{}}],"line":6},"17":{"loc":{"start":{"line":6,"column":1401},"end":{"line":6,"column":1515}},"type":"binary-expr","locations":[{"start":{"line":6,"column":1401},"end":{"line":6,"column":1421}},{"start":{"line":6,"column":1425},"end":{"line":6,"column":1454}},{"start":{"line":6,"column":1458},"end":{"line":6,"column":1493}},{"start":{"line":6,"column":1497},"end":{"line":6,"column":1515}}],"line":6},"18":{"loc":{"start":{"line":6,"column":1757},"end":{"line":6,"column":1772}},"type":"if","locations":[{"start":{"line":6,"column":1757},"end":{"line":6,"column":1772}},{"start":{},"end":{}}],"line":6},"19":{"loc":{"start":{"line":6,"column":1772},"end":{"line":6,"column":1835}},"type":"if","locations":[{"start":{"line":6,"column":1772},"end":{"line":6,"column":1835}},{"start":{},"end":{}}],"line":6},"20":{"loc":{"start":{"line":6,"column":1890},"end":{"line":6,"column":1950}},"type":"if","locations":[{"start":{"line":6,"column":1890},"end":{"line":6,"column":1950}},{"start":{},"end":{}}],"line":6},"21":{"loc":{"start":{"line":6,"column":1894},"end":{"line":6,"column":1925}},"type":"binary-expr","locations":[{"start":{"line":6,"column":1894},"end":{"line":6,"column":1908}},{"start":{"line":6,"column":1912},"end":{"line":6,"column":1925}}],"line":6},"22":{"loc":{"start":{"line":6,"column":1950},"end":{"line":6,"column":2003}},"type":"if","locations":[{"start":{"line":6,"column":1950},"end":{"line":6,"column":2003}},{"start":{},"end":{}}],"line":6},"23":{"loc":{"start":{"line":6,"column":1954},"end":{"line":6,"column":1980}},"type":"binary-expr","locations":[{"start":{"line":6,"column":1954},"end":{"line":6,"column":1965}},{"start":{"line":6,"column":1969},"end":{"line":6,"column":1980}}],"line":6},"24":{"loc":{"start":{"line":6,"column":2003},"end":{"line":6,"column":2116}},"type":"if","locations":[{"start":{"line":6,"column":2003},"end":{"line":6,"column":2116}},{"start":{},"end":{}}],"line":6},"25":{"loc":{"start":{"line":6,"column":2007},"end":{"line":6,"column":2078}},"type":"binary-expr","locations":[{"start":{"line":6,"column":2007},"end":{"line":6,"column":2024}},{"start":{"line":6,"column":2028},"end":{"line":6,"column":2078}}],"line":6},"26":{"loc":{"start":{"line":6,"column":2155},"end":{"line":6,"column":2209}},"type":"if","locations":[{"start":{"line":6,"column":2155},"end":{"line":6,"column":2209}},{"start":{},"end":{}}],"line":6},"27":{"loc":{"start":{"line":6,"column":2159},"end":{"line":6,"column":2190}},"type":"binary-expr","locations":[{"start":{"line":6,"column":2159},"end":{"line":6,"column":2170}},{"start":{"line":6,"column":2174},"end":{"line":6,"column":2190}}],"line":6},"28":{"loc":{"start":{"line":6,"column":2343},"end":{"line":6,"column":2438}},"type":"cond-expr","locations":[{"start":{"line":6,"column":2357},"end":{"line":6,"column":2361}},{"start":{"line":6,"column":2364},"end":{"line":6,"column":2438}}],"line":6},"29":{"loc":{"start":{"line":6,"column":2364},"end":{"line":6,"column":2438}},"type":"binary-expr","locations":[{"start":{"line":6,"column":2364},"end":{"line":6,"column":2393}},{"start":{"line":6,"column":2397},"end":{"line":6,"column":2417}},{"start":{"line":6,"column":2421},"end":{"line":6,"column":2438}}],"line":6},"30":{"loc":{"start":{"line":6,"column":2439},"end":{"line":6,"column":2462}},"type":"if","locations":[{"start":{"line":6,"column":2439},"end":{"line":6,"column":2462}},{"start":{},"end":{}}],"line":6},"31":{"loc":{"start":{"line":6,"column":2608},"end":{"line":6,"column":2642}},"type":"if","locations":[{"start":{"line":6,"column":2608},"end":{"line":6,"column":2642}},{"start":{},"end":{}}],"line":6},"32":{"loc":{"start":{"line":6,"column":2612},"end":{"line":6,"column":2634}},"type":"binary-expr","locations":[{"start":{"line":6,"column":2612},"end":{"line":6,"column":2613}},{"start":{"line":6,"column":2617},"end":{"line":6,"column":2634}}],"line":6},"33":{"loc":{"start":{"line":6,"column":2693},"end":{"line":6,"column":2741}},"type":"if","locations":[{"start":{"line":6,"column":2693},"end":{"line":6,"column":2741}},{"start":{},"end":{}}],"line":6},"34":{"loc":{"start":{"line":6,"column":2697},"end":{"line":6,"column":2724}},"type":"binary-expr","locations":[{"start":{"line":6,"column":2697},"end":{"line":6,"column":2700}},{"start":{"line":6,"column":2704},"end":{"line":6,"column":2724}}],"line":6},"35":{"loc":{"start":{"line":6,"column":2752},"end":{"line":6,"column":2769}},"type":"if","locations":[{"start":{"line":6,"column":2752},"end":{"line":6,"column":2769}},{"start":{},"end":{}}],"line":6},"36":{"loc":{"start":{"line":6,"column":2815},"end":{"line":6,"column":2850}},"type":"if","locations":[{"start":{"line":6,"column":2815},"end":{"line":6,"column":2850}},{"start":{},"end":{}}],"line":6},"37":{"loc":{"start":{"line":27,"column":4},"end":{"line":35,"column":24}},"type":"if","locations":[{"start":{"line":27,"column":4},"end":{"line":35,"column":24}},{"start":{"line":31,"column":11},"end":{"line":35,"column":24}}],"line":27},"38":{"loc":{"start":{"line":27,"column":8},"end":{"line":27,"column":55}},"type":"binary-expr","locations":[{"start":{"line":27,"column":8},"end":{"line":27,"column":18}},{"start":{"line":27,"column":22},"end":{"line":27,"column":39}},{"start":{"line":27,"column":43},"end":{"line":27,"column":55}}],"line":27},"39":{"loc":{"start":{"line":31,"column":11},"end":{"line":35,"column":24}},"type":"if","locations":[{"start":{"line":31,"column":11},"end":{"line":35,"column":24}},{"start":{"line":35,"column":11},"end":{"line":35,"column":24}}],"line":31},"40":{"loc":{"start":{"line":45,"column":4},"end":{"line":57,"column":5}},"type":"if","locations":[{"start":{"line":45,"column":4},"end":{"line":57,"column":5}},{"start":{"line":49,"column":11},"end":{"line":57,"column":5}}],"line":45},"41":{"loc":{"start":{"line":45,"column":8},"end":{"line":45,"column":58}},"type":"binary-expr","locations":[{"start":{"line":45,"column":8},"end":{"line":45,"column":19}},{"start":{"line":45,"column":23},"end":{"line":45,"column":41}},{"start":{"line":45,"column":45},"end":{"line":45,"column":58}}],"line":45},"42":{"loc":{"start":{"line":49,"column":11},"end":{"line":57,"column":5}},"type":"if","locations":[{"start":{"line":49,"column":11},"end":{"line":57,"column":5}},{"start":{"line":53,"column":11},"end":{"line":57,"column":5}}],"line":49},"43":{"loc":{"start":{"line":61,"column":4},"end":{"line":73,"column":5}},"type":"if","locations":[{"start":{"line":61,"column":4},"end":{"line":73,"column":5}},{"start":{"line":65,"column":11},"end":{"line":73,"column":5}}],"line":61},"44":{"loc":{"start":{"line":61,"column":8},"end":{"line":61,"column":67}},"type":"binary-expr","locations":[{"start":{"line":61,"column":8},"end":{"line":61,"column":22}},{"start":{"line":61,"column":26},"end":{"line":61,"column":47}},{"start":{"line":61,"column":51},"end":{"line":61,"column":67}}],"line":61},"45":{"loc":{"start":{"line":65,"column":11},"end":{"line":73,"column":5}},"type":"if","locations":[{"start":{"line":65,"column":11},"end":{"line":73,"column":5}},{"start":{"line":69,"column":11},"end":{"line":73,"column":5}}],"line":65},"46":{"loc":{"start":{"line":77,"column":4},"end":{"line":85,"column":30}},"type":"if","locations":[{"start":{"line":77,"column":4},"end":{"line":85,"column":30}},{"start":{"line":81,"column":11},"end":{"line":85,"column":30}}],"line":77},"47":{"loc":{"start":{"line":77,"column":8},"end":{"line":77,"column":61}},"type":"binary-expr","locations":[{"start":{"line":77,"column":8},"end":{"line":77,"column":20}},{"start":{"line":77,"column":24},"end":{"line":77,"column":43}},{"start":{"line":77,"column":47},"end":{"line":77,"column":61}}],"line":77},"48":{"loc":{"start":{"line":81,"column":11},"end":{"line":85,"column":30}},"type":"if","locations":[{"start":{"line":81,"column":11},"end":{"line":85,"column":30}},{"start":{"line":85,"column":11},"end":{"line":85,"column":30}}],"line":81},"49":{"loc":{"start":{"line":111,"column":4},"end":{"line":111,"column":204}},"type":"cond-expr","locations":[{"start":{"line":111,"column":21},"end":{"line":111,"column":25}},{"start":{"line":111,"column":28},"end":{"line":111,"column":204}}],"line":111},"50":{"loc":{"start":{"line":127,"column":4},"end":{"line":127,"column":206}},"type":"cond-expr","locations":[{"start":{"line":127,"column":22},"end":{"line":127,"column":26}},{"start":{"line":127,"column":29},"end":{"line":127,"column":206}}],"line":127},"51":{"loc":{"start":{"line":143,"column":4},"end":{"line":143,"column":212}},"type":"cond-expr","locations":[{"start":{"line":143,"column":25},"end":{"line":143,"column":29}},{"start":{"line":143,"column":32},"end":{"line":143,"column":212}}],"line":143},"52":{"loc":{"start":{"line":156,"column":4},"end":{"line":156,"column":224}},"type":"cond-expr","locations":[{"start":{"line":156,"column":31},"end":{"line":156,"column":35}},{"start":{"line":156,"column":38},"end":{"line":156,"column":224}}],"line":156},"53":{"loc":{"start":{"line":164,"column":8},"end":{"line":166,"column":9}},"type":"if","locations":[{"start":{"line":164,"column":8},"end":{"line":166,"column":9}},{"start":{},"end":{}}],"line":164},"54":{"loc":{"start":{"line":164,"column":12},"end":{"line":164,"column":92}},"type":"binary-expr","locations":[{"start":{"line":164,"column":12},"end":{"line":164,"column":24}},{"start":{"line":164,"column":28},"end":{"line":164,"column":46}},{"start":{"line":164,"column":50},"end":{"line":164,"column":66}},{"start":{"line":164,"column":70},"end":{"line":164,"column":92}}],"line":164}},"s":{"0":2,"1":2,"2":2,"3":2,"4":2,"5":2,"6":2,"7":2,"8":2,"9":2,"10":6,"11":2,"12":0,"13":2,"14":2,"15":2,"16":2,"17":2,"18":0,"19":2,"20":0,"21":2,"22":2,"23":0,"24":2,"25":2,"26":2,"27":56,"28":56,"29":56,"30":0,"31":56,"32":2,"33":2,"34":2,"35":2,"36":108,"37":0,"38":0,"39":0,"40":0,"41":0,"42":0,"43":0,"44":0,"45":0,"46":0,"47":0,"48":0,"49":0,"50":0,"51":0,"52":0,"53":0,"54":0,"55":0,"56":0,"57":0,"58":0,"59":0,"60":0,"61":0,"62":0,"63":0,"64":0,"65":0,"66":0,"67":0,"68":0,"69":0,"70":0,"71":0,"72":0,"73":0,"74":0,"75":108,"76":108,"77":2,"78":9,"79":9,"80":9,"81":9,"82":9,"83":9,"84":9,"85":9,"86":9,"87":9,"88":9,"89":9,"90":9,"91":9,"92":9,"93":9,"94":9,"95":9,"96":9,"97":9,"98":9,"99":9,"100":9,"101":9,"102":9,"103":9,"104":9,"105":9,"106":9,"107":9,"108":9,"109":9,"110":9,"111":9,"112":9,"113":9,"114":9,"115":9,"116":9,"117":9,"118":9,"119":9,"120":9,"121":9,"122":9,"123":9,"124":9,"125":9,"126":9,"127":9,"128":0,"129":0,"130":0,"131":0,"132":0,"133":0,"134":0,"135":0,"136":0,"137":0,"138":0,"139":0,"140":0,"141":9,"142":0,"143":0,"144":0,"145":0,"146":0,"147":0,"148":0,"149":0,"150":0,"151":0,"152":0,"153":0,"154":9,"155":0,"156":0,"157":0,"158":0,"159":0,"160":0,"161":0,"162":0,"163":0,"164":0,"165":0,"166":0,"167":9,"168":0,"169":0,"170":0,"171":0,"172":0,"173":0,"174":0,"175":0,"176":0,"177":0,"178":0,"179":0,"180":0,"181":9,"182":0,"183":0,"184":1,"185":2,"186":2,"187":2},"f":{"0":6,"1":2,"2":2,"3":2,"4":108,"5":0,"6":0,"7":0,"8":0,"9":108,"10":9,"11":0,"12":0,"13":0,"14":0,"15":0,"16":1},"b":{"0":[4,2],"1":[6,6],"2":[0,2],"3":[0,2],"4":[0,2],"5":[2,2,2],"6":[0,2],"7":[2,2,0],"8":[0,2],"9":[2,2],"10":[2,2],"11":[56,0],"12":[56,56],"13":[56,0],"14":[0,56],"15":[56,56,56],"16":[2,0],"17":[108,0,0,0],"18":[0,0],"19":[0,0],"20":[0,0],"21":[0,0],"22":[0,0],"23":[0,0],"24":[0,0],"25":[0,0],"26":[0,0],"27":[0,0],"28":[0,0],"29":[0,0,0],"30":[0,0],"31":[0,0],"32":[0,0],"33":[0,0],"34":[0,0],"35":[0,0],"36":[108,0],"37":[0,0],"38":[0,0,0],"39":[0,0],"40":[0,0],"41":[0,0,0],"42":[0,0],"43":[0,0],"44":[0,0,0],"45":[0,0],"46":[0,0],"47":[0,0,0],"48":[0,0],"49":[9,0],"50":[9,0],"51":[9,0],"52":[9,0],"53":[0,0],"54":[0,0,0,0]},"inputSourceMap":null,"_coverageSchema":"1a1c01bbd47fc00a2c39e90264f33305004495a9","hash":"a9bfd00dca99b17205b6f65569b5f9a7a2ef51d7"}
,"C:\\workspace\\sampleapp\\screen\\Webview.js": {"path":"C:\\workspace\\sampleapp\\screen\\Webview.js","statementMap":{"0":{"start":{"line":1,"column":13},"end":{"line":1,"column":75}},"1":{"start":{"line":1,"column":75},"end":{"line":1,"column":100}},"2":{"start":{"line":1,"column":119},"end":{"line":1,"column":142}},"3":{"start":{"line":2,"column":13},"end":{"line":2,"column":53}},"4":{"start":{"line":3,"column":26},"end":{"line":3,"column":81}},"5":{"start":{"line":4,"column":14},"end":{"line":4,"column":67}},"6":{"start":{"line":4,"column":80},"end":{"line":4,"column":84}},"7":{"start":{"line":4,"column":100},"end":{"line":4,"column":146}},"8":{"start":{"line":4,"column":185},"end":{"line":4,"column":239}},"9":{"start":{"line":5,"column":14},"end":{"line":24,"column":1}},"10":{"start":{"line":5,"column":50},"end":{"line":5,"column":60}},"11":{"start":{"line":7,"column":13},"end":{"line":7,"column":30}},"12":{"start":{"line":8,"column":15},"end":{"line":8,"column":350}},"13":{"start":{"line":10,"column":2},"end":{"line":10,"column":31}},"14":{"start":{"line":11,"column":2},"end":{"line":20,"column":202}},"15":{"start":{"line":26,"column":0},"end":{"line":26,"column":7}},"16":{"start":{"line":26,"column":8},"end":{"line":26,"column":35}},"17":{"start":{"line":28,"column":13},"end":{"line":37,"column":27}}},"fnMap":{"0":{"name":"_interopRequireDefault","decl":{"start":{"line":4,"column":156},"end":{"line":4,"column":178}},"loc":{"start":{"line":4,"column":184},"end":{"line":4,"column":240}},"line":4},"1":{"name":"Webview","decl":{"start":{"line":5,"column":23},"end":{"line":5,"column":30}},"loc":{"start":{"line":5,"column":37},"end":{"line":24,"column":1}},"line":5}},"branchMap":{"0":{"loc":{"start":{"line":4,"column":192},"end":{"line":4,"column":238}},"type":"cond-expr","locations":[{"start":{"line":4,"column":216},"end":{"line":4,"column":219}},{"start":{"line":4,"column":222},"end":{"line":4,"column":238}}],"line":4},"1":{"loc":{"start":{"line":4,"column":192},"end":{"line":4,"column":213}},"type":"binary-expr","locations":[{"start":{"line":4,"column":192},"end":{"line":4,"column":195}},{"start":{"line":4,"column":199},"end":{"line":4,"column":213}}],"line":4},"2":{"loc":{"start":{"line":8,"column":15},"end":{"line":8,"column":350}},"type":"cond-expr","locations":[{"start":{"line":8,"column":37},"end":{"line":8,"column":197}},{"start":{"line":8,"column":200},"end":{"line":8,"column":350}}],"line":8}},"s":{"0":1,"1":1,"2":1,"3":1,"4":1,"5":1,"6":1,"7":1,"8":3,"9":1,"10":0,"11":0,"12":0,"13":0,"14":0,"15":1,"16":1,"17":1},"f":{"0":3,"1":0},"b":{"0":[2,1],"1":[3,3],"2":[0,0]},"inputSourceMap":null,"_coverageSchema":"1a1c01bbd47fc00a2c39e90264f33305004495a9","hash":"0eb1db328aa73317637c4b8b0ceb30c38e536387"}
,"C:\\workspace\\sampleapp\\screen\\Webviewproduct.js": {"path":"C:\\workspace\\sampleapp\\screen\\Webviewproduct.js","statementMap":{"0":{"start":{"line":1,"column":13},"end":{"line":1,"column":75}},"1":{"start":{"line":1,"column":75},"end":{"line":1,"column":100}},"2":{"start":{"line":1,"column":119},"end":{"line":1,"column":142}},"3":{"start":{"line":2,"column":13},"end":{"line":2,"column":53}},"4":{"start":{"line":3,"column":26},"end":{"line":3,"column":81}},"5":{"start":{"line":4,"column":14},"end":{"line":4,"column":67}},"6":{"start":{"line":4,"column":80},"end":{"line":4,"column":84}},"7":{"start":{"line":4,"column":100},"end":{"line":4,"column":153}},"8":{"start":{"line":4,"column":192},"end":{"line":4,"column":246}},"9":{"start":{"line":5,"column":21},"end":{"line":20,"column":1}},"10":{"start":{"line":5,"column":64},"end":{"line":5,"column":74}},"11":{"start":{"line":6,"column":13},"end":{"line":6,"column":30}},"12":{"start":{"line":7,"column":15},"end":{"line":7,"column":351}},"13":{"start":{"line":8,"column":2},"end":{"line":8,"column":31}},"14":{"start":{"line":9,"column":2},"end":{"line":17,"column":202}},"15":{"start":{"line":22,"column":0},"end":{"line":22,"column":14}},"16":{"start":{"line":22,"column":15},"end":{"line":22,"column":42}},"17":{"start":{"line":24,"column":13},"end":{"line":32,"column":27}}},"fnMap":{"0":{"name":"_interopRequireDefault","decl":{"start":{"line":4,"column":163},"end":{"line":4,"column":185}},"loc":{"start":{"line":4,"column":191},"end":{"line":4,"column":247}},"line":4},"1":{"name":"Webviewproduct","decl":{"start":{"line":5,"column":30},"end":{"line":5,"column":44}},"loc":{"start":{"line":5,"column":51},"end":{"line":20,"column":1}},"line":5}},"branchMap":{"0":{"loc":{"start":{"line":4,"column":199},"end":{"line":4,"column":245}},"type":"cond-expr","locations":[{"start":{"line":4,"column":223},"end":{"line":4,"column":226}},{"start":{"line":4,"column":229},"end":{"line":4,"column":245}}],"line":4},"1":{"loc":{"start":{"line":4,"column":199},"end":{"line":4,"column":220}},"type":"binary-expr","locations":[{"start":{"line":4,"column":199},"end":{"line":4,"column":202}},{"start":{"line":4,"column":206},"end":{"line":4,"column":220}}],"line":4},"2":{"loc":{"start":{"line":7,"column":15},"end":{"line":7,"column":351}},"type":"cond-expr","locations":[{"start":{"line":7,"column":37},"end":{"line":7,"column":198}},{"start":{"line":7,"column":201},"end":{"line":7,"column":351}}],"line":7}},"s":{"0":1,"1":1,"2":1,"3":1,"4":1,"5":1,"6":1,"7":1,"8":3,"9":1,"10":0,"11":0,"12":0,"13":0,"14":0,"15":1,"16":1,"17":1},"f":{"0":3,"1":0},"b":{"0":[2,1],"1":[3,3],"2":[0,0]},"inputSourceMap":null,"_coverageSchema":"1a1c01bbd47fc00a2c39e90264f33305004495a9","hash":"122293d766913e4cf75887e43ab9617f5a788589"}
}
