TN:
SF:App.js
FN:12,_interopRequireDefault
FN:12,_getRequireWildcardCache
FN:12,_getRequireWildcardCache
FN:12,_interopRequireWildcard
FN:14,App
FN:28,options
FNF:6
FNH:5
FNDA:7,_interopRequireDefault
FNDA:1,_getRequireWildcardCache
FNDA:1,_getRequireWildcardCache
FNDA:1,_interopRequireWildcard
FNDA:2,App
FNDA:0,options
DA:1,1
DA:2,1
DA:3,1
DA:4,1
DA:5,1
DA:6,1
DA:7,1
DA:8,1
DA:9,1
DA:10,1
DA:11,1
DA:12,28
DA:13,1
DA:15,2
DA:28,0
DA:29,0
DA:30,0
LF:17
LH:14
BRDA:12,0,0,7
BRDA:12,0,1,0
BRDA:12,1,0,7
BRDA:12,1,1,7
BRDA:12,2,0,0
BRDA:12,2,1,1
BRDA:12,3,0,0
BRDA:12,3,1,1
BRDA:12,4,0,0
BRDA:12,4,1,1
BRDA:12,5,0,1
BRDA:12,5,1,1
BRDA:12,5,2,1
BRDA:12,6,0,0
BRDA:12,6,1,1
BRDA:12,7,0,1
BRDA:12,7,1,1
BRDA:12,7,2,0
BRDA:12,8,0,0
BRDA:12,8,1,1
BRDA:12,9,0,1
BRDA:12,9,1,1
BRDA:12,10,0,1
BRDA:12,10,1,1
BRDA:12,11,0,28
BRDA:12,11,1,0
BRDA:12,12,0,28
BRDA:12,12,1,28
BRDA:12,13,0,28
BRDA:12,13,1,0
BRDA:12,14,0,0
BRDA:12,14,1,28
BRDA:12,15,0,28
BRDA:12,15,1,28
BRDA:12,15,2,28
BRDA:12,16,0,1
BRDA:12,16,1,0
BRF:37
BRH:26
end_of_record
TN:
SF:Component\ProductComponent.js
FN:4,_interopRequireDefault
FN:6,ProductComponent
FNF:2
FNH:1
FNDA:3,_interopRequireDefault
FNDA:0,ProductComponent
DA:1,1
DA:2,1
DA:3,1
DA:4,3
DA:6,1
DA:8,0
DA:9,0
DA:29,1
DA:65,1
LF:9
LH:7
BRDA:4,0,0,2
BRDA:4,0,1,1
BRDA:4,1,0,3
BRDA:4,1,1,3
BRF:4
BRH:4
end_of_record
TN:
SF:constant\Colors.js
FNF:0
FNH:0
DA:1,4
DA:13,4
LF:2
LH:2
BRF:0
BRH:0
end_of_record
TN:
SF:constant\constantElement.js
FNF:0
FNH:0
DA:1,3
DA:6,3
LF:2
LH:2
BRF:0
BRH:0
end_of_record
TN:
SF:redux\action.js
FN:4,_interopRequireDefault
FN:6,getproduct
FN:8,_callee
FN:8,_callee$
FNF:4
FNH:1
FNDA:1,_interopRequireDefault
FNDA:0,getproduct
FNDA:0,_callee
FNDA:0,_callee$
DA:1,1
DA:4,1
DA:6,1
DA:7,0
DA:8,0
DA:9,0
DA:10,0
DA:11,0
DA:13,0
DA:19,0
DA:21,0
DA:24,0
DA:26,1
LF:13
LH:4
BRDA:4,0,0,0
BRDA:4,0,1,1
BRDA:4,1,0,1
BRDA:4,1,1,1
BRDA:8,2,0,0
BRDA:8,2,1,0
BRDA:8,2,2,0
BRDA:8,2,3,0
BRDA:11,3,0,0
BRDA:11,3,1,0
BRF:10
BRH:3
end_of_record
TN:
SF:redux\store.js
FN:4,_interopRequireDefault
FNF:1
FNH:1
FNDA:2,_interopRequireDefault
DA:1,1
DA:3,1
DA:4,2
DA:5,1
DA:6,1
DA:8,1
LF:6
LH:6
BRDA:4,0,0,2
BRDA:4,0,1,0
BRDA:4,1,0,2
BRDA:4,1,1,2
BRF:4
BRH:3
end_of_record
TN:
SF:redux\reducer\productReducer.js
FN:1,ownKeys
FN:1,(anonymous_1)
FN:1,_objectSpread
FN:1,(anonymous_3)
FN:1,(anonymous_4)
FN:1,_defineProperty
FN:11,productReducer
FNF:7
FNH:1
FNDA:0,ownKeys
FNDA:0,(anonymous_1)
FNDA:0,_objectSpread
FNDA:0,(anonymous_3)
FNDA:0,(anonymous_4)
FNDA:0,_defineProperty
FNDA:3,productReducer
DA:1,1
DA:5,1
DA:8,1
DA:11,3
DA:12,3
DA:14,0
DA:16,0
DA:18,0
DA:20,3
DA:23,1
LF:10
LH:7
BRDA:1,0,0,0
BRDA:1,0,1,0
BRDA:1,1,0,0
BRDA:1,1,1,0
BRDA:1,2,0,0
BRDA:1,2,1,0
BRDA:1,3,0,0
BRDA:1,3,1,0
BRDA:1,4,0,0
BRDA:1,4,1,0
BRDA:1,5,0,0
BRDA:1,5,1,0
BRDA:11,6,0,0
BRDA:11,6,1,3
BRDA:11,7,0,3
BRDA:11,7,1,3
BRDA:11,8,0,3
BRDA:11,8,1,0
BRDA:12,9,0,0
BRDA:12,9,1,0
BRDA:12,9,2,0
BRDA:12,9,3,3
BRF:22
BRH:5
end_of_record
TN:
SF:screen\Dashboard.js
FN:7,_interopRequireDefault
FN:7,_getRequireWildcardCache
FN:7,_getRequireWildcardCache
FN:7,_interopRequireWildcard
FN:8,Dashboard
FN:9,(anonymous_5)
FN:12,fetchResult
FN:13,(anonymous_7)
FN:21,renderItem
FN:22,pressHandler
FN:41,keyExtractor
FNF:11
FNH:4
FNDA:3,_interopRequireDefault
FNDA:1,_getRequireWildcardCache
FNDA:1,_getRequireWildcardCache
FNDA:1,_interopRequireWildcard
FNDA:0,Dashboard
FNDA:0,(anonymous_5)
FNDA:0,fetchResult
FNDA:0,(anonymous_7)
FNDA:0,renderItem
FNDA:0,pressHandler
FNDA:0,keyExtractor
DA:1,1
DA:2,1
DA:3,1
DA:4,1
DA:5,1
DA:6,1
DA:7,28
DA:8,0
DA:9,0
DA:10,0
DA:11,0
DA:12,0
DA:13,0
DA:14,0
DA:17,0
DA:21,0
DA:23,0
DA:29,0
DA:30,0
DA:34,0
DA:41,0
DA:50,1
LF:22
LH:8
BRDA:7,0,0,3
BRDA:7,0,1,0
BRDA:7,1,0,3
BRDA:7,1,1,3
BRDA:7,2,0,0
BRDA:7,2,1,1
BRDA:7,3,0,0
BRDA:7,3,1,1
BRDA:7,4,0,0
BRDA:7,4,1,1
BRDA:7,5,0,1
BRDA:7,5,1,1
BRDA:7,5,2,1
BRDA:7,6,0,0
BRDA:7,6,1,1
BRDA:7,7,0,1
BRDA:7,7,1,1
BRDA:7,7,2,0
BRDA:7,8,0,0
BRDA:7,8,1,1
BRDA:7,9,0,1
BRDA:7,9,1,1
BRDA:7,10,0,1
BRDA:7,10,1,1
BRDA:7,11,0,28
BRDA:7,11,1,0
BRDA:7,12,0,28
BRDA:7,12,1,28
BRDA:7,13,0,28
BRDA:7,13,1,0
BRDA:7,14,0,0
BRDA:7,14,1,28
BRDA:7,15,0,28
BRDA:7,15,1,28
BRDA:7,15,2,28
BRDA:7,16,0,1
BRDA:7,16,1,0
BRDA:36,17,0,0
BRDA:36,17,1,0
BRDA:38,18,0,0
BRDA:38,18,1,0
BRF:41
BRH:26
end_of_record
TN:
SF:screen\ForgotPassword.js
FN:4,_interopRequireDefault
FN:4,_getRequireWildcardCache
FN:4,_getRequireWildcardCache
FN:4,_interopRequireWildcard
FN:4,_slicedToArray
FN:4,_nonIterableRest
FN:4,_unsupportedIterableToArray
FN:4,_arrayLikeToArray
FN:4,_iterableToArrayLimit
FN:4,_arrayWithHoles
FN:5,ForgotPassword
FN:11,handleForgotPassword
FN:51,onPress
FN:57,onPress
FNF:14
FNH:8
FNDA:4,_interopRequireDefault
FNDA:2,_getRequireWildcardCache
FNDA:2,_getRequireWildcardCache
FNDA:2,_interopRequireWildcard
FNDA:15,_slicedToArray
FNDA:0,_nonIterableRest
FNDA:0,_unsupportedIterableToArray
FNDA:0,_arrayLikeToArray
FNDA:0,_iterableToArrayLimit
FNDA:15,_arrayWithHoles
FNDA:5,ForgotPassword
FNDA:0,handleForgotPassword
FNDA:0,onPress
FNDA:1,onPress
DA:1,2
DA:2,2
DA:3,2
DA:4,56
DA:5,5
DA:7,5
DA:8,5
DA:9,5
DA:11,5
DA:12,0
DA:13,0
DA:14,0
DA:15,0
DA:16,0
DA:17,0
DA:18,0
DA:19,0
DA:20,0
DA:22,0
DA:23,0
DA:24,0
DA:28,5
DA:51,0
DA:57,1
DA:65,2
DA:125,2
LF:26
LH:13
BRDA:4,0,0,2
BRDA:4,0,1,2
BRDA:4,1,0,4
BRDA:4,1,1,4
BRDA:4,2,0,0
BRDA:4,2,1,2
BRDA:4,3,0,0
BRDA:4,3,1,2
BRDA:4,4,0,0
BRDA:4,4,1,2
BRDA:4,5,0,2
BRDA:4,5,1,2
BRDA:4,5,2,2
BRDA:4,6,0,0
BRDA:4,6,1,2
BRDA:4,7,0,2
BRDA:4,7,1,2
BRDA:4,7,2,0
BRDA:4,8,0,0
BRDA:4,8,1,2
BRDA:4,9,0,2
BRDA:4,9,1,2
BRDA:4,10,0,2
BRDA:4,10,1,2
BRDA:4,11,0,56
BRDA:4,11,1,0
BRDA:4,12,0,56
BRDA:4,12,1,56
BRDA:4,13,0,56
BRDA:4,13,1,0
BRDA:4,14,0,0
BRDA:4,14,1,56
BRDA:4,15,0,56
BRDA:4,15,1,56
BRDA:4,15,2,56
BRDA:4,16,0,2
BRDA:4,16,1,0
BRDA:4,17,0,15
BRDA:4,17,1,0
BRDA:4,17,2,0
BRDA:4,17,3,0
BRDA:4,18,0,0
BRDA:4,18,1,0
BRDA:4,19,0,0
BRDA:4,19,1,0
BRDA:4,20,0,0
BRDA:4,20,1,0
BRDA:4,21,0,0
BRDA:4,21,1,0
BRDA:4,22,0,0
BRDA:4,22,1,0
BRDA:4,23,0,0
BRDA:4,23,1,0
BRDA:4,24,0,0
BRDA:4,24,1,0
BRDA:4,25,0,0
BRDA:4,25,1,0
BRDA:4,26,0,0
BRDA:4,26,1,0
BRDA:4,27,0,0
BRDA:4,27,1,0
BRDA:4,28,0,0
BRDA:4,28,1,0
BRDA:4,29,0,0
BRDA:4,29,1,0
BRDA:4,29,2,0
BRDA:4,30,0,0
BRDA:4,30,1,0
BRDA:4,31,0,0
BRDA:4,31,1,0
BRDA:4,32,0,0
BRDA:4,32,1,0
BRDA:4,33,0,0
BRDA:4,33,1,0
BRDA:4,34,0,0
BRDA:4,34,1,0
BRDA:4,35,0,0
BRDA:4,35,1,0
BRDA:4,36,0,15
BRDA:4,36,1,0
BRDA:13,37,0,0
BRDA:13,37,1,0
BRDA:13,38,0,0
BRDA:13,38,1,0
BRDA:13,38,2,0
BRDA:17,39,0,0
BRDA:17,39,1,0
BRDA:49,40,0,5
BRDA:49,40,1,0
BRDA:51,41,0,0
BRDA:51,41,1,0
BRF:91
BRH:30
end_of_record
TN:
SF:screen\Login.js
FN:7,_interopRequireDefault
FN:7,_getRequireWildcardCache
FN:7,_getRequireWildcardCache
FN:7,_interopRequireWildcard
FN:7,ownKeys
FN:7,(anonymous_5)
FN:7,_objectSpread
FN:7,(anonymous_7)
FN:7,(anonymous_8)
FN:7,_defineProperty
FN:7,_slicedToArray
FN:7,_nonIterableRest
FN:7,_unsupportedIterableToArray
FN:7,_arrayLikeToArray
FN:7,_iterableToArrayLimit
FN:7,_arrayWithHoles
FN:8,Login
FN:16,handleValidEmail
FN:32,handlePassword
FN:89,onPress
FN:103,onPress
FN:107,onPress
FNF:22
FNH:13
FNDA:9,_interopRequireDefault
FNDA:3,_getRequireWildcardCache
FNDA:3,_getRequireWildcardCache
FNDA:3,_interopRequireWildcard
FNDA:64,ownKeys
FNDA:0,(anonymous_5)
FNDA:64,_objectSpread
FNDA:128,(anonymous_7)
FNDA:0,(anonymous_8)
FNDA:128,_defineProperty
FNDA:48,_slicedToArray
FNDA:0,_nonIterableRest
FNDA:0,_unsupportedIterableToArray
FNDA:0,_arrayLikeToArray
FNDA:0,_iterableToArrayLimit
FNDA:48,_arrayWithHoles
FNDA:8,Login
FNDA:0,handleValidEmail
FNDA:0,handlePassword
FNDA:0,onPress
FNDA:1,onPress
FNDA:1,onPress
DA:1,3
DA:2,3
DA:4,3
DA:5,3
DA:6,3
DA:7,128
DA:8,8
DA:9,8
DA:10,8
DA:11,8
DA:13,8
DA:14,8
DA:15,8
DA:16,8
DA:17,0
DA:18,0
DA:19,0
DA:20,0
DA:21,0
DA:22,0
DA:23,0
DA:24,0
DA:25,0
DA:27,0
DA:28,0
DA:29,0
DA:32,8
DA:33,0
DA:34,0
DA:35,0
DA:36,0
DA:37,0
DA:38,0
DA:39,0
DA:40,0
DA:41,0
DA:43,0
DA:44,0
DA:45,0
DA:48,8
DA:90,0
DA:91,0
DA:103,1
DA:107,1
DA:126,3
DA:230,3
LF:46
LH:20
BRDA:7,0,0,6
BRDA:7,0,1,3
BRDA:7,1,0,9
BRDA:7,1,1,9
BRDA:7,2,0,0
BRDA:7,2,1,3
BRDA:7,3,0,0
BRDA:7,3,1,3
BRDA:7,4,0,0
BRDA:7,4,1,3
BRDA:7,5,0,3
BRDA:7,5,1,3
BRDA:7,5,2,3
BRDA:7,6,0,0
BRDA:7,6,1,3
BRDA:7,7,0,3
BRDA:7,7,1,3
BRDA:7,7,2,0
BRDA:7,8,0,0
BRDA:7,8,1,3
BRDA:7,9,0,3
BRDA:7,9,1,3
BRDA:7,10,0,3
BRDA:7,10,1,3
BRDA:7,11,0,84
BRDA:7,11,1,0
BRDA:7,12,0,84
BRDA:7,12,1,84
BRDA:7,13,0,84
BRDA:7,13,1,0
BRDA:7,14,0,0
BRDA:7,14,1,84
BRDA:7,15,0,84
BRDA:7,15,1,84
BRDA:7,15,2,84
BRDA:7,16,0,3
BRDA:7,16,1,0
BRDA:7,17,0,64
BRDA:7,17,1,0
BRDA:7,18,0,64
BRDA:7,18,1,64
BRDA:7,19,0,96
BRDA:7,19,1,0
BRDA:7,20,0,64
BRDA:7,20,1,32
BRDA:7,21,0,32
BRDA:7,21,1,0
BRDA:7,22,0,0
BRDA:7,22,1,128
BRDA:7,23,0,48
BRDA:7,23,1,0
BRDA:7,23,2,0
BRDA:7,23,3,0
BRDA:7,24,0,0
BRDA:7,24,1,0
BRDA:7,25,0,0
BRDA:7,25,1,0
BRDA:7,26,0,0
BRDA:7,26,1,0
BRDA:7,27,0,0
BRDA:7,27,1,0
BRDA:7,28,0,0
BRDA:7,28,1,0
BRDA:7,29,0,0
BRDA:7,29,1,0
BRDA:7,30,0,0
BRDA:7,30,1,0
BRDA:7,31,0,0
BRDA:7,31,1,0
BRDA:7,32,0,0
BRDA:7,32,1,0
BRDA:7,33,0,0
BRDA:7,33,1,0
BRDA:7,34,0,0
BRDA:7,34,1,0
BRDA:7,35,0,0
BRDA:7,35,1,0
BRDA:7,35,2,0
BRDA:7,36,0,0
BRDA:7,36,1,0
BRDA:7,37,0,0
BRDA:7,37,1,0
BRDA:7,38,0,0
BRDA:7,38,1,0
BRDA:7,39,0,0
BRDA:7,39,1,0
BRDA:7,40,0,0
BRDA:7,40,1,0
BRDA:7,41,0,0
BRDA:7,41,1,0
BRDA:7,42,0,48
BRDA:7,42,1,0
BRDA:18,43,0,0
BRDA:18,43,1,0
BRDA:18,44,0,0
BRDA:18,44,1,0
BRDA:18,44,2,0
BRDA:22,45,0,0
BRDA:22,45,1,0
BRDA:34,46,0,0
BRDA:34,46,1,0
BRDA:34,47,0,0
BRDA:34,47,1,0
BRDA:34,47,2,0
BRDA:38,48,0,0
BRDA:38,48,1,0
BRDA:71,49,0,8
BRDA:71,49,1,0
BRDA:87,50,0,8
BRDA:87,50,1,0
BRDA:90,51,0,0
BRDA:90,51,1,0
BRDA:90,52,0,0
BRDA:90,52,1,0
BRF:114
BRH:39
end_of_record
TN:
SF:screen\ProductDetail.js
FN:4,_interopRequireDefault
FN:4,ownKeys
FN:4,(anonymous_2)
FN:4,_objectSpread
FN:4,(anonymous_4)
FN:4,(anonymous_5)
FN:4,_defineProperty
FN:5,ProductDetail
FN:19,onPress
FN:24,onPress
FN:32,(anonymous_10)
FNF:11
FNH:1
FNDA:3,_interopRequireDefault
FNDA:0,ownKeys
FNDA:0,(anonymous_2)
FNDA:0,_objectSpread
FNDA:0,(anonymous_4)
FNDA:0,(anonymous_5)
FNDA:0,_defineProperty
FNDA:0,ProductDetail
FNDA:0,onPress
FNDA:0,onPress
FNDA:0,(anonymous_10)
DA:1,1
DA:2,1
DA:3,1
DA:4,3
DA:5,1
DA:6,0
DA:7,0
DA:8,0
DA:9,0
DA:11,0
DA:19,0
DA:24,0
DA:32,0
DA:33,0
DA:34,0
DA:35,0
DA:50,1
DA:102,1
LF:18
LH:7
BRDA:4,0,0,2
BRDA:4,0,1,1
BRDA:4,1,0,3
BRDA:4,1,1,3
BRDA:4,2,0,0
BRDA:4,2,1,0
BRDA:4,3,0,0
BRDA:4,3,1,0
BRDA:4,4,0,0
BRDA:4,4,1,0
BRDA:4,5,0,0
BRDA:4,5,1,0
BRDA:4,6,0,0
BRDA:4,6,1,0
BRDA:4,7,0,0
BRDA:4,7,1,0
BRDA:31,8,0,0
BRDA:31,8,1,0
BRDA:32,9,0,0
BRDA:32,9,1,0
BRDA:38,10,0,0
BRDA:38,10,1,0
BRF:22
BRH:4
end_of_record
TN:
SF:screen\Seperator.js
FN:3,_interopRequireDefault
FN:4,Seperator
FNF:2
FNH:1
FNDA:2,_interopRequireDefault
FNDA:0,Seperator
DA:1,1
DA:2,1
DA:3,2
DA:4,1
DA:5,0
DA:10,1
DA:12,1
LF:7
LH:6
BRDA:3,0,0,1
BRDA:3,0,1,1
BRDA:3,1,0,2
BRDA:3,1,1,2
BRF:4
BRH:4
end_of_record
TN:
SF:screen\Signup.js
FN:6,_interopRequireDefault
FN:6,_getRequireWildcardCache
FN:6,_getRequireWildcardCache
FN:6,_interopRequireWildcard
FN:6,_slicedToArray
FN:6,_nonIterableRest
FN:6,_unsupportedIterableToArray
FN:6,_arrayLikeToArray
FN:6,_iterableToArrayLimit
FN:6,_arrayWithHoles
FN:8,Signup
FN:24,handleName
FN:43,handleValidEmail
FN:59,handlePassword
FN:75,handlePasswordRetype
FN:163,onPress
FN:173,onPress
FNF:17
FNH:8
FNDA:6,_interopRequireDefault
FNDA:2,_getRequireWildcardCache
FNDA:2,_getRequireWildcardCache
FNDA:2,_interopRequireWildcard
FNDA:108,_slicedToArray
FNDA:0,_nonIterableRest
FNDA:0,_unsupportedIterableToArray
FNDA:0,_arrayLikeToArray
FNDA:0,_iterableToArrayLimit
FNDA:108,_arrayWithHoles
FNDA:9,Signup
FNDA:0,handleName
FNDA:0,handleValidEmail
FNDA:0,handlePassword
FNDA:0,handlePasswordRetype
FNDA:0,onPress
FNDA:1,onPress
DA:1,2
DA:2,2
DA:3,2
DA:4,2
DA:5,2
DA:6,108
DA:8,9
DA:9,9
DA:10,9
DA:11,9
DA:13,9
DA:14,9
DA:15,9
DA:17,9
DA:18,9
DA:19,9
DA:21,9
DA:22,9
DA:23,9
DA:24,9
DA:25,0
DA:27,0
DA:28,0
DA:29,0
DA:30,0
DA:31,0
DA:32,0
DA:33,0
DA:34,0
DA:35,0
DA:37,0
DA:38,0
DA:39,0
DA:43,9
DA:44,0
DA:45,0
DA:46,0
DA:47,0
DA:48,0
DA:49,0
DA:50,0
DA:51,0
DA:52,0
DA:54,0
DA:55,0
DA:56,0
DA:59,9
DA:60,0
DA:61,0
DA:62,0
DA:63,0
DA:64,0
DA:65,0
DA:66,0
DA:67,0
DA:68,0
DA:70,0
DA:71,0
DA:72,0
DA:75,9
DA:76,0
DA:77,0
DA:78,0
DA:79,0
DA:80,0
DA:81,0
DA:82,0
DA:83,0
DA:84,0
DA:85,0
DA:87,0
DA:88,0
DA:89,0
DA:92,9
DA:164,0
DA:165,0
DA:173,1
DA:181,2
DA:287,2
LF:79
LH:27
BRDA:6,0,0,4
BRDA:6,0,1,2
BRDA:6,1,0,6
BRDA:6,1,1,6
BRDA:6,2,0,0
BRDA:6,2,1,2
BRDA:6,3,0,0
BRDA:6,3,1,2
BRDA:6,4,0,0
BRDA:6,4,1,2
BRDA:6,5,0,2
BRDA:6,5,1,2
BRDA:6,5,2,2
BRDA:6,6,0,0
BRDA:6,6,1,2
BRDA:6,7,0,2
BRDA:6,7,1,2
BRDA:6,7,2,0
BRDA:6,8,0,0
BRDA:6,8,1,2
BRDA:6,9,0,2
BRDA:6,9,1,2
BRDA:6,10,0,2
BRDA:6,10,1,2
BRDA:6,11,0,56
BRDA:6,11,1,0
BRDA:6,12,0,56
BRDA:6,12,1,56
BRDA:6,13,0,56
BRDA:6,13,1,0
BRDA:6,14,0,0
BRDA:6,14,1,56
BRDA:6,15,0,56
BRDA:6,15,1,56
BRDA:6,15,2,56
BRDA:6,16,0,2
BRDA:6,16,1,0
BRDA:6,17,0,108
BRDA:6,17,1,0
BRDA:6,17,2,0
BRDA:6,17,3,0
BRDA:6,18,0,0
BRDA:6,18,1,0
BRDA:6,19,0,0
BRDA:6,19,1,0
BRDA:6,20,0,0
BRDA:6,20,1,0
BRDA:6,21,0,0
BRDA:6,21,1,0
BRDA:6,22,0,0
BRDA:6,22,1,0
BRDA:6,23,0,0
BRDA:6,23,1,0
BRDA:6,24,0,0
BRDA:6,24,1,0
BRDA:6,25,0,0
BRDA:6,25,1,0
BRDA:6,26,0,0
BRDA:6,26,1,0
BRDA:6,27,0,0
BRDA:6,27,1,0
BRDA:6,28,0,0
BRDA:6,28,1,0
BRDA:6,29,0,0
BRDA:6,29,1,0
BRDA:6,29,2,0
BRDA:6,30,0,0
BRDA:6,30,1,0
BRDA:6,31,0,0
BRDA:6,31,1,0
BRDA:6,32,0,0
BRDA:6,32,1,0
BRDA:6,33,0,0
BRDA:6,33,1,0
BRDA:6,34,0,0
BRDA:6,34,1,0
BRDA:6,35,0,0
BRDA:6,35,1,0
BRDA:6,36,0,108
BRDA:6,36,1,0
BRDA:27,37,0,0
BRDA:27,37,1,0
BRDA:27,38,0,0
BRDA:27,38,1,0
BRDA:27,38,2,0
BRDA:31,39,0,0
BRDA:31,39,1,0
BRDA:45,40,0,0
BRDA:45,40,1,0
BRDA:45,41,0,0
BRDA:45,41,1,0
BRDA:45,41,2,0
BRDA:49,42,0,0
BRDA:49,42,1,0
BRDA:61,43,0,0
BRDA:61,43,1,0
BRDA:61,44,0,0
BRDA:61,44,1,0
BRDA:61,44,2,0
BRDA:65,45,0,0
BRDA:65,45,1,0
BRDA:77,46,0,0
BRDA:77,46,1,0
BRDA:77,47,0,0
BRDA:77,47,1,0
BRDA:77,47,2,0
BRDA:81,48,0,0
BRDA:81,48,1,0
BRDA:111,49,0,9
BRDA:111,49,1,0
BRDA:127,50,0,9
BRDA:127,50,1,0
BRDA:143,51,0,9
BRDA:143,51,1,0
BRDA:156,52,0,9
BRDA:156,52,1,0
BRDA:164,53,0,0
BRDA:164,53,1,0
BRDA:164,54,0,0
BRDA:164,54,1,0
BRDA:164,54,2,0
BRDA:164,54,3,0
BRF:122
BRH:33
end_of_record
TN:
SF:screen\Webview.js
FN:4,_interopRequireDefault
FN:5,Webview
FNF:2
FNH:1
FNDA:3,_interopRequireDefault
FNDA:0,Webview
DA:1,1
DA:2,1
DA:3,1
DA:4,3
DA:5,1
DA:7,0
DA:8,0
DA:10,0
DA:11,0
DA:26,1
DA:28,1
LF:11
LH:7
BRDA:4,0,0,2
BRDA:4,0,1,1
BRDA:4,1,0,3
BRDA:4,1,1,3
BRDA:8,2,0,0
BRDA:8,2,1,0
BRF:6
BRH:4
end_of_record
TN:
SF:screen\Webviewproduct.js
FN:4,_interopRequireDefault
FN:5,Webviewproduct
FNF:2
FNH:1
FNDA:3,_interopRequireDefault
FNDA:0,Webviewproduct
DA:1,1
DA:2,1
DA:3,1
DA:4,3
DA:5,1
DA:6,0
DA:7,0
DA:8,0
DA:9,0
DA:22,1
DA:24,1
LF:11
LH:7
BRDA:4,0,0,2
BRDA:4,0,1,1
BRDA:4,1,0,3
BRDA:4,1,1,3
BRDA:7,2,0,0
BRDA:7,2,1,0
BRF:6
BRH:4
end_of_record
