TN:
SF:App.js
FN:7,_interopRequireDefault
FN:7,_getRequireWildcardCache
FN:7,_getRequireWildcardCache
FN:7,_interopRequireWildcard
FN:10,App
FN:13,header
FNF:6
FNH:5
FNDA:4,_interopRequireDefault
FNDA:1,_getRequireWildcardCache
FNDA:1,_getRequireWildcardCache
FNDA:1,_interopRequireWildcard
FNDA:2,App
FNDA:0,header
DA:1,1
DA:2,1
DA:3,1
DA:4,1
DA:5,1
DA:6,1
DA:7,28
DA:9,1
DA:11,2
DA:13,0
LF:10
LH:9
BRDA:7,0,0,4
BRDA:7,0,1,0
BRDA:7,1,0,4
BRDA:7,1,1,4
BRDA:7,2,0,0
BRDA:7,2,1,1
BRDA:7,3,0,0
BRDA:7,3,1,1
BRDA:7,4,0,0
BRDA:7,4,1,1
BRDA:7,5,0,1
BRDA:7,5,1,1
BRDA:7,5,2,1
BRDA:7,6,0,0
BRDA:7,6,1,1
BRDA:7,7,0,1
BRDA:7,7,1,1
BRDA:7,7,2,0
BRDA:7,8,0,0
BRDA:7,8,1,1
BRDA:7,9,0,1
BRDA:7,9,1,1
BRDA:7,10,0,1
BRDA:7,10,1,1
BRDA:7,11,0,28
BRDA:7,11,1,0
BRDA:7,12,0,28
BRDA:7,12,1,28
BRDA:7,13,0,28
BRDA:7,13,1,0
BRDA:7,14,0,0
BRDA:7,14,1,28
BRDA:7,15,0,28
BRDA:7,15,1,28
BRDA:7,15,2,28
BRDA:7,16,0,1
BRDA:7,16,1,0
BRF:37
BRH:26
end_of_record
TN:
SF:constant\Colors.js
FNF:0
FNH:0
DA:1,4
DA:9,4
LF:2
LH:2
BRF:0
BRH:0
end_of_record
TN:
SF:screen\Forgotpassword.js
FN:4,_interopRequireDefault
FN:4,_getRequireWildcardCache
FN:4,_getRequireWildcardCache
FN:4,_interopRequireWildcard
FN:4,_slicedToArray
FN:4,_nonIterableRest
FN:4,_unsupportedIterableToArray
FN:4,_arrayLikeToArray
FN:4,_iterableToArrayLimit
FN:4,_arrayWithHoles
FN:5,Forgotpassword
FN:11,handleForgotPassword
FN:51,onPress
FN:57,onPress
FNF:14
FNH:8
FNDA:4,_interopRequireDefault
FNDA:2,_getRequireWildcardCache
FNDA:2,_getRequireWildcardCache
FNDA:2,_interopRequireWildcard
FNDA:15,_slicedToArray
FNDA:0,_nonIterableRest
FNDA:0,_unsupportedIterableToArray
FNDA:0,_arrayLikeToArray
FNDA:0,_iterableToArrayLimit
FNDA:15,_arrayWithHoles
FNDA:5,Forgotpassword
FNDA:0,handleForgotPassword
FNDA:0,onPress
FNDA:1,onPress
DA:1,2
DA:2,2
DA:3,2
DA:4,56
DA:5,5
DA:7,5
DA:8,5
DA:9,5
DA:11,5
DA:12,0
DA:13,0
DA:14,0
DA:15,0
DA:16,0
DA:17,0
DA:18,0
DA:19,0
DA:20,0
DA:22,0
DA:23,0
DA:24,0
DA:28,5
DA:51,0
DA:57,1
DA:65,2
DA:125,2
LF:26
LH:13
BRDA:4,0,0,2
BRDA:4,0,1,2
BRDA:4,1,0,4
BRDA:4,1,1,4
BRDA:4,2,0,0
BRDA:4,2,1,2
BRDA:4,3,0,0
BRDA:4,3,1,2
BRDA:4,4,0,0
BRDA:4,4,1,2
BRDA:4,5,0,2
BRDA:4,5,1,2
BRDA:4,5,2,2
BRDA:4,6,0,0
BRDA:4,6,1,2
BRDA:4,7,0,2
BRDA:4,7,1,2
BRDA:4,7,2,0
BRDA:4,8,0,0
BRDA:4,8,1,2
BRDA:4,9,0,2
BRDA:4,9,1,2
BRDA:4,10,0,2
BRDA:4,10,1,2
BRDA:4,11,0,56
BRDA:4,11,1,0
BRDA:4,12,0,56
BRDA:4,12,1,56
BRDA:4,13,0,56
BRDA:4,13,1,0
BRDA:4,14,0,0
BRDA:4,14,1,56
BRDA:4,15,0,56
BRDA:4,15,1,56
BRDA:4,15,2,56
BRDA:4,16,0,2
BRDA:4,16,1,0
BRDA:4,17,0,15
BRDA:4,17,1,0
BRDA:4,17,2,0
BRDA:4,17,3,0
BRDA:4,18,0,0
BRDA:4,18,1,0
BRDA:4,19,0,0
BRDA:4,19,1,0
BRDA:4,20,0,0
BRDA:4,20,1,0
BRDA:4,21,0,0
BRDA:4,21,1,0
BRDA:4,22,0,0
BRDA:4,22,1,0
BRDA:4,23,0,0
BRDA:4,23,1,0
BRDA:4,24,0,0
BRDA:4,24,1,0
BRDA:4,25,0,0
BRDA:4,25,1,0
BRDA:4,26,0,0
BRDA:4,26,1,0
BRDA:4,27,0,0
BRDA:4,27,1,0
BRDA:4,28,0,0
BRDA:4,28,1,0
BRDA:4,29,0,0
BRDA:4,29,1,0
BRDA:4,29,2,0
BRDA:4,30,0,0
BRDA:4,30,1,0
BRDA:4,31,0,0
BRDA:4,31,1,0
BRDA:4,32,0,0
BRDA:4,32,1,0
BRDA:4,33,0,0
BRDA:4,33,1,0
BRDA:4,34,0,0
BRDA:4,34,1,0
BRDA:4,35,0,0
BRDA:4,35,1,0
BRDA:4,36,0,15
BRDA:4,36,1,0
BRDA:13,37,0,0
BRDA:13,37,1,0
BRDA:13,38,0,0
BRDA:13,38,1,0
BRDA:13,38,2,0
BRDA:17,39,0,0
BRDA:17,39,1,0
BRDA:49,40,0,5
BRDA:49,40,1,0
BRDA:51,41,0,0
BRDA:51,41,1,0
BRF:91
BRH:30
end_of_record
TN:
SF:screen\Login.js
FN:6,_interopRequireDefault
FN:6,_getRequireWildcardCache
FN:6,_getRequireWildcardCache
FN:6,_interopRequireWildcard
FN:6,ownKeys
FN:6,(anonymous_5)
FN:6,_objectSpread
FN:6,(anonymous_7)
FN:6,(anonymous_8)
FN:6,_defineProperty
FN:6,_slicedToArray
FN:6,_nonIterableRest
FN:6,_unsupportedIterableToArray
FN:6,_arrayLikeToArray
FN:6,_iterableToArrayLimit
FN:6,_arrayWithHoles
FN:8,Login
FN:16,handleValidEmail
FN:32,handlePassword
FN:89,onPress
FN:103,onPress
FN:107,onPress
FNF:22
FNH:13
FNDA:6,_interopRequireDefault
FNDA:3,_getRequireWildcardCache
FNDA:3,_getRequireWildcardCache
FNDA:3,_interopRequireWildcard
FNDA:64,ownKeys
FNDA:0,(anonymous_5)
FNDA:64,_objectSpread
FNDA:128,(anonymous_7)
FNDA:0,(anonymous_8)
FNDA:128,_defineProperty
FNDA:48,_slicedToArray
FNDA:0,_nonIterableRest
FNDA:0,_unsupportedIterableToArray
FNDA:0,_arrayLikeToArray
FNDA:0,_iterableToArrayLimit
FNDA:48,_arrayWithHoles
FNDA:8,Login
FNDA:0,handleValidEmail
FNDA:0,handlePassword
FNDA:0,onPress
FNDA:1,onPress
FNDA:1,onPress
DA:1,3
DA:2,3
DA:4,3
DA:5,3
DA:6,128
DA:8,8
DA:9,8
DA:10,8
DA:11,8
DA:13,8
DA:14,8
DA:15,8
DA:16,8
DA:17,0
DA:18,0
DA:19,0
DA:20,0
DA:21,0
DA:22,0
DA:23,0
DA:24,0
DA:25,0
DA:27,0
DA:28,0
DA:29,0
DA:32,8
DA:33,0
DA:34,0
DA:35,0
DA:36,0
DA:37,0
DA:38,0
DA:39,0
DA:40,0
DA:41,0
DA:43,0
DA:44,0
DA:45,0
DA:48,8
DA:90,0
DA:91,0
DA:103,1
DA:107,1
DA:126,3
DA:219,3
LF:45
LH:19
BRDA:6,0,0,3
BRDA:6,0,1,3
BRDA:6,1,0,6
BRDA:6,1,1,6
BRDA:6,2,0,0
BRDA:6,2,1,3
BRDA:6,3,0,0
BRDA:6,3,1,3
BRDA:6,4,0,0
BRDA:6,4,1,3
BRDA:6,5,0,3
BRDA:6,5,1,3
BRDA:6,5,2,3
BRDA:6,6,0,0
BRDA:6,6,1,3
BRDA:6,7,0,3
BRDA:6,7,1,3
BRDA:6,7,2,0
BRDA:6,8,0,0
BRDA:6,8,1,3
BRDA:6,9,0,3
BRDA:6,9,1,3
BRDA:6,10,0,3
BRDA:6,10,1,3
BRDA:6,11,0,84
BRDA:6,11,1,0
BRDA:6,12,0,84
BRDA:6,12,1,84
BRDA:6,13,0,84
BRDA:6,13,1,0
BRDA:6,14,0,0
BRDA:6,14,1,84
BRDA:6,15,0,84
BRDA:6,15,1,84
BRDA:6,15,2,84
BRDA:6,16,0,3
BRDA:6,16,1,0
BRDA:6,17,0,64
BRDA:6,17,1,0
BRDA:6,18,0,64
BRDA:6,18,1,64
BRDA:6,19,0,96
BRDA:6,19,1,0
BRDA:6,20,0,64
BRDA:6,20,1,32
BRDA:6,21,0,32
BRDA:6,21,1,0
BRDA:6,22,0,0
BRDA:6,22,1,128
BRDA:6,23,0,48
BRDA:6,23,1,0
BRDA:6,23,2,0
BRDA:6,23,3,0
BRDA:6,24,0,0
BRDA:6,24,1,0
BRDA:6,25,0,0
BRDA:6,25,1,0
BRDA:6,26,0,0
BRDA:6,26,1,0
BRDA:6,27,0,0
BRDA:6,27,1,0
BRDA:6,28,0,0
BRDA:6,28,1,0
BRDA:6,29,0,0
BRDA:6,29,1,0
BRDA:6,30,0,0
BRDA:6,30,1,0
BRDA:6,31,0,0
BRDA:6,31,1,0
BRDA:6,32,0,0
BRDA:6,32,1,0
BRDA:6,33,0,0
BRDA:6,33,1,0
BRDA:6,34,0,0
BRDA:6,34,1,0
BRDA:6,35,0,0
BRDA:6,35,1,0
BRDA:6,35,2,0
BRDA:6,36,0,0
BRDA:6,36,1,0
BRDA:6,37,0,0
BRDA:6,37,1,0
BRDA:6,38,0,0
BRDA:6,38,1,0
BRDA:6,39,0,0
BRDA:6,39,1,0
BRDA:6,40,0,0
BRDA:6,40,1,0
BRDA:6,41,0,0
BRDA:6,41,1,0
BRDA:6,42,0,48
BRDA:6,42,1,0
BRDA:18,43,0,0
BRDA:18,43,1,0
BRDA:18,44,0,0
BRDA:18,44,1,0
BRDA:18,44,2,0
BRDA:22,45,0,0
BRDA:22,45,1,0
BRDA:34,46,0,0
BRDA:34,46,1,0
BRDA:34,47,0,0
BRDA:34,47,1,0
BRDA:34,47,2,0
BRDA:38,48,0,0
BRDA:38,48,1,0
BRDA:71,49,0,8
BRDA:71,49,1,0
BRDA:87,50,0,8
BRDA:87,50,1,0
BRDA:90,51,0,0
BRDA:90,51,1,0
BRDA:90,52,0,0
BRDA:90,52,1,0
BRF:114
BRH:39
end_of_record
TN:
SF:screen\Signup.js
FN:5,_interopRequireDefault
FN:5,_getRequireWildcardCache
FN:5,_getRequireWildcardCache
FN:5,_interopRequireWildcard
FN:5,_slicedToArray
FN:5,_nonIterableRest
FN:5,_unsupportedIterableToArray
FN:5,_arrayLikeToArray
FN:5,_iterableToArrayLimit
FN:5,_arrayWithHoles
FN:6,Signup
FN:22,handleName
FN:41,handleValidEmail
FN:57,handlePassword
FN:73,handlePasswordRetype
FN:161,onPress
FN:171,onPress
FNF:17
FNH:8
FNDA:4,_interopRequireDefault
FNDA:2,_getRequireWildcardCache
FNDA:2,_getRequireWildcardCache
FNDA:2,_interopRequireWildcard
FNDA:108,_slicedToArray
FNDA:0,_nonIterableRest
FNDA:0,_unsupportedIterableToArray
FNDA:0,_arrayLikeToArray
FNDA:0,_iterableToArrayLimit
FNDA:108,_arrayWithHoles
FNDA:9,Signup
FNDA:0,handleName
FNDA:0,handleValidEmail
FNDA:0,handlePassword
FNDA:0,handlePasswordRetype
FNDA:0,onPress
FNDA:1,onPress
DA:1,2
DA:2,2
DA:3,2
DA:4,2
DA:5,108
DA:6,9
DA:7,9
DA:8,9
DA:9,9
DA:11,9
DA:12,9
DA:13,9
DA:15,9
DA:16,9
DA:17,9
DA:19,9
DA:20,9
DA:21,9
DA:22,9
DA:23,0
DA:25,0
DA:26,0
DA:27,0
DA:28,0
DA:29,0
DA:30,0
DA:31,0
DA:32,0
DA:33,0
DA:35,0
DA:36,0
DA:37,0
DA:41,9
DA:42,0
DA:43,0
DA:44,0
DA:45,0
DA:46,0
DA:47,0
DA:48,0
DA:49,0
DA:50,0
DA:52,0
DA:53,0
DA:54,0
DA:57,9
DA:58,0
DA:59,0
DA:60,0
DA:61,0
DA:62,0
DA:63,0
DA:64,0
DA:65,0
DA:66,0
DA:68,0
DA:69,0
DA:70,0
DA:73,9
DA:74,0
DA:75,0
DA:76,0
DA:77,0
DA:78,0
DA:79,0
DA:80,0
DA:81,0
DA:82,0
DA:83,0
DA:85,0
DA:86,0
DA:87,0
DA:90,9
DA:162,0
DA:163,0
DA:171,1
DA:179,2
DA:281,2
LF:78
LH:26
BRDA:5,0,0,2
BRDA:5,0,1,2
BRDA:5,1,0,4
BRDA:5,1,1,4
BRDA:5,2,0,0
BRDA:5,2,1,2
BRDA:5,3,0,0
BRDA:5,3,1,2
BRDA:5,4,0,0
BRDA:5,4,1,2
BRDA:5,5,0,2
BRDA:5,5,1,2
BRDA:5,5,2,2
BRDA:5,6,0,0
BRDA:5,6,1,2
BRDA:5,7,0,2
BRDA:5,7,1,2
BRDA:5,7,2,0
BRDA:5,8,0,0
BRDA:5,8,1,2
BRDA:5,9,0,2
BRDA:5,9,1,2
BRDA:5,10,0,2
BRDA:5,10,1,2
BRDA:5,11,0,56
BRDA:5,11,1,0
BRDA:5,12,0,56
BRDA:5,12,1,56
BRDA:5,13,0,56
BRDA:5,13,1,0
BRDA:5,14,0,0
BRDA:5,14,1,56
BRDA:5,15,0,56
BRDA:5,15,1,56
BRDA:5,15,2,56
BRDA:5,16,0,2
BRDA:5,16,1,0
BRDA:5,17,0,108
BRDA:5,17,1,0
BRDA:5,17,2,0
BRDA:5,17,3,0
BRDA:5,18,0,0
BRDA:5,18,1,0
BRDA:5,19,0,0
BRDA:5,19,1,0
BRDA:5,20,0,0
BRDA:5,20,1,0
BRDA:5,21,0,0
BRDA:5,21,1,0
BRDA:5,22,0,0
BRDA:5,22,1,0
BRDA:5,23,0,0
BRDA:5,23,1,0
BRDA:5,24,0,0
BRDA:5,24,1,0
BRDA:5,25,0,0
BRDA:5,25,1,0
BRDA:5,26,0,0
BRDA:5,26,1,0
BRDA:5,27,0,0
BRDA:5,27,1,0
BRDA:5,28,0,0
BRDA:5,28,1,0
BRDA:5,29,0,0
BRDA:5,29,1,0
BRDA:5,29,2,0
BRDA:5,30,0,0
BRDA:5,30,1,0
BRDA:5,31,0,0
BRDA:5,31,1,0
BRDA:5,32,0,0
BRDA:5,32,1,0
BRDA:5,33,0,0
BRDA:5,33,1,0
BRDA:5,34,0,0
BRDA:5,34,1,0
BRDA:5,35,0,0
BRDA:5,35,1,0
BRDA:5,36,0,108
BRDA:5,36,1,0
BRDA:25,37,0,0
BRDA:25,37,1,0
BRDA:25,38,0,0
BRDA:25,38,1,0
BRDA:25,38,2,0
BRDA:29,39,0,0
BRDA:29,39,1,0
BRDA:43,40,0,0
BRDA:43,40,1,0
BRDA:43,41,0,0
BRDA:43,41,1,0
BRDA:43,41,2,0
BRDA:47,42,0,0
BRDA:47,42,1,0
BRDA:59,43,0,0
BRDA:59,43,1,0
BRDA:59,44,0,0
BRDA:59,44,1,0
BRDA:59,44,2,0
BRDA:63,45,0,0
BRDA:63,45,1,0
BRDA:75,46,0,0
BRDA:75,46,1,0
BRDA:75,47,0,0
BRDA:75,47,1,0
BRDA:75,47,2,0
BRDA:79,48,0,0
BRDA:79,48,1,0
BRDA:109,49,0,9
BRDA:109,49,1,0
BRDA:125,50,0,9
BRDA:125,50,1,0
BRDA:141,51,0,9
BRDA:141,51,1,0
BRDA:154,52,0,9
BRDA:154,52,1,0
BRDA:162,53,0,0
BRDA:162,53,1,0
BRDA:162,54,0,0
BRDA:162,54,1,0
BRDA:162,54,2,0
BRDA:162,54,3,0
BRF:122
BRH:33
end_of_record
